[ 2017-09-02T15:53:08+08:00 ] ::1 /zuji/index.php?c=main&a=searchtouristarea&nationname=
INFO: [ app_init ] --START--
INFO: Run Behavior\BuildLiteBehavior [ RunTime:0.000115s ]
INFO: [ app_init ] --END-- [ RunTime:0.018700s ]
INFO: [ app_begin ] --START--
INFO: Run Behavior\ReadHtmlCacheBehavior [ RunTime:0.012147s ]
INFO: [ app_begin ] --END-- [ RunTime:0.012563s ]
NOTIC: [8] Undefined index: page E:\Demo\zuji\Application\Home\Controller\MainController.class.php 第 425 行.
SQL: select touristarea.* from touristarea,nation where nation.n_id = touristarea.n_id and n_name = '' [ RunTime:0.0086s ]

[ 2017-09-02T15:53:28+08:00 ] ::1 /zuji/index.php?c=main&a=searchtouristarea&nationname=%E8%8B%97%E6%97%8F
INFO: [ app_init ] --START--
INFO: Run Behavior\BuildLiteBehavior [ RunTime:0.000030s ]
INFO: [ app_init ] --END-- [ RunTime:0.000602s ]
INFO: [ app_begin ] --START--
INFO: Run Behavior\ReadHtmlCacheBehavior [ RunTime:0.000813s ]
INFO: [ app_begin ] --END-- [ RunTime:0.000941s ]
NOTIC: [8] Undefined index: page E:\Demo\zuji\Application\Home\Controller\MainController.class.php 第 425 行.
SQL: select touristarea.* from touristarea,nation where nation.n_id = touristarea.n_id and n_name = '苗族' [ RunTime:0.0004s ]

[ 2017-09-02T15:53:41+08:00 ] ::1 /zuji/index.php?c=main&a=searchtouristarea&nationname=%E5%A3%AE%E6%97%8F
INFO: [ app_init ] --START--
INFO: Run Behavior\BuildLiteBehavior [ RunTime:0.000028s ]
INFO: [ app_init ] --END-- [ RunTime:0.000626s ]
INFO: [ app_begin ] --START--
INFO: Run Behavior\ReadHtmlCacheBehavior [ RunTime:0.000638s ]
INFO: [ app_begin ] --END-- [ RunTime:0.000745s ]
NOTIC: [8] Undefined index: page E:\Demo\zuji\Application\Home\Controller\MainController.class.php 第 425 行.
SQL: select touristarea.* from touristarea,nation where nation.n_id = touristarea.n_id and n_name = '壮族' [ RunTime:0.0005s ]

[ 2017-09-02T16:09:10+08:00 ] ::1 /zuji/index.php?c=main&a=searchtouristarea&nationname=
INFO: [ app_init ] --START--
INFO: Run Behavior\BuildLiteBehavior [ RunTime:0.000028s ]
INFO: [ app_init ] --END-- [ RunTime:0.000696s ]
INFO: [ app_begin ] --START--
INFO: Run Behavior\ReadHtmlCacheBehavior [ RunTime:0.000937s ]
INFO: [ app_begin ] --END-- [ RunTime:0.001079s ]
NOTIC: [8] Undefined index: page E:\Demo\zuji\Application\Home\Controller\MainController.class.php 第 425 行.
SQL: select touristarea.* from touristarea,nation where nation.n_id = touristarea.n_id and n_name = '' [ RunTime:0.0005s ]

[ 2017-09-02T16:09:25+08:00 ] ::1 /zuji/index.php?c=main&a=searchtouristarea&nationname=
INFO: [ app_init ] --START--
INFO: Run Behavior\BuildLiteBehavior [ RunTime:0.000027s ]
INFO: [ app_init ] --END-- [ RunTime:0.000599s ]
INFO: [ app_begin ] --START--
INFO: Run Behavior\ReadHtmlCacheBehavior [ RunTime:0.000606s ]
INFO: [ app_begin ] --END-- [ RunTime:0.000719s ]
NOTIC: [8] Undefined index: page E:\Demo\zuji\Application\Home\Controller\MainController.class.php 第 425 行.
SQL: select touristarea.* from touristarea,nation where nation.n_id = touristarea.n_id and n_name = '' [ RunTime:0.0004s ]

[ 2017-09-02T16:09:30+08:00 ] ::1 /zuji/index.php?c=main&a=searchtouristarea&nationname=
INFO: [ app_init ] --START--
INFO: Run Behavior\BuildLiteBehavior [ RunTime:0.000026s ]
INFO: [ app_init ] --END-- [ RunTime:0.000643s ]
INFO: [ app_begin ] --START--
INFO: Run Behavior\ReadHtmlCacheBehavior [ RunTime:0.000739s ]
INFO: [ app_begin ] --END-- [ RunTime:0.000856s ]
NOTIC: [8] Undefined index: page E:\Demo\zuji\Application\Home\Controller\MainController.class.php 第 425 行.
SQL: select touristarea.* from touristarea,nation where nation.n_id = touristarea.n_id and n_name = '' [ RunTime:0.0004s ]

[ 2017-09-02T16:09:39+08:00 ] ::1 /zuji/index.php?c=main&a=searchtouristarea&nationname=%E8%8B%97%E6%97%8F
INFO: [ app_init ] --START--
INFO: Run Behavior\BuildLiteBehavior [ RunTime:0.000029s ]
INFO: [ app_init ] --END-- [ RunTime:0.000618s ]
INFO: [ app_begin ] --START--
INFO: Run Behavior\ReadHtmlCacheBehavior [ RunTime:0.000612s ]
INFO: [ app_begin ] --END-- [ RunTime:0.000737s ]
NOTIC: [8] Undefined index: page E:\Demo\zuji\Application\Home\Controller\MainController.class.php 第 425 行.
SQL: select touristarea.* from touristarea,nation where nation.n_id = touristarea.n_id and n_name = '苗族' [ RunTime:0.0005s ]

[ 2017-09-02T16:09:42+08:00 ] ::1 /zuji/index.php?c=main&a=gettouristareabyid&t_id=4
INFO: [ app_init ] --START--
INFO: Run Behavior\BuildLiteBehavior [ RunTime:0.000041s ]
INFO: [ app_init ] --END-- [ RunTime:0.000785s ]
INFO: [ app_begin ] --START--
INFO: Run Behavior\ReadHtmlCacheBehavior [ RunTime:0.001023s ]
INFO: [ app_begin ] --END-- [ RunTime:0.001207s ]
SQL: select touristarea.t_id,touristarea.t_name,touristarea.t_renwen,touristarea.t_yinshi,touristarea.t_youji,touristarea.t_jianzhu,touristarea.t_cardimg, touristarea.longitude,touristarea.latitude,nation.n_id,nation.n_name,province.p_id,province.p_name from touristarea,nation,province where touristarea.n_id = nation.n_id and province.p_id = nation.p_id and touristarea.t_id = '4' [ RunTime:0.0005s ]
SQL: SHOW COLUMNS FROM `menu` [ RunTime:0.0076s ]
SQL: SELECT * FROM `menu` WHERE ( t_id = 4 and menu_type = 'custom' )  [ RunTime:0.0006s ]
SQL: SELECT * FROM `menu` WHERE ( t_id = 4 and menu_type = 'history' )  [ RunTime:0.0004s ]
SQL: SELECT * FROM `menu` WHERE ( t_id = 4 and menu_type = 'dress' )  [ RunTime:0.0004s ]
SQL: SELECT * FROM `menu` WHERE ( t_id = 4 and menu_type = 'artwork' )  [ RunTime:0.0004s ]
SQL: SELECT * FROM `menu` WHERE ( t_id = 4 and menu_type = 'building' )  [ RunTime:0.0004s ]
SQL: SELECT * FROM `menu` WHERE ( t_id = 4 and menu_type = 'diet' )  [ RunTime:0.0004s ]

[ 2017-09-02T16:09:46+08:00 ] ::1 /zuji/index.php?c=main&a=gettouristareabyid&t_id=4
INFO: [ app_init ] --START--
INFO: Run Behavior\BuildLiteBehavior [ RunTime:0.000044s ]
INFO: [ app_init ] --END-- [ RunTime:0.000730s ]
INFO: [ app_begin ] --START--
INFO: Run Behavior\ReadHtmlCacheBehavior [ RunTime:0.000736s ]
INFO: [ app_begin ] --END-- [ RunTime:0.000904s ]
SQL: select touristarea.t_id,touristarea.t_name,touristarea.t_renwen,touristarea.t_yinshi,touristarea.t_youji,touristarea.t_jianzhu,touristarea.t_cardimg, touristarea.longitude,touristarea.latitude,nation.n_id,nation.n_name,province.p_id,province.p_name from touristarea,nation,province where touristarea.n_id = nation.n_id and province.p_id = nation.p_id and touristarea.t_id = '4' [ RunTime:0.0004s ]
SQL: SHOW COLUMNS FROM `menu` [ RunTime:0.0092s ]
SQL: SELECT * FROM `menu` WHERE ( t_id = 4 and menu_type = 'custom' )  [ RunTime:0.0005s ]
SQL: SELECT * FROM `menu` WHERE ( t_id = 4 and menu_type = 'history' )  [ RunTime:0.0004s ]
SQL: SELECT * FROM `menu` WHERE ( t_id = 4 and menu_type = 'dress' )  [ RunTime:0.0004s ]
SQL: SELECT * FROM `menu` WHERE ( t_id = 4 and menu_type = 'artwork' )  [ RunTime:0.0004s ]
SQL: SELECT * FROM `menu` WHERE ( t_id = 4 and menu_type = 'building' )  [ RunTime:0.0005s ]
SQL: SELECT * FROM `menu` WHERE ( t_id = 4 and menu_type = 'diet' )  [ RunTime:0.0003s ]

[ 2017-09-02T16:09:46+08:00 ] ::1 /zuji/index.php?c=main&a=gettourmenu&t_id=4&type=humanities
INFO: [ app_init ] --START--
INFO: Run Behavior\BuildLiteBehavior [ RunTime:0.000041s ]
INFO: [ app_init ] --END-- [ RunTime:0.000809s ]
INFO: [ app_begin ] --START--
INFO: Run Behavior\ReadHtmlCacheBehavior [ RunTime:0.001023s ]
INFO: [ app_begin ] --END-- [ RunTime:0.001250s ]
SQL: SHOW COLUMNS FROM `menu` [ RunTime:0.0046s ]
SQL: SELECT * FROM `menu` WHERE ( t_id= 4 and menu_type = 'custom' )  [ RunTime:0.0003s ]
SQL: SELECT * FROM `menu` WHERE ( t_id= 4 and menu_type = 'history' )  [ RunTime:0.0003s ]
SQL: SELECT * FROM `menu` WHERE ( t_id= 4 and menu_type = 'dress' )  [ RunTime:0.0002s ]
SQL: SELECT * FROM `menu` WHERE ( t_id= 4 and menu_type = 'artwork' )  [ RunTime:0.0002s ]

[ 2017-09-02T16:10:55+08:00 ] ::1 /zuji/index.php?c=main&a=gettouristareabyid&t_id=4
INFO: [ app_init ] --START--
INFO: Run Behavior\BuildLiteBehavior [ RunTime:0.000040s ]
INFO: [ app_init ] --END-- [ RunTime:0.000699s ]
INFO: [ app_begin ] --START--
INFO: Run Behavior\ReadHtmlCacheBehavior [ RunTime:0.000692s ]
INFO: [ app_begin ] --END-- [ RunTime:0.000860s ]
SQL: select touristarea.t_id,touristarea.t_name,touristarea.t_renwen,touristarea.t_yinshi,touristarea.t_youji,touristarea.t_jianzhu,touristarea.t_cardimg, touristarea.longitude,touristarea.latitude,nation.n_id,nation.n_name,province.p_id,province.p_name from touristarea,nation,province where touristarea.n_id = nation.n_id and province.p_id = nation.p_id and touristarea.t_id = '4' [ RunTime:0.0006s ]
SQL: SHOW COLUMNS FROM `menu` [ RunTime:0.0097s ]
SQL: SELECT * FROM `menu` WHERE ( t_id = 4 and menu_type = 'custom' )  [ RunTime:0.0005s ]
SQL: SELECT * FROM `menu` WHERE ( t_id = 4 and menu_type = 'history' )  [ RunTime:0.0003s ]
SQL: SELECT * FROM `menu` WHERE ( t_id = 4 and menu_type = 'dress' )  [ RunTime:0.0003s ]
SQL: SELECT * FROM `menu` WHERE ( t_id = 4 and menu_type = 'artwork' )  [ RunTime:0.0004s ]
SQL: SELECT * FROM `menu` WHERE ( t_id = 4 and menu_type = 'building' )  [ RunTime:0.0003s ]
SQL: SELECT * FROM `menu` WHERE ( t_id = 4 and menu_type = 'diet' )  [ RunTime:0.0003s ]

[ 2017-09-02T16:10:55+08:00 ] ::1 /zuji/index.php?c=main&a=gettourmenu&t_id=4&type=humanities
INFO: [ app_init ] --START--
INFO: Run Behavior\BuildLiteBehavior [ RunTime:0.000038s ]
INFO: [ app_init ] --END-- [ RunTime:0.000702s ]
INFO: [ app_begin ] --START--
INFO: Run Behavior\ReadHtmlCacheBehavior [ RunTime:0.000863s ]
INFO: [ app_begin ] --END-- [ RunTime:0.001025s ]
SQL: SHOW COLUMNS FROM `menu` [ RunTime:0.0071s ]
SQL: SELECT * FROM `menu` WHERE ( t_id= 4 and menu_type = 'custom' )  [ RunTime:0.0014s ]
SQL: SELECT * FROM `menu` WHERE ( t_id= 4 and menu_type = 'history' )  [ RunTime:0.0004s ]
SQL: SELECT * FROM `menu` WHERE ( t_id= 4 and menu_type = 'dress' )  [ RunTime:0.0002s ]
SQL: SELECT * FROM `menu` WHERE ( t_id= 4 and menu_type = 'artwork' )  [ RunTime:0.0002s ]

[ 2017-09-02T16:17:34+08:00 ] ::1 /zuji/index.php?c=main&a=getw_gotourist&page=1
INFO: [ app_init ] --START--
INFO: Run Behavior\BuildLiteBehavior [ RunTime:0.000042s ]
INFO: [ app_init ] --END-- [ RunTime:0.000913s ]
INFO: [ app_begin ] --START--
INFO: Run Behavior\ReadHtmlCacheBehavior [ RunTime:0.000866s ]
INFO: [ app_begin ] --END-- [ RunTime:0.001026s ]
SQL: SHOW COLUMNS FROM `user` [ RunTime:0.0076s ]
SQL: SHOW COLUMNS FROM `user` [ RunTime:0.0058s ]
SQL: select touristarea.* from w_go,touristarea where w_go.t_id = touristarea.t_id and w_go.u_id = 1 [ RunTime:0.0166s ]

[ 2017-09-02T16:17:34+08:00 ] ::1 /zuji/index.php?c=main&a=geth_gotourist&page=1
INFO: [ app_init ] --START--
INFO: Run Behavior\BuildLiteBehavior [ RunTime:0.000039s ]
INFO: [ app_init ] --END-- [ RunTime:0.000707s ]
INFO: [ app_begin ] --START--
INFO: Run Behavior\ReadHtmlCacheBehavior [ RunTime:0.000878s ]
INFO: [ app_begin ] --END-- [ RunTime:0.001044s ]
SQL: SHOW COLUMNS FROM `user` [ RunTime:0.0077s ]
SQL: SHOW COLUMNS FROM `user` [ RunTime:0.0066s ]
SQL: select touristarea.*,h_go.score from h_go,touristarea where h_go.t_id = touristarea.t_id and h_go.u_id = 1 [ RunTime:0.0298s ]

[ 2017-09-02T16:17:34+08:00 ] ::1 /zuji/index.php?c=main&a=getarticlebyuid&page=1
INFO: [ app_init ] --START--
INFO: Run Behavior\BuildLiteBehavior [ RunTime:0.000038s ]
INFO: [ app_init ] --END-- [ RunTime:0.000765s ]
INFO: [ app_begin ] --START--
INFO: Run Behavior\ReadHtmlCacheBehavior [ RunTime:0.000880s ]
INFO: [ app_begin ] --END-- [ RunTime:0.001057s ]
SQL: SHOW COLUMNS FROM `article` [ RunTime:0.0064s ]
SQL: SHOW COLUMNS FROM `article` [ RunTime:0.0052s ]
SQL: SELECT * FROM `article` WHERE ( u_id=1 )  [ RunTime:0.0203s ]

[ 2017-09-02T16:17:34+08:00 ] ::1 /zuji/index.php?c=main&a=getdraftbyuid&page=1
INFO: [ app_init ] --START--
INFO: Run Behavior\BuildLiteBehavior [ RunTime:0.000037s ]
INFO: [ app_init ] --END-- [ RunTime:0.000797s ]
INFO: [ app_begin ] --START--
INFO: Run Behavior\ReadHtmlCacheBehavior [ RunTime:0.000864s ]
INFO: [ app_begin ] --END-- [ RunTime:0.001039s ]
SQL: SHOW COLUMNS FROM `draft` [ RunTime:0.0062s ]
SQL: SELECT * FROM `draft` WHERE ( u_id=1 )  [ RunTime:0.0134s ]

[ 2017-09-02T16:17:34+08:00 ] ::1 /zuji/index.php?c=main&a=getcollectarticle&page=1
INFO: [ app_init ] --START--
INFO: Run Behavior\BuildLiteBehavior [ RunTime:0.000036s ]
INFO: [ app_init ] --END-- [ RunTime:0.000682s ]
INFO: [ app_begin ] --START--
INFO: Run Behavior\ReadHtmlCacheBehavior [ RunTime:0.000911s ]
INFO: [ app_begin ] --END-- [ RunTime:0.001091s ]
SQL: SHOW COLUMNS FROM `user` [ RunTime:0.0069s ]
SQL: SHOW COLUMNS FROM `user` [ RunTime:0.0061s ]
SQL: select article.*, user.u_name, user.u_avatar from article,collect,user where collect.a_id = article.a_id and user.u_id = article.u_id and collect.u_id = 1 [ RunTime:0.0565s ]

[ 2017-09-02T16:17:34+08:00 ] ::1 /zuji/index.php?c=main&a=getuser
INFO: [ app_init ] --START--
INFO: Run Behavior\BuildLiteBehavior [ RunTime:0.000060s ]
INFO: [ app_init ] --END-- [ RunTime:0.000967s ]
INFO: [ app_begin ] --START--
INFO: Run Behavior\ReadHtmlCacheBehavior [ RunTime:0.000816s ]
INFO: [ app_begin ] --END-- [ RunTime:0.000976s ]
SQL: SHOW COLUMNS FROM `user` [ RunTime:0.0062s ]
SQL: SHOW COLUMNS FROM `user` [ RunTime:0.0045s ]
SQL: SELECT * FROM `user` WHERE ( u_id=1 ) LIMIT 1   [ RunTime:0.0003s ]

[ 2017-09-02T16:35:03+08:00 ] ::1 /zuji/index.php?c=main&a=gettouristareabyid&t_id=4
INFO: [ app_init ] --START--
INFO: Run Behavior\BuildLiteBehavior [ RunTime:0.000041s ]
INFO: [ app_init ] --END-- [ RunTime:0.000783s ]
INFO: [ app_begin ] --START--
INFO: Run Behavior\ReadHtmlCacheBehavior [ RunTime:0.000932s ]
INFO: [ app_begin ] --END-- [ RunTime:0.001102s ]
SQL: select touristarea.t_id,touristarea.t_name,touristarea.t_renwen,touristarea.t_yinshi,touristarea.t_youji,touristarea.t_jianzhu,touristarea.t_cardimg, touristarea.longitude,touristarea.latitude,nation.n_id,nation.n_name,province.p_id,province.p_name from touristarea,nation,province where touristarea.n_id = nation.n_id and province.p_id = nation.p_id and touristarea.t_id = '4' [ RunTime:0.0006s ]
SQL: SHOW COLUMNS FROM `menu` [ RunTime:0.0083s ]
SQL: SELECT * FROM `menu` WHERE ( t_id = 4 and menu_type = 'custom' )  [ RunTime:0.0005s ]
SQL: SELECT * FROM `menu` WHERE ( t_id = 4 and menu_type = 'history' )  [ RunTime:0.0005s ]
SQL: SELECT * FROM `menu` WHERE ( t_id = 4 and menu_type = 'dress' )  [ RunTime:0.0004s ]
SQL: SELECT * FROM `menu` WHERE ( t_id = 4 and menu_type = 'artwork' )  [ RunTime:0.0006s ]
SQL: SELECT * FROM `menu` WHERE ( t_id = 4 and menu_type = 'building' )  [ RunTime:0.0009s ]
SQL: SELECT * FROM `menu` WHERE ( t_id = 4 and menu_type = 'diet' )  [ RunTime:0.0007s ]

[ 2017-09-02T16:35:03+08:00 ] ::1 /zuji/index.php?c=main&a=gettourmenu&t_id=4&type=humanities
INFO: [ app_init ] --START--
INFO: Run Behavior\BuildLiteBehavior [ RunTime:0.000035s ]
INFO: [ app_init ] --END-- [ RunTime:0.000710s ]
INFO: [ app_begin ] --START--
INFO: Run Behavior\ReadHtmlCacheBehavior [ RunTime:0.000911s ]
INFO: [ app_begin ] --END-- [ RunTime:0.001071s ]
SQL: SHOW COLUMNS FROM `menu` [ RunTime:0.0076s ]
SQL: SELECT * FROM `menu` WHERE ( t_id= 4 and menu_type = 'custom' )  [ RunTime:0.0004s ]
SQL: SELECT * FROM `menu` WHERE ( t_id= 4 and menu_type = 'history' )  [ RunTime:0.0002s ]
SQL: SELECT * FROM `menu` WHERE ( t_id= 4 and menu_type = 'dress' )  [ RunTime:0.0002s ]
SQL: SELECT * FROM `menu` WHERE ( t_id= 4 and menu_type = 'artwork' )  [ RunTime:0.0002s ]

[ 2017-09-02T16:35:04+08:00 ] ::1 /zuji/index.php?c=main&a=gettouristareabyid&t_id=4
INFO: [ app_init ] --START--
INFO: Run Behavior\BuildLiteBehavior [ RunTime:0.000038s ]
INFO: [ app_init ] --END-- [ RunTime:0.000726s ]
INFO: [ app_begin ] --START--
INFO: Run Behavior\ReadHtmlCacheBehavior [ RunTime:0.001242s ]
INFO: [ app_begin ] --END-- [ RunTime:0.001459s ]
SQL: select touristarea.t_id,touristarea.t_name,touristarea.t_renwen,touristarea.t_yinshi,touristarea.t_youji,touristarea.t_jianzhu,touristarea.t_cardimg, touristarea.longitude,touristarea.latitude,nation.n_id,nation.n_name,province.p_id,province.p_name from touristarea,nation,province where touristarea.n_id = nation.n_id and province.p_id = nation.p_id and touristarea.t_id = '4' [ RunTime:0.0005s ]
SQL: SHOW COLUMNS FROM `menu` [ RunTime:0.0079s ]
SQL: SELECT * FROM `menu` WHERE ( t_id = 4 and menu_type = 'custom' )  [ RunTime:0.0005s ]
SQL: SELECT * FROM `menu` WHERE ( t_id = 4 and menu_type = 'history' )  [ RunTime:0.0003s ]
SQL: SELECT * FROM `menu` WHERE ( t_id = 4 and menu_type = 'dress' )  [ RunTime:0.0004s ]
SQL: SELECT * FROM `menu` WHERE ( t_id = 4 and menu_type = 'artwork' )  [ RunTime:0.0004s ]
SQL: SELECT * FROM `menu` WHERE ( t_id = 4 and menu_type = 'building' )  [ RunTime:0.0004s ]
SQL: SELECT * FROM `menu` WHERE ( t_id = 4 and menu_type = 'diet' )  [ RunTime:0.0004s ]

[ 2017-09-02T16:35:59+08:00 ] ::1 /zuji/index.php?c=main&a=searchmenu&type=humanities&keyword=%E8%8B%97%E6%97%8F
INFO: [ app_init ] --START--
INFO: Run Behavior\BuildLiteBehavior [ RunTime:0.000027s ]
INFO: [ app_init ] --END-- [ RunTime:0.000565s ]
INFO: [ app_begin ] --START--
INFO: Run Behavior\ReadHtmlCacheBehavior [ RunTime:0.000695s ]
INFO: [ app_begin ] --END-- [ RunTime:0.000811s ]
NOTIC: [8] Undefined index: page E:\Demo\zuji\Application\Home\Controller\MainController.class.php 第 390 行.
SQL: select * from menu where menu_type = 'custom' and menu_content like '%苗族%' order by menu_id asc [ RunTime:0.0005s ]
SQL: select * from menu where menu_type = 'history' and menu_content like '%苗族%' order by menu_id asc [ RunTime:0.0003s ]
SQL: select * from menu where menu_type = 'dress' and menu_content like '%苗族%' order by menu_id asc [ RunTime:0.0002s ]
SQL: select * from menu where menu_type = 'artwork' and menu_content like '%苗族%' order by menu_id asc [ RunTime:0.0003s ]

[ 2017-09-02T16:36:37+08:00 ] ::1 /zuji/index.php?c=main&a=searchmenu&type=humanities&keyword=%E8%8B%97%E6%97%8F
INFO: [ app_init ] --START--
INFO: Run Behavior\BuildLiteBehavior [ RunTime:0.000029s ]
INFO: [ app_init ] --END-- [ RunTime:0.000606s ]
INFO: [ app_begin ] --START--
INFO: Run Behavior\ReadHtmlCacheBehavior [ RunTime:0.000617s ]
INFO: [ app_begin ] --END-- [ RunTime:0.000720s ]
NOTIC: [8] Undefined index: page E:\Demo\zuji\Application\Home\Controller\MainController.class.php 第 390 行.
SQL: select * from menu where menu_type = 'custom' and menu_content like '%苗族%' order by menu_id asc [ RunTime:0.0004s ]
SQL: select * from menu where menu_type = 'history' and menu_content like '%苗族%' order by menu_id asc [ RunTime:0.0003s ]
SQL: select * from menu where menu_type = 'dress' and menu_content like '%苗族%' order by menu_id asc [ RunTime:0.0002s ]
SQL: select * from menu where menu_type = 'artwork' and menu_content like '%苗族%' order by menu_id asc [ RunTime:0.0003s ]

[ 2017-09-02T16:38:48+08:00 ] ::1 /zuji/index.php?c=main&a=searchmenu&type=humanities&keyword=%E8%8B%97%E6%97%8F
INFO: [ app_init ] --START--
INFO: Run Behavior\BuildLiteBehavior [ RunTime:0.000028s ]
INFO: [ app_init ] --END-- [ RunTime:0.000660s ]
INFO: [ app_begin ] --START--
INFO: Run Behavior\ReadHtmlCacheBehavior [ RunTime:0.000742s ]
INFO: [ app_begin ] --END-- [ RunTime:0.000902s ]
NOTIC: [8] Undefined index: page E:\Demo\zuji\Application\Home\Controller\MainController.class.php 第 390 行.
SQL: select * from menu where menu_type = 'custom' and menu_content like '%苗族%' order by menu_id asc [ RunTime:0.0004s ]
SQL: select * from menu where menu_type = 'history' and menu_content like '%苗族%' order by menu_id asc [ RunTime:0.0003s ]
SQL: select * from menu where menu_type = 'dress' and menu_content like '%苗族%' order by menu_id asc [ RunTime:0.0002s ]
SQL: select * from menu where menu_type = 'artwork' and menu_content like '%苗族%' order by menu_id asc [ RunTime:0.0003s ]

[ 2017-09-02T16:39:10+08:00 ] ::1 /zuji/index.php?c=main&a=searchmenu&type=humanities&keyword=%E8%8B%97%E6%97%8F
INFO: [ app_init ] --START--
INFO: Run Behavior\BuildLiteBehavior [ RunTime:0.000027s ]
INFO: [ app_init ] --END-- [ RunTime:0.000592s ]
INFO: [ app_begin ] --START--
INFO: Run Behavior\ReadHtmlCacheBehavior [ RunTime:0.000753s ]
INFO: [ app_begin ] --END-- [ RunTime:0.000861s ]
NOTIC: [8] Undefined index: page E:\Demo\zuji\Application\Home\Controller\MainController.class.php 第 390 行.
SQL: select * from menu where menu_type = 'custom' and menu_content like '%苗族%' order by menu_id asc [ RunTime:0.0004s ]
SQL: select * from menu where menu_type = 'history' and menu_content like '%苗族%' order by menu_id asc [ RunTime:0.0003s ]
SQL: select * from menu where menu_type = 'dress' and menu_content like '%苗族%' order by menu_id asc [ RunTime:0.0002s ]
SQL: select * from menu where menu_type = 'artwork' and menu_content like '%苗族%' order by menu_id asc [ RunTime:0.0003s ]

[ 2017-09-02T16:40:51+08:00 ] ::1 /zuji/index.php?c=main&a=searchmenu&type=humanities&keyword=
INFO: [ app_init ] --START--
INFO: Run Behavior\BuildLiteBehavior [ RunTime:0.000024s ]
INFO: [ app_init ] --END-- [ RunTime:0.000528s ]
INFO: [ app_begin ] --START--
INFO: Run Behavior\ReadHtmlCacheBehavior [ RunTime:0.000597s ]
INFO: [ app_begin ] --END-- [ RunTime:0.000697s ]
NOTIC: [8] Undefined index: page E:\Demo\zuji\Application\Home\Controller\MainController.class.php 第 390 行.
SQL: select * from menu where menu_type = 'custom' and menu_content like '%%' order by menu_id asc [ RunTime:0.0003s ]
SQL: select * from menu where menu_type = 'history' and menu_content like '%%' order by menu_id asc [ RunTime:0.0002s ]
SQL: select * from menu where menu_type = 'dress' and menu_content like '%%' order by menu_id asc [ RunTime:0.0002s ]
SQL: select * from menu where menu_type = 'artwork' and menu_content like '%%' order by menu_id asc [ RunTime:0.0002s ]

[ 2017-09-02T16:41:13+08:00 ] ::1 /zuji/index.php?c=main&a=searchtouristarea&nationname=%E8%8B%97%E6%97%8F
INFO: [ app_init ] --START--
INFO: Run Behavior\BuildLiteBehavior [ RunTime:0.000026s ]
INFO: [ app_init ] --END-- [ RunTime:0.000608s ]
INFO: [ app_begin ] --START--
INFO: Run Behavior\ReadHtmlCacheBehavior [ RunTime:0.000608s ]
INFO: [ app_begin ] --END-- [ RunTime:0.000734s ]
NOTIC: [8] Undefined index: page E:\Demo\zuji\Application\Home\Controller\MainController.class.php 第 425 行.
SQL: select touristarea.* from touristarea,nation where nation.n_id = touristarea.n_id and n_name = '苗族' [ RunTime:0.0005s ]

[ 2017-09-02T16:41:13+08:00 ] ::1 /zuji/index.php?c=main&a=searchmenu&type=humanities&keyword=%E8%8B%97%E6%97%8F
INFO: [ app_init ] --START--
INFO: Run Behavior\BuildLiteBehavior [ RunTime:0.000027s ]
INFO: [ app_init ] --END-- [ RunTime:0.000597s ]
INFO: [ app_begin ] --START--
INFO: Run Behavior\ReadHtmlCacheBehavior [ RunTime:0.000627s ]
INFO: [ app_begin ] --END-- [ RunTime:0.000733s ]
NOTIC: [8] Undefined index: page E:\Demo\zuji\Application\Home\Controller\MainController.class.php 第 390 行.
SQL: select * from menu where menu_type = 'custom' and menu_content like '%苗族%' order by menu_id asc [ RunTime:0.0004s ]
SQL: select * from menu where menu_type = 'history' and menu_content like '%苗族%' order by menu_id asc [ RunTime:0.0003s ]
SQL: select * from menu where menu_type = 'dress' and menu_content like '%苗族%' order by menu_id asc [ RunTime:0.0002s ]
SQL: select * from menu where menu_type = 'artwork' and menu_content like '%苗族%' order by menu_id asc [ RunTime:0.0002s ]

[ 2017-09-02T16:41:53+08:00 ] ::1 /zuji/index.php?c=main&a=searchmenu&type=humanities&keyword=
INFO: [ app_init ] --START--
INFO: Run Behavior\BuildLiteBehavior [ RunTime:0.000050s ]
INFO: [ app_init ] --END-- [ RunTime:0.000763s ]
INFO: [ app_begin ] --START--
INFO: Run Behavior\ReadHtmlCacheBehavior [ RunTime:0.001766s ]
INFO: [ app_begin ] --END-- [ RunTime:0.002062s ]
NOTIC: [8] Undefined index: page E:\Demo\zuji\Application\Home\Controller\MainController.class.php 第 390 行.
SQL: select * from menu where menu_type = 'custom' and menu_content like '%%' order by menu_id asc [ RunTime:0.0004s ]
SQL: select * from menu where menu_type = 'history' and menu_content like '%%' order by menu_id asc [ RunTime:0.0004s ]
SQL: select * from menu where menu_type = 'dress' and menu_content like '%%' order by menu_id asc [ RunTime:0.0003s ]
SQL: select * from menu where menu_type = 'artwork' and menu_content like '%%' order by menu_id asc [ RunTime:0.0002s ]

[ 2017-09-02T16:41:59+08:00 ] ::1 /zuji/index.php?c=main&a=searchtouristarea&nationname=%E8%8B%97%E6%97%8F
INFO: [ app_init ] --START--
INFO: Run Behavior\BuildLiteBehavior [ RunTime:0.000026s ]
INFO: [ app_init ] --END-- [ RunTime:0.000589s ]
INFO: [ app_begin ] --START--
INFO: Run Behavior\ReadHtmlCacheBehavior [ RunTime:0.000614s ]
INFO: [ app_begin ] --END-- [ RunTime:0.000706s ]
NOTIC: [8] Undefined index: page E:\Demo\zuji\Application\Home\Controller\MainController.class.php 第 425 行.
SQL: select touristarea.* from touristarea,nation where nation.n_id = touristarea.n_id and n_name = '苗族' [ RunTime:0.0004s ]

[ 2017-09-02T16:41:59+08:00 ] ::1 /zuji/index.php?c=main&a=searchmenu&type=humanities&keyword=%E8%8B%97%E6%97%8F
INFO: [ app_init ] --START--
INFO: Run Behavior\BuildLiteBehavior [ RunTime:0.000039s ]
INFO: [ app_init ] --END-- [ RunTime:0.000707s ]
INFO: [ app_begin ] --START--
INFO: Run Behavior\ReadHtmlCacheBehavior [ RunTime:0.000731s ]
INFO: [ app_begin ] --END-- [ RunTime:0.000887s ]
NOTIC: [8] Undefined index: page E:\Demo\zuji\Application\Home\Controller\MainController.class.php 第 390 行.
SQL: select * from menu where menu_type = 'custom' and menu_content like '%苗族%' order by menu_id asc [ RunTime:0.0004s ]
SQL: select * from menu where menu_type = 'history' and menu_content like '%苗族%' order by menu_id asc [ RunTime:0.0003s ]
SQL: select * from menu where menu_type = 'dress' and menu_content like '%苗族%' order by menu_id asc [ RunTime:0.0003s ]
SQL: select * from menu where menu_type = 'artwork' and menu_content like '%苗族%' order by menu_id asc [ RunTime:0.0003s ]

[ 2017-09-02T16:44:51+08:00 ] ::1 /zuji/index.php?c=main&a=searchmenu&type=humanities&keyword=
INFO: [ app_init ] --START--
INFO: Run Behavior\BuildLiteBehavior [ RunTime:0.000027s ]
INFO: [ app_init ] --END-- [ RunTime:0.000583s ]
INFO: [ app_begin ] --START--
INFO: Run Behavior\ReadHtmlCacheBehavior [ RunTime:0.000692s ]
INFO: [ app_begin ] --END-- [ RunTime:0.000811s ]
NOTIC: [8] Undefined index: page E:\Demo\zuji\Application\Home\Controller\MainController.class.php 第 390 行.
SQL: select * from menu where menu_type = 'custom' and menu_content like '%%' order by menu_id asc [ RunTime:0.0004s ]
SQL: select * from menu where menu_type = 'history' and menu_content like '%%' order by menu_id asc [ RunTime:0.0003s ]
SQL: select * from menu where menu_type = 'dress' and menu_content like '%%' order by menu_id asc [ RunTime:0.0003s ]
SQL: select * from menu where menu_type = 'artwork' and menu_content like '%%' order by menu_id asc [ RunTime:0.0005s ]

[ 2017-09-02T16:48:35+08:00 ] ::1 /zuji/index.php?c=main&a=searchmenu&type=humanities&keyword=
INFO: [ app_init ] --START--
INFO: Run Behavior\BuildLiteBehavior [ RunTime:0.000027s ]
INFO: [ app_init ] --END-- [ RunTime:0.000585s ]
INFO: [ app_begin ] --START--
INFO: Run Behavior\ReadHtmlCacheBehavior [ RunTime:0.000766s ]
INFO: [ app_begin ] --END-- [ RunTime:0.000890s ]
NOTIC: [8] Undefined index: page E:\Demo\zuji\Application\Home\Controller\MainController.class.php 第 390 行.
SQL: select * from menu where menu_type = 'custom' and menu_content like '%%' order by menu_id asc [ RunTime:0.0005s ]
SQL: select * from menu where menu_type = 'history' and menu_content like '%%' order by menu_id asc [ RunTime:0.0004s ]
SQL: select * from menu where menu_type = 'dress' and menu_content like '%%' order by menu_id asc [ RunTime:0.0003s ]
SQL: select * from menu where menu_type = 'artwork' and menu_content like '%%' order by menu_id asc [ RunTime:0.0005s ]

[ 2017-09-02T16:48:56+08:00 ] ::1 /zuji/index.php?c=main&a=searchmenu&type=humanities&keyword=
INFO: [ app_init ] --START--
INFO: Run Behavior\BuildLiteBehavior [ RunTime:0.000039s ]
INFO: [ app_init ] --END-- [ RunTime:0.000697s ]
INFO: [ app_begin ] --START--
INFO: Run Behavior\ReadHtmlCacheBehavior [ RunTime:0.000686s ]
INFO: [ app_begin ] --END-- [ RunTime:0.000850s ]
NOTIC: [8] Undefined index: page E:\Demo\zuji\Application\Home\Controller\MainController.class.php 第 390 行.
SQL: select * from menu where menu_type = 'custom' and menu_content like '%%' order by menu_id asc [ RunTime:0.0004s ]
SQL: select * from menu where menu_type = 'history' and menu_content like '%%' order by menu_id asc [ RunTime:0.0003s ]
SQL: select * from menu where menu_type = 'dress' and menu_content like '%%' order by menu_id asc [ RunTime:0.0003s ]
SQL: select * from menu where menu_type = 'artwork' and menu_content like '%%' order by menu_id asc [ RunTime:0.0003s ]

[ 2017-09-02T16:49:07+08:00 ] ::1 /zuji/index.php?c=main&a=searchmenu&type=humanities&keyword=
INFO: [ app_init ] --START--
INFO: Run Behavior\BuildLiteBehavior [ RunTime:0.000029s ]
INFO: [ app_init ] --END-- [ RunTime:0.000618s ]
INFO: [ app_begin ] --START--
INFO: Run Behavior\ReadHtmlCacheBehavior [ RunTime:0.000682s ]
INFO: [ app_begin ] --END-- [ RunTime:0.000797s ]
NOTIC: [8] Undefined index: page E:\Demo\zuji\Application\Home\Controller\MainController.class.php 第 390 行.
SQL: select * from menu where menu_type = 'custom' and menu_content like '%%' order by menu_id asc [ RunTime:0.0003s ]
SQL: select * from menu where menu_type = 'history' and menu_content like '%%' order by menu_id asc [ RunTime:0.0002s ]
SQL: select * from menu where menu_type = 'dress' and menu_content like '%%' order by menu_id asc [ RunTime:0.0002s ]
SQL: select * from menu where menu_type = 'artwork' and menu_content like '%%' order by menu_id asc [ RunTime:0.0003s ]

[ 2017-09-02T16:49:28+08:00 ] ::1 /zuji/index.php?c=main&a=searchmenu&type=humanities&keyword=
INFO: [ app_init ] --START--
INFO: Run Behavior\BuildLiteBehavior [ RunTime:0.000029s ]
INFO: [ app_init ] --END-- [ RunTime:0.000581s ]
INFO: [ app_begin ] --START--
INFO: Run Behavior\ReadHtmlCacheBehavior [ RunTime:0.001080s ]
INFO: [ app_begin ] --END-- [ RunTime:0.001268s ]
NOTIC: [8] Undefined index: page E:\Demo\zuji\Application\Home\Controller\MainController.class.php 第 390 行.
SQL: select * from menu where menu_type = 'custom' and menu_content like '%%' order by menu_id asc [ RunTime:0.0004s ]
SQL: select * from menu where menu_type = 'history' and menu_content like '%%' order by menu_id asc [ RunTime:0.0003s ]
SQL: select * from menu where menu_type = 'dress' and menu_content like '%%' order by menu_id asc [ RunTime:0.0003s ]
SQL: select * from menu where menu_type = 'artwork' and menu_content like '%%' order by menu_id asc [ RunTime:0.0003s ]

[ 2017-09-02T16:50:01+08:00 ] ::1 /zuji/index.php?c=main&a=searchmenu&type=humanities&keyword=
INFO: [ app_init ] --START--
INFO: Run Behavior\BuildLiteBehavior [ RunTime:0.000032s ]
INFO: [ app_init ] --END-- [ RunTime:0.000752s ]
INFO: [ app_begin ] --START--
INFO: Run Behavior\ReadHtmlCacheBehavior [ RunTime:0.000755s ]
INFO: [ app_begin ] --END-- [ RunTime:0.000881s ]
NOTIC: [8] Undefined index: page E:\Demo\zuji\Application\Home\Controller\MainController.class.php 第 390 行.
SQL: select * from menu where menu_type = 'custom' and menu_content like '%%' order by menu_id asc [ RunTime:0.0004s ]
SQL: select * from menu where menu_type = 'history' and menu_content like '%%' order by menu_id asc [ RunTime:0.0003s ]
SQL: select * from menu where menu_type = 'dress' and menu_content like '%%' order by menu_id asc [ RunTime:0.0003s ]
SQL: select * from menu where menu_type = 'artwork' and menu_content like '%%' order by menu_id asc [ RunTime:0.0003s ]

[ 2017-09-02T16:50:37+08:00 ] ::1 /zuji/index.php?c=main&a=searchmenu&type=humanities&keyword=
INFO: [ app_init ] --START--
INFO: Run Behavior\BuildLiteBehavior [ RunTime:0.000028s ]
INFO: [ app_init ] --END-- [ RunTime:0.000586s ]
INFO: [ app_begin ] --START--
INFO: Run Behavior\ReadHtmlCacheBehavior [ RunTime:0.000873s ]
INFO: [ app_begin ] --END-- [ RunTime:0.001026s ]
NOTIC: [8] Undefined index: page E:\Demo\zuji\Application\Home\Controller\MainController.class.php 第 390 行.
SQL: select * from menu where menu_type = 'custom' and menu_content like '%%' order by menu_id asc [ RunTime:0.0004s ]
SQL: select * from menu where menu_type = 'history' and menu_content like '%%' order by menu_id asc [ RunTime:0.0003s ]
SQL: select * from menu where menu_type = 'dress' and menu_content like '%%' order by menu_id asc [ RunTime:0.0003s ]
SQL: select * from menu where menu_type = 'artwork' and menu_content like '%%' order by menu_id asc [ RunTime:0.0002s ]

[ 2017-09-02T16:51:06+08:00 ] ::1 /zuji/index.php?c=main&a=searchmenu&type=humanities&keyword=
INFO: [ app_init ] --START--
INFO: Run Behavior\BuildLiteBehavior [ RunTime:0.000025s ]
INFO: [ app_init ] --END-- [ RunTime:0.000489s ]
INFO: [ app_begin ] --START--
INFO: Run Behavior\ReadHtmlCacheBehavior [ RunTime:0.000540s ]
INFO: [ app_begin ] --END-- [ RunTime:0.000643s ]
NOTIC: [8] Undefined index: page E:\Demo\zuji\Application\Home\Controller\MainController.class.php 第 390 行.
SQL: select * from menu where menu_type = 'custom' and menu_content like '%%' order by menu_id asc [ RunTime:0.0004s ]
SQL: select * from menu where menu_type = 'history' and menu_content like '%%' order by menu_id asc [ RunTime:0.0002s ]
SQL: select * from menu where menu_type = 'dress' and menu_content like '%%' order by menu_id asc [ RunTime:0.0002s ]
SQL: select * from menu where menu_type = 'artwork' and menu_content like '%%' order by menu_id asc [ RunTime:0.0002s ]

[ 2017-09-02T16:51:41+08:00 ] ::1 /zuji/index.php?c=main&a=searchmenu&type=humanities&keyword=
INFO: [ app_init ] --START--
INFO: Run Behavior\BuildLiteBehavior [ RunTime:0.000046s ]
INFO: [ app_init ] --END-- [ RunTime:0.000881s ]
INFO: [ app_begin ] --START--
INFO: Run Behavior\ReadHtmlCacheBehavior [ RunTime:0.000760s ]
INFO: [ app_begin ] --END-- [ RunTime:0.000907s ]
NOTIC: [8] Undefined index: page E:\Demo\zuji\Application\Home\Controller\MainController.class.php 第 390 行.
SQL: select * from menu where menu_type = 'custom' and menu_content like '%%' order by menu_id asc [ RunTime:0.0004s ]
SQL: select * from menu where menu_type = 'history' and menu_content like '%%' order by menu_id asc [ RunTime:0.0003s ]
SQL: select * from menu where menu_type = 'dress' and menu_content like '%%' order by menu_id asc [ RunTime:0.0002s ]
SQL: select * from menu where menu_type = 'artwork' and menu_content like '%%' order by menu_id asc [ RunTime:0.0003s ]

[ 2017-09-02T16:51:54+08:00 ] ::1 /zuji/index.php?c=main&a=searchmenu&type=humanities&keyword=
INFO: [ app_init ] --START--
INFO: Run Behavior\BuildLiteBehavior [ RunTime:0.000040s ]
INFO: [ app_init ] --END-- [ RunTime:0.000809s ]
INFO: [ app_begin ] --START--
INFO: Run Behavior\ReadHtmlCacheBehavior [ RunTime:0.000845s ]
INFO: [ app_begin ] --END-- [ RunTime:0.001023s ]
NOTIC: [8] Undefined index: page E:\Demo\zuji\Application\Home\Controller\MainController.class.php 第 390 行.
SQL: select * from menu where menu_type = 'custom' and menu_content like '%%' order by menu_id asc [ RunTime:0.0004s ]
SQL: select * from menu where menu_type = 'history' and menu_content like '%%' order by menu_id asc [ RunTime:0.0004s ]
SQL: select * from menu where menu_type = 'dress' and menu_content like '%%' order by menu_id asc [ RunTime:0.0003s ]
SQL: select * from menu where menu_type = 'artwork' and menu_content like '%%' order by menu_id asc [ RunTime:0.0003s ]

[ 2017-09-02T16:58:53+08:00 ] ::1 /zuji/index.php?c=main&a=searchmenu&type=humanities&keyword=
INFO: [ app_init ] --START--
INFO: Run Behavior\BuildLiteBehavior [ RunTime:0.000033s ]
INFO: [ app_init ] --END-- [ RunTime:0.000921s ]
INFO: [ app_begin ] --START--
INFO: Run Behavior\ReadHtmlCacheBehavior [ RunTime:0.001353s ]
INFO: [ app_begin ] --END-- [ RunTime:0.002260s ]
NOTIC: [8] Undefined index: page E:\Demo\zuji\Application\Home\Controller\MainController.class.php 第 390 行.
SQL: select * from menu where menu_type = 'custom' and menu_content like '%%' order by menu_id asc [ RunTime:0.0004s ]
SQL: select * from menu where menu_type = 'history' and menu_content like '%%' order by menu_id asc [ RunTime:0.0002s ]
SQL: select * from menu where menu_type = 'dress' and menu_content like '%%' order by menu_id asc [ RunTime:0.0002s ]
SQL: select * from menu where menu_type = 'artwork' and menu_content like '%%' order by menu_id asc [ RunTime:0.0002s ]

[ 2017-09-02T16:59:12+08:00 ] ::1 /zuji/index.php?c=main&a=gettouristareabyid&t_id=1
INFO: [ app_init ] --START--
INFO: Run Behavior\BuildLiteBehavior [ RunTime:0.000038s ]
INFO: [ app_init ] --END-- [ RunTime:0.000747s ]
INFO: [ app_begin ] --START--
INFO: Run Behavior\ReadHtmlCacheBehavior [ RunTime:0.000962s ]
INFO: [ app_begin ] --END-- [ RunTime:0.001140s ]
SQL: select touristarea.t_id,touristarea.t_name,touristarea.t_renwen,touristarea.t_yinshi,touristarea.t_youji,touristarea.t_jianzhu,touristarea.t_cardimg, touristarea.longitude,touristarea.latitude,nation.n_id,nation.n_name,province.p_id,province.p_name from touristarea,nation,province where touristarea.n_id = nation.n_id and province.p_id = nation.p_id and touristarea.t_id = '1' [ RunTime:0.0005s ]
SQL: SHOW COLUMNS FROM `menu` [ RunTime:0.0078s ]
SQL: SELECT * FROM `menu` WHERE ( t_id = 1 and menu_type = 'custom' )  [ RunTime:0.0005s ]
SQL: SELECT * FROM `menu` WHERE ( t_id = 1 and menu_type = 'history' )  [ RunTime:0.0005s ]
SQL: SELECT * FROM `menu` WHERE ( t_id = 1 and menu_type = 'dress' )  [ RunTime:0.0005s ]
SQL: SELECT * FROM `menu` WHERE ( t_id = 1 and menu_type = 'artwork' )  [ RunTime:0.0005s ]
SQL: SELECT * FROM `menu` WHERE ( t_id = 1 and menu_type = 'building' )  [ RunTime:0.0004s ]
SQL: SELECT * FROM `menu` WHERE ( t_id = 1 and menu_type = 'diet' )  [ RunTime:0.0005s ]

[ 2017-09-02T16:59:12+08:00 ] ::1 /zuji/index.php?c=main&a=gettourmenu&t_id=1&type=humanities
INFO: [ app_init ] --START--
INFO: Run Behavior\BuildLiteBehavior [ RunTime:0.000036s ]
INFO: [ app_init ] --END-- [ RunTime:0.000702s ]
INFO: [ app_begin ] --START--
INFO: Run Behavior\ReadHtmlCacheBehavior [ RunTime:0.000943s ]
INFO: [ app_begin ] --END-- [ RunTime:0.001125s ]
SQL: SHOW COLUMNS FROM `menu` [ RunTime:0.0077s ]
SQL: SELECT * FROM `menu` WHERE ( t_id= 1 and menu_type = 'custom' )  [ RunTime:0.0005s ]
SQL: SELECT * FROM `menu` WHERE ( t_id= 1 and menu_type = 'history' )  [ RunTime:0.0004s ]
SQL: SELECT * FROM `menu` WHERE ( t_id= 1 and menu_type = 'dress' )  [ RunTime:0.0003s ]
SQL: SELECT * FROM `menu` WHERE ( t_id= 1 and menu_type = 'artwork' )  [ RunTime:0.0004s ]

[ 2017-09-02T16:59:17+08:00 ] ::1 /zuji/index.php?c=main&a=searchmenu&type=humanities&keyword=
INFO: [ app_init ] --START--
INFO: Run Behavior\BuildLiteBehavior [ RunTime:0.000037s ]
INFO: [ app_init ] --END-- [ RunTime:0.000928s ]
INFO: [ app_begin ] --START--
INFO: Run Behavior\ReadHtmlCacheBehavior [ RunTime:0.000777s ]
INFO: [ app_begin ] --END-- [ RunTime:0.000943s ]
NOTIC: [8] Undefined index: page E:\Demo\zuji\Application\Home\Controller\MainController.class.php 第 390 行.
SQL: select * from menu where menu_type = 'custom' and menu_content like '%%' order by menu_id asc [ RunTime:0.0010s ]
SQL: select * from menu where menu_type = 'history' and menu_content like '%%' order by menu_id asc [ RunTime:0.0009s ]
SQL: select * from menu where menu_type = 'dress' and menu_content like '%%' order by menu_id asc [ RunTime:0.0003s ]
SQL: select * from menu where menu_type = 'artwork' and menu_content like '%%' order by menu_id asc [ RunTime:0.0003s ]

[ 2017-09-02T16:59:52+08:00 ] ::1 /zuji/index.php?c=main&a=searchmenu&type=humanities&keyword=
INFO: [ app_init ] --START--
INFO: Run Behavior\BuildLiteBehavior [ RunTime:0.000030s ]
INFO: [ app_init ] --END-- [ RunTime:0.000662s ]
INFO: [ app_begin ] --START--
INFO: Run Behavior\ReadHtmlCacheBehavior [ RunTime:0.000873s ]
INFO: [ app_begin ] --END-- [ RunTime:0.001002s ]
NOTIC: [8] Undefined index: page E:\Demo\zuji\Application\Home\Controller\MainController.class.php 第 390 行.
SQL: select * from menu where menu_type = 'custom' and menu_content like '%%' order by menu_id asc [ RunTime:0.0004s ]
SQL: select * from menu where menu_type = 'history' and menu_content like '%%' order by menu_id asc [ RunTime:0.0005s ]
SQL: select * from menu where menu_type = 'dress' and menu_content like '%%' order by menu_id asc [ RunTime:0.0004s ]
SQL: select * from menu where menu_type = 'artwork' and menu_content like '%%' order by menu_id asc [ RunTime:0.0003s ]

[ 2017-09-02T17:02:00+08:00 ] ::1 /zuji/index.php?c=main&a=searchmenu&type=humanities&keyword=
INFO: [ app_init ] --START--
INFO: Run Behavior\BuildLiteBehavior [ RunTime:0.000028s ]
INFO: [ app_init ] --END-- [ RunTime:0.000581s ]
INFO: [ app_begin ] --START--
INFO: Run Behavior\ReadHtmlCacheBehavior [ RunTime:0.000671s ]
INFO: [ app_begin ] --END-- [ RunTime:0.000782s ]
NOTIC: [8] Undefined index: page E:\Demo\zuji\Application\Home\Controller\MainController.class.php 第 390 行.
SQL: select * from menu where menu_type = 'custom' and menu_content like '%%' order by menu_id asc [ RunTime:0.0009s ]
SQL: select * from menu where menu_type = 'history' and menu_content like '%%' order by menu_id asc [ RunTime:0.0005s ]
SQL: select * from menu where menu_type = 'dress' and menu_content like '%%' order by menu_id asc [ RunTime:0.0004s ]
SQL: select * from menu where menu_type = 'artwork' and menu_content like '%%' order by menu_id asc [ RunTime:0.0005s ]

[ 2017-09-02T17:02:44+08:00 ] ::1 /zuji/index.php?c=main&a=searchmenu&type=humanities&keyword=
INFO: [ app_init ] --START--
INFO: Run Behavior\BuildLiteBehavior [ RunTime:0.000024s ]
INFO: [ app_init ] --END-- [ RunTime:0.000573s ]
INFO: [ app_begin ] --START--
INFO: Run Behavior\ReadHtmlCacheBehavior [ RunTime:0.000635s ]
INFO: [ app_begin ] --END-- [ RunTime:0.000743s ]
NOTIC: [8] Undefined index: page E:\Demo\zuji\Application\Home\Controller\MainController.class.php 第 390 行.
SQL: select * from menu where menu_type = 'custom' and menu_content like '%%' order by menu_id asc [ RunTime:0.0005s ]
SQL: select * from menu where menu_type = 'history' and menu_content like '%%' order by menu_id asc [ RunTime:0.0004s ]
SQL: select * from menu where menu_type = 'dress' and menu_content like '%%' order by menu_id asc [ RunTime:0.0003s ]
SQL: select * from menu where menu_type = 'artwork' and menu_content like '%%' order by menu_id asc [ RunTime:0.0003s ]

[ 2017-09-02T17:03:08+08:00 ] ::1 /zuji/index.php?c=main&a=searchmenu&type=humanities&keyword=
INFO: [ app_init ] --START--
INFO: Run Behavior\BuildLiteBehavior [ RunTime:0.000045s ]
INFO: [ app_init ] --END-- [ RunTime:0.000708s ]
INFO: [ app_begin ] --START--
INFO: Run Behavior\ReadHtmlCacheBehavior [ RunTime:0.000623s ]
INFO: [ app_begin ] --END-- [ RunTime:0.000738s ]
NOTIC: [8] Undefined index: page E:\Demo\zuji\Application\Home\Controller\MainController.class.php 第 390 行.
SQL: select * from menu where menu_type = 'custom' and menu_content like '%%' order by menu_id asc [ RunTime:0.0004s ]
SQL: select * from menu where menu_type = 'history' and menu_content like '%%' order by menu_id asc [ RunTime:0.0002s ]
SQL: select * from menu where menu_type = 'dress' and menu_content like '%%' order by menu_id asc [ RunTime:0.0002s ]
SQL: select * from menu where menu_type = 'artwork' and menu_content like '%%' order by menu_id asc [ RunTime:0.0002s ]

[ 2017-09-02T17:03:24+08:00 ] ::1 /zuji/index.php?c=main&a=searchmenu&type=humanities&keyword=
INFO: [ app_init ] --START--
INFO: Run Behavior\BuildLiteBehavior [ RunTime:0.000028s ]
INFO: [ app_init ] --END-- [ RunTime:0.000644s ]
INFO: [ app_begin ] --START--
INFO: Run Behavior\ReadHtmlCacheBehavior [ RunTime:0.000783s ]
INFO: [ app_begin ] --END-- [ RunTime:0.000924s ]
NOTIC: [8] Undefined index: page E:\Demo\zuji\Application\Home\Controller\MainController.class.php 第 390 行.
SQL: select * from menu where menu_type = 'custom' and menu_content like '%%' order by menu_id asc [ RunTime:0.0003s ]
SQL: select * from menu where menu_type = 'history' and menu_content like '%%' order by menu_id asc [ RunTime:0.0003s ]
SQL: select * from menu where menu_type = 'dress' and menu_content like '%%' order by menu_id asc [ RunTime:0.0003s ]
SQL: select * from menu where menu_type = 'artwork' and menu_content like '%%' order by menu_id asc [ RunTime:0.0003s ]

[ 2017-09-02T17:03:40+08:00 ] ::1 /zuji/index.php?c=main&a=searchmenu&type=humanities&keyword=
INFO: [ app_init ] --START--
INFO: Run Behavior\BuildLiteBehavior [ RunTime:0.000038s ]
INFO: [ app_init ] --END-- [ RunTime:0.000879s ]
INFO: [ app_begin ] --START--
INFO: Run Behavior\ReadHtmlCacheBehavior [ RunTime:0.000754s ]
INFO: [ app_begin ] --END-- [ RunTime:0.000938s ]
NOTIC: [8] Undefined index: page E:\Demo\zuji\Application\Home\Controller\MainController.class.php 第 390 行.
SQL: select * from menu where menu_type = 'custom' and menu_content like '%%' order by menu_id asc [ RunTime:0.0004s ]
SQL: select * from menu where menu_type = 'history' and menu_content like '%%' order by menu_id asc [ RunTime:0.0002s ]
SQL: select * from menu where menu_type = 'dress' and menu_content like '%%' order by menu_id asc [ RunTime:0.0004s ]
SQL: select * from menu where menu_type = 'artwork' and menu_content like '%%' order by menu_id asc [ RunTime:0.0004s ]

[ 2017-09-02T17:04:05+08:00 ] ::1 /zuji/index.php?c=main&a=searchmenu&type=humanities&keyword=
INFO: [ app_init ] --START--
INFO: Run Behavior\BuildLiteBehavior [ RunTime:0.000024s ]
INFO: [ app_init ] --END-- [ RunTime:0.000486s ]
INFO: [ app_begin ] --START--
INFO: Run Behavior\ReadHtmlCacheBehavior [ RunTime:0.000553s ]
INFO: [ app_begin ] --END-- [ RunTime:0.000649s ]
NOTIC: [8] Undefined index: page E:\Demo\zuji\Application\Home\Controller\MainController.class.php 第 390 行.
SQL: select * from menu where menu_type = 'custom' and menu_content like '%%' order by menu_id asc [ RunTime:0.0004s ]
SQL: select * from menu where menu_type = 'history' and menu_content like '%%' order by menu_id asc [ RunTime:0.0003s ]
SQL: select * from menu where menu_type = 'dress' and menu_content like '%%' order by menu_id asc [ RunTime:0.0002s ]
SQL: select * from menu where menu_type = 'artwork' and menu_content like '%%' order by menu_id asc [ RunTime:0.0002s ]

[ 2017-09-02T17:04:21+08:00 ] ::1 /zuji/index.php?c=main&a=searchmenu&type=humanities&keyword=
INFO: [ app_init ] --START--
INFO: Run Behavior\BuildLiteBehavior [ RunTime:0.000030s ]
INFO: [ app_init ] --END-- [ RunTime:0.000673s ]
INFO: [ app_begin ] --START--
INFO: Run Behavior\ReadHtmlCacheBehavior [ RunTime:0.000824s ]
INFO: [ app_begin ] --END-- [ RunTime:0.000963s ]
NOTIC: [8] Undefined index: page E:\Demo\zuji\Application\Home\Controller\MainController.class.php 第 390 行.
SQL: select * from menu where menu_type = 'custom' and menu_content like '%%' order by menu_id asc [ RunTime:0.0004s ]
SQL: select * from menu where menu_type = 'history' and menu_content like '%%' order by menu_id asc [ RunTime:0.0003s ]
SQL: select * from menu where menu_type = 'dress' and menu_content like '%%' order by menu_id asc [ RunTime:0.0002s ]
SQL: select * from menu where menu_type = 'artwork' and menu_content like '%%' order by menu_id asc [ RunTime:0.0002s ]

[ 2017-09-02T17:06:54+08:00 ] ::1 /zuji/index.php?c=main&a=searchmenu&page=2
INFO: [ app_init ] --START--
INFO: Run Behavior\BuildLiteBehavior [ RunTime:0.000025s ]
INFO: [ app_init ] --END-- [ RunTime:0.000681s ]
INFO: [ app_begin ] --START--
INFO: Run Behavior\ReadHtmlCacheBehavior [ RunTime:0.000599s ]
INFO: [ app_begin ] --END-- [ RunTime:0.000703s ]
NOTIC: [8] Undefined index: type E:\Demo\zuji\Application\Home\Controller\MainController.class.php 第 388 行.
NOTIC: [8] Undefined index: keyword E:\Demo\zuji\Application\Home\Controller\MainController.class.php 第 389 行.
SQL: select * from menu where menu_type = '' and menu_content like '%%' order by menu_id asc [ RunTime:0.0004s ]

[ 2017-09-02T17:06:58+08:00 ] ::1 /zuji/index.php?c=main&a=searchmenu&page=1
INFO: [ app_init ] --START--
INFO: Run Behavior\BuildLiteBehavior [ RunTime:0.000027s ]
INFO: [ app_init ] --END-- [ RunTime:0.000606s ]
INFO: [ app_begin ] --START--
INFO: Run Behavior\ReadHtmlCacheBehavior [ RunTime:0.000634s ]
INFO: [ app_begin ] --END-- [ RunTime:0.000738s ]
NOTIC: [8] Undefined index: type E:\Demo\zuji\Application\Home\Controller\MainController.class.php 第 388 行.
NOTIC: [8] Undefined index: keyword E:\Demo\zuji\Application\Home\Controller\MainController.class.php 第 389 行.
SQL: select * from menu where menu_type = '' and menu_content like '%%' order by menu_id asc [ RunTime:0.0003s ]

[ 2017-09-02T17:07:40+08:00 ] ::1 /zuji/index.php?c=main&a=getw_gotourist&page=1
INFO: [ app_init ] --START--
INFO: Run Behavior\BuildLiteBehavior [ RunTime:0.000039s ]
INFO: [ app_init ] --END-- [ RunTime:0.000701s ]
INFO: [ app_begin ] --START--
INFO: Run Behavior\ReadHtmlCacheBehavior [ RunTime:0.000663s ]
INFO: [ app_begin ] --END-- [ RunTime:0.000822s ]
SQL: SHOW COLUMNS FROM `user` [ RunTime:0.0084s ]
SQL: SHOW COLUMNS FROM `user` [ RunTime:0.0061s ]
SQL: select touristarea.* from w_go,touristarea where w_go.t_id = touristarea.t_id and w_go.u_id = 1 [ RunTime:0.0006s ]

[ 2017-09-02T17:07:40+08:00 ] ::1 /zuji/index.php?c=main&a=getuser
INFO: [ app_init ] --START--
INFO: Run Behavior\BuildLiteBehavior [ RunTime:0.000037s ]
INFO: [ app_init ] --END-- [ RunTime:0.000688s ]
INFO: [ app_begin ] --START--
INFO: Run Behavior\ReadHtmlCacheBehavior [ RunTime:0.000807s ]
INFO: [ app_begin ] --END-- [ RunTime:0.000961s ]
SQL: SHOW COLUMNS FROM `user` [ RunTime:0.0061s ]
SQL: SHOW COLUMNS FROM `user` [ RunTime:0.0063s ]
SQL: SELECT * FROM `user` WHERE ( u_id=1 ) LIMIT 1   [ RunTime:0.0004s ]

[ 2017-09-02T17:07:40+08:00 ] ::1 /zuji/index.php?c=main&a=geth_gotourist&page=1
INFO: [ app_init ] --START--
INFO: Run Behavior\BuildLiteBehavior [ RunTime:0.000039s ]
INFO: [ app_init ] --END-- [ RunTime:0.000846s ]
INFO: [ app_begin ] --START--
INFO: Run Behavior\ReadHtmlCacheBehavior [ RunTime:0.000802s ]
INFO: [ app_begin ] --END-- [ RunTime:0.001012s ]
SQL: SHOW COLUMNS FROM `user` [ RunTime:0.0072s ]
SQL: SHOW COLUMNS FROM `user` [ RunTime:0.0075s ]
SQL: select touristarea.*,h_go.score from h_go,touristarea where h_go.t_id = touristarea.t_id and h_go.u_id = 1 [ RunTime:0.0006s ]

[ 2017-09-02T17:07:40+08:00 ] ::1 /zuji/index.php?c=main&a=getarticlebyuid&page=1
INFO: [ app_init ] --START--
INFO: Run Behavior\BuildLiteBehavior [ RunTime:0.000038s ]
INFO: [ app_init ] --END-- [ RunTime:0.000717s ]
INFO: [ app_begin ] --START--
INFO: Run Behavior\ReadHtmlCacheBehavior [ RunTime:0.000809s ]
INFO: [ app_begin ] --END-- [ RunTime:0.000977s ]
SQL: SHOW COLUMNS FROM `article` [ RunTime:0.0068s ]
SQL: SHOW COLUMNS FROM `article` [ RunTime:0.0063s ]
SQL: SELECT * FROM `article` WHERE ( u_id=1 )  [ RunTime:0.0006s ]

[ 2017-09-02T17:07:40+08:00 ] ::1 /zuji/index.php?c=main&a=getdraftbyuid&page=1
INFO: [ app_init ] --START--
INFO: Run Behavior\BuildLiteBehavior [ RunTime:0.000040s ]
INFO: [ app_init ] --END-- [ RunTime:0.000713s ]
INFO: [ app_begin ] --START--
INFO: Run Behavior\ReadHtmlCacheBehavior [ RunTime:0.000826s ]
INFO: [ app_begin ] --END-- [ RunTime:0.000987s ]
SQL: SHOW COLUMNS FROM `draft` [ RunTime:0.0085s ]
SQL: SELECT * FROM `draft` WHERE ( u_id=1 )  [ RunTime:0.0013s ]

[ 2017-09-02T17:07:40+08:00 ] ::1 /zuji/index.php?c=main&a=getcollectarticle&page=1
INFO: [ app_init ] --START--
INFO: Run Behavior\BuildLiteBehavior [ RunTime:0.000041s ]
INFO: [ app_init ] --END-- [ RunTime:0.000895s ]
INFO: [ app_begin ] --START--
INFO: Run Behavior\ReadHtmlCacheBehavior [ RunTime:0.000876s ]
INFO: [ app_begin ] --END-- [ RunTime:0.001037s ]
SQL: SHOW COLUMNS FROM `user` [ RunTime:0.0071s ]
SQL: SHOW COLUMNS FROM `user` [ RunTime:0.0075s ]
SQL: select article.*, user.u_name, user.u_avatar from article,collect,user where collect.a_id = article.a_id and user.u_id = article.u_id and collect.u_id = 1 [ RunTime:0.0006s ]

[ 2017-09-02T17:09:27+08:00 ] ::1 /zuji/index.php?c=main&a=searchmenu&type=humanities&keyword=
INFO: [ app_init ] --START--
INFO: Run Behavior\BuildLiteBehavior [ RunTime:0.000050s ]
INFO: [ app_init ] --END-- [ RunTime:0.001023s ]
INFO: [ app_begin ] --START--
INFO: Run Behavior\ReadHtmlCacheBehavior [ RunTime:0.000856s ]
INFO: [ app_begin ] --END-- [ RunTime:0.001027s ]
NOTIC: [8] Undefined index: page E:\Demo\zuji\Application\Home\Controller\MainController.class.php 第 390 行.
SQL: select * from menu where menu_type = 'custom' and menu_content like '%%' order by menu_id asc [ RunTime:0.0004s ]
SQL: select * from menu where menu_type = 'history' and menu_content like '%%' order by menu_id asc [ RunTime:0.0004s ]
SQL: select * from menu where menu_type = 'dress' and menu_content like '%%' order by menu_id asc [ RunTime:0.0003s ]
SQL: select * from menu where menu_type = 'artwork' and menu_content like '%%' order by menu_id asc [ RunTime:0.0003s ]

[ 2017-09-02T17:09:59+08:00 ] ::1 /zuji/index.php?c=main&a=searchmenu&type=humanities&keyword=
INFO: [ app_init ] --START--
INFO: Run Behavior\BuildLiteBehavior [ RunTime:0.000051s ]
INFO: [ app_init ] --END-- [ RunTime:0.000677s ]
INFO: [ app_begin ] --START--
INFO: Run Behavior\ReadHtmlCacheBehavior [ RunTime:0.000645s ]
INFO: [ app_begin ] --END-- [ RunTime:0.000752s ]
NOTIC: [8] Undefined index: page E:\Demo\zuji\Application\Home\Controller\MainController.class.php 第 390 行.
SQL: select * from menu where menu_type = 'custom' and menu_content like '%%' order by menu_id asc [ RunTime:0.0004s ]
SQL: select * from menu where menu_type = 'history' and menu_content like '%%' order by menu_id asc [ RunTime:0.0003s ]
SQL: select * from menu where menu_type = 'dress' and menu_content like '%%' order by menu_id asc [ RunTime:0.0002s ]
SQL: select * from menu where menu_type = 'artwork' and menu_content like '%%' order by menu_id asc [ RunTime:0.0003s ]

[ 2017-09-02T17:10:34+08:00 ] ::1 /zuji/index.php?c=main&a=searchmenu&type=humanities&keyword=
INFO: [ app_init ] --START--
INFO: Run Behavior\BuildLiteBehavior [ RunTime:0.000028s ]
INFO: [ app_init ] --END-- [ RunTime:0.000770s ]
INFO: [ app_begin ] --START--
INFO: Run Behavior\ReadHtmlCacheBehavior [ RunTime:0.000567s ]
INFO: [ app_begin ] --END-- [ RunTime:0.000665s ]
NOTIC: [8] Undefined index: page E:\Demo\zuji\Application\Home\Controller\MainController.class.php 第 390 行.
SQL: select * from menu where menu_type = 'custom' and menu_content like '%%' order by menu_id asc [ RunTime:0.0003s ]
SQL: select * from menu where menu_type = 'history' and menu_content like '%%' order by menu_id asc [ RunTime:0.0003s ]
SQL: select * from menu where menu_type = 'dress' and menu_content like '%%' order by menu_id asc [ RunTime:0.0002s ]
SQL: select * from menu where menu_type = 'artwork' and menu_content like '%%' order by menu_id asc [ RunTime:0.0002s ]

[ 2017-09-02T17:11:55+08:00 ] ::1 /zuji/index.php?c=main&a=searchmenu&type=humanities&keyword=
INFO: [ app_init ] --START--
INFO: Run Behavior\BuildLiteBehavior [ RunTime:0.000034s ]
INFO: [ app_init ] --END-- [ RunTime:0.000844s ]
INFO: [ app_begin ] --START--
INFO: Run Behavior\ReadHtmlCacheBehavior [ RunTime:0.000870s ]
INFO: [ app_begin ] --END-- [ RunTime:0.001026s ]
NOTIC: [8] Undefined index: page E:\Demo\zuji\Application\Home\Controller\MainController.class.php 第 390 行.
SQL: select * from menu where menu_type = 'custom' and menu_content like '%%' order by menu_id asc [ RunTime:0.0004s ]
SQL: select * from menu where menu_type = 'history' and menu_content like '%%' order by menu_id asc [ RunTime:0.0003s ]
SQL: select * from menu where menu_type = 'dress' and menu_content like '%%' order by menu_id asc [ RunTime:0.0002s ]
SQL: select * from menu where menu_type = 'artwork' and menu_content like '%%' order by menu_id asc [ RunTime:0.0003s ]

[ 2017-09-02T17:16:08+08:00 ] ::1 /zuji/index.php?c=main&a=searchmenu&type=humanities&keyword=
INFO: [ app_init ] --START--
INFO: Run Behavior\BuildLiteBehavior [ RunTime:0.000031s ]
INFO: [ app_init ] --END-- [ RunTime:0.000690s ]
INFO: [ app_begin ] --START--
INFO: Run Behavior\ReadHtmlCacheBehavior [ RunTime:0.001915s ]
INFO: [ app_begin ] --END-- [ RunTime:0.002122s ]
NOTIC: [8] Undefined index: page E:\Demo\zuji\Application\Home\Controller\MainController.class.php 第 390 行.
SQL: select * from menu where menu_type = 'custom' and menu_content like '%%' order by menu_id asc [ RunTime:0.0004s ]
SQL: select * from menu where menu_type = 'history' and menu_content like '%%' order by menu_id asc [ RunTime:0.0002s ]
SQL: select * from menu where menu_type = 'dress' and menu_content like '%%' order by menu_id asc [ RunTime:0.0002s ]
SQL: select * from menu where menu_type = 'artwork' and menu_content like '%%' order by menu_id asc [ RunTime:0.0002s ]

[ 2017-09-02T17:16:32+08:00 ] ::1 /zuji/index.php?c=main&a=searchmenu&type=humanities&keyword=
INFO: [ app_init ] --START--
INFO: Run Behavior\BuildLiteBehavior [ RunTime:0.000025s ]
INFO: [ app_init ] --END-- [ RunTime:0.000463s ]
INFO: [ app_begin ] --START--
INFO: Run Behavior\ReadHtmlCacheBehavior [ RunTime:0.000674s ]
INFO: [ app_begin ] --END-- [ RunTime:0.000791s ]
NOTIC: [8] Undefined index: page E:\Demo\zuji\Application\Home\Controller\MainController.class.php 第 390 行.
SQL: select * from menu where menu_type = 'custom' and menu_content like '%%' order by menu_id asc [ RunTime:0.0003s ]
SQL: select * from menu where menu_type = 'history' and menu_content like '%%' order by menu_id asc [ RunTime:0.0003s ]
SQL: select * from menu where menu_type = 'dress' and menu_content like '%%' order by menu_id asc [ RunTime:0.0002s ]
SQL: select * from menu where menu_type = 'artwork' and menu_content like '%%' order by menu_id asc [ RunTime:0.0002s ]

[ 2017-09-02T17:16:43+08:00 ] ::1 /zuji/index.php?c=main&a=searchmenu&type=humanities&keyword=
INFO: [ app_init ] --START--
INFO: Run Behavior\BuildLiteBehavior [ RunTime:0.000041s ]
INFO: [ app_init ] --END-- [ RunTime:0.000690s ]
INFO: [ app_begin ] --START--
INFO: Run Behavior\ReadHtmlCacheBehavior [ RunTime:0.000721s ]
INFO: [ app_begin ] --END-- [ RunTime:0.000891s ]
NOTIC: [8] Undefined index: page E:\Demo\zuji\Application\Home\Controller\MainController.class.php 第 390 行.
SQL: select * from menu where menu_type = 'custom' and menu_content like '%%' order by menu_id asc [ RunTime:0.0004s ]
SQL: select * from menu where menu_type = 'history' and menu_content like '%%' order by menu_id asc [ RunTime:0.0004s ]
SQL: select * from menu where menu_type = 'dress' and menu_content like '%%' order by menu_id asc [ RunTime:0.0004s ]
SQL: select * from menu where menu_type = 'artwork' and menu_content like '%%' order by menu_id asc [ RunTime:0.0004s ]

[ 2017-09-02T17:18:12+08:00 ] ::1 /zuji/index.php?c=main&a=searchmenu&type=humanities&keyword=
INFO: [ app_init ] --START--
INFO: Run Behavior\BuildLiteBehavior [ RunTime:0.000031s ]
INFO: [ app_init ] --END-- [ RunTime:0.000761s ]
INFO: [ app_begin ] --START--
INFO: Run Behavior\ReadHtmlCacheBehavior [ RunTime:0.001019s ]
INFO: [ app_begin ] --END-- [ RunTime:0.001191s ]
NOTIC: [8] Undefined index: page E:\Demo\zuji\Application\Home\Controller\MainController.class.php 第 390 行.
SQL: select * from menu where menu_type = 'custom' and menu_content like '%%' order by menu_id asc [ RunTime:0.0003s ]
SQL: select * from menu where menu_type = 'history' and menu_content like '%%' order by menu_id asc [ RunTime:0.0002s ]
SQL: select * from menu where menu_type = 'dress' and menu_content like '%%' order by menu_id asc [ RunTime:0.0002s ]
SQL: select * from menu where menu_type = 'artwork' and menu_content like '%%' order by menu_id asc [ RunTime:0.0002s ]

[ 2017-09-02T17:18:13+08:00 ] ::1 /zuji/index.php?c=main&a=searchmenu&type=diet&keyword=
INFO: [ app_init ] --START--
INFO: Run Behavior\BuildLiteBehavior [ RunTime:0.000028s ]
INFO: [ app_init ] --END-- [ RunTime:0.000665s ]
INFO: [ app_begin ] --START--
INFO: Run Behavior\ReadHtmlCacheBehavior [ RunTime:0.000801s ]
INFO: [ app_begin ] --END-- [ RunTime:0.000992s ]
NOTIC: [8] Undefined index: page E:\Demo\zuji\Application\Home\Controller\MainController.class.php 第 390 行.
SQL: select * from menu where menu_type = 'diet' and menu_content like '%%' order by menu_id asc [ RunTime:0.0004s ]

[ 2017-09-02T17:18:16+08:00 ] ::1 /zuji/index.php?c=main&a=searchmenu&type=building&keyword=
INFO: [ app_init ] --START--
INFO: Run Behavior\BuildLiteBehavior [ RunTime:0.000030s ]
INFO: [ app_init ] --END-- [ RunTime:0.000571s ]
INFO: [ app_begin ] --START--
INFO: Run Behavior\ReadHtmlCacheBehavior [ RunTime:0.001491s ]
INFO: [ app_begin ] --END-- [ RunTime:0.001627s ]
NOTIC: [8] Undefined index: page E:\Demo\zuji\Application\Home\Controller\MainController.class.php 第 390 行.
SQL: select * from menu where menu_type = 'building' and menu_content like '%%' order by menu_id asc [ RunTime:0.0005s ]

[ 2017-09-02T17:18:17+08:00 ] ::1 /zuji/index.php?c=main&a=searchmenu&type=diet&keyword=
INFO: [ app_init ] --START--
INFO: Run Behavior\BuildLiteBehavior [ RunTime:0.000037s ]
INFO: [ app_init ] --END-- [ RunTime:0.000662s ]
INFO: [ app_begin ] --START--
INFO: Run Behavior\ReadHtmlCacheBehavior [ RunTime:0.000631s ]
INFO: [ app_begin ] --END-- [ RunTime:0.000791s ]
NOTIC: [8] Undefined index: page E:\Demo\zuji\Application\Home\Controller\MainController.class.php 第 390 行.
SQL: select * from menu where menu_type = 'diet' and menu_content like '%%' order by menu_id asc [ RunTime:0.0004s ]

[ 2017-09-02T17:19:24+08:00 ] ::1 /zuji/index.php?c=main&a=searchmenu&type=humanities&keyword=
INFO: [ app_init ] --START--
INFO: Run Behavior\BuildLiteBehavior [ RunTime:0.000038s ]
INFO: [ app_init ] --END-- [ RunTime:0.000818s ]
INFO: [ app_begin ] --START--
INFO: Run Behavior\ReadHtmlCacheBehavior [ RunTime:0.002003s ]
INFO: [ app_begin ] --END-- [ RunTime:0.002146s ]
NOTIC: [8] Undefined index: page E:\Demo\zuji\Application\Home\Controller\MainController.class.php 第 390 行.
SQL: select * from menu where menu_type = 'custom' and menu_content like '%%' order by menu_id asc [ RunTime:0.0004s ]
SQL: select * from menu where menu_type = 'history' and menu_content like '%%' order by menu_id asc [ RunTime:0.0003s ]
SQL: select * from menu where menu_type = 'dress' and menu_content like '%%' order by menu_id asc [ RunTime:0.0003s ]
SQL: select * from menu where menu_type = 'artwork' and menu_content like '%%' order by menu_id asc [ RunTime:0.0003s ]

[ 2017-09-02T17:19:24+08:00 ] ::1 /zuji/index.php?c=main&a=searchmenu&type=diet&keyword=
INFO: [ app_init ] --START--
INFO: Run Behavior\BuildLiteBehavior [ RunTime:0.000046s ]
INFO: [ app_init ] --END-- [ RunTime:0.000693s ]
INFO: [ app_begin ] --START--
INFO: Run Behavior\ReadHtmlCacheBehavior [ RunTime:0.000808s ]
INFO: [ app_begin ] --END-- [ RunTime:0.000958s ]
NOTIC: [8] Undefined index: page E:\Demo\zuji\Application\Home\Controller\MainController.class.php 第 390 行.
SQL: select * from menu where menu_type = 'diet' and menu_content like '%%' order by menu_id asc [ RunTime:0.0004s ]

[ 2017-09-02T17:19:52+08:00 ] ::1 /zuji/index.php?c=main&a=searchmenu&type=humanities&keyword=
INFO: [ app_init ] --START--
INFO: Run Behavior\BuildLiteBehavior [ RunTime:0.000049s ]
INFO: [ app_init ] --END-- [ RunTime:0.000803s ]
INFO: [ app_begin ] --START--
INFO: Run Behavior\ReadHtmlCacheBehavior [ RunTime:0.000691s ]
INFO: [ app_begin ] --END-- [ RunTime:0.000828s ]
NOTIC: [8] Undefined index: page E:\Demo\zuji\Application\Home\Controller\MainController.class.php 第 390 行.
SQL: select * from menu where menu_type = 'custom' and menu_content like '%%' order by menu_id asc [ RunTime:0.0004s ]
SQL: select * from menu where menu_type = 'history' and menu_content like '%%' order by menu_id asc [ RunTime:0.0004s ]
SQL: select * from menu where menu_type = 'dress' and menu_content like '%%' order by menu_id asc [ RunTime:0.0003s ]
SQL: select * from menu where menu_type = 'artwork' and menu_content like '%%' order by menu_id asc [ RunTime:0.0003s ]

[ 2017-09-02T17:20:14+08:00 ] ::1 /zuji/index.php?c=main&a=searchtouristarea&nationname=%E9%85%B8%E6%B1%A4
INFO: [ app_init ] --START--
INFO: Run Behavior\BuildLiteBehavior [ RunTime:0.000033s ]
INFO: [ app_init ] --END-- [ RunTime:0.000658s ]
INFO: [ app_begin ] --START--
INFO: Run Behavior\ReadHtmlCacheBehavior [ RunTime:0.000715s ]
INFO: [ app_begin ] --END-- [ RunTime:0.000820s ]
NOTIC: [8] Undefined index: page E:\Demo\zuji\Application\Home\Controller\MainController.class.php 第 425 行.
SQL: select touristarea.* from touristarea,nation where nation.n_id = touristarea.n_id and n_name = '酸汤' [ RunTime:0.0004s ]

[ 2017-09-02T17:20:15+08:00 ] ::1 /zuji/index.php?c=main&a=searchmenu&type=humanities&keyword=%E9%85%B8%E6%B1%A4
INFO: [ app_init ] --START--
INFO: Run Behavior\BuildLiteBehavior [ RunTime:0.000028s ]
INFO: [ app_init ] --END-- [ RunTime:0.000608s ]
INFO: [ app_begin ] --START--
INFO: Run Behavior\ReadHtmlCacheBehavior [ RunTime:0.000607s ]
INFO: [ app_begin ] --END-- [ RunTime:0.000713s ]
NOTIC: [8] Undefined index: page E:\Demo\zuji\Application\Home\Controller\MainController.class.php 第 390 行.
SQL: select * from menu where menu_type = 'custom' and menu_content like '%酸汤%' order by menu_id asc [ RunTime:0.0004s ]
SQL: select * from menu where menu_type = 'history' and menu_content like '%酸汤%' order by menu_id asc [ RunTime:0.0003s ]
SQL: select * from menu where menu_type = 'dress' and menu_content like '%酸汤%' order by menu_id asc [ RunTime:0.0003s ]
SQL: select * from menu where menu_type = 'artwork' and menu_content like '%酸汤%' order by menu_id asc [ RunTime:0.0003s ]

[ 2017-09-02T17:20:22+08:00 ] ::1 /zuji/index.php?c=main&a=searchmenu&type=diet&keyword=%E9%85%B8%E6%B1%A4
INFO: [ app_init ] --START--
INFO: Run Behavior\BuildLiteBehavior [ RunTime:0.000033s ]
INFO: [ app_init ] --END-- [ RunTime:0.000659s ]
INFO: [ app_begin ] --START--
INFO: Run Behavior\ReadHtmlCacheBehavior [ RunTime:0.000695s ]
INFO: [ app_begin ] --END-- [ RunTime:0.000824s ]
NOTIC: [8] Undefined index: page E:\Demo\zuji\Application\Home\Controller\MainController.class.php 第 390 行.
SQL: select * from menu where menu_type = 'diet' and menu_content like '%酸汤%' order by menu_id asc [ RunTime:0.0005s ]

[ 2017-09-02T17:20:59+08:00 ] ::1 /zuji/index.php?c=main&a=searchmenu&type=humanities&keyword=%E5%98%BF%E5%98%BF
INFO: [ app_init ] --START--
INFO: Run Behavior\BuildLiteBehavior [ RunTime:0.000027s ]
INFO: [ app_init ] --END-- [ RunTime:0.000633s ]
INFO: [ app_begin ] --START--
INFO: Run Behavior\ReadHtmlCacheBehavior [ RunTime:0.000602s ]
INFO: [ app_begin ] --END-- [ RunTime:0.000706s ]
NOTIC: [8] Undefined index: page E:\Demo\zuji\Application\Home\Controller\MainController.class.php 第 390 行.
SQL: select * from menu where menu_type = 'custom' and menu_content like '%嘿嘿%' order by menu_id asc [ RunTime:0.0005s ]
SQL: select * from menu where menu_type = 'history' and menu_content like '%嘿嘿%' order by menu_id asc [ RunTime:0.0003s ]
SQL: select * from menu where menu_type = 'dress' and menu_content like '%嘿嘿%' order by menu_id asc [ RunTime:0.0003s ]
SQL: select * from menu where menu_type = 'artwork' and menu_content like '%嘿嘿%' order by menu_id asc [ RunTime:0.0003s ]

[ 2017-09-02T17:21:32+08:00 ] ::1 /zuji/index.php?c=main&a=searchmenu&type=diet&keyword=%E5%98%BF%E5%98%BF
INFO: [ app_init ] --START--
INFO: Run Behavior\BuildLiteBehavior [ RunTime:0.000032s ]
INFO: [ app_init ] --END-- [ RunTime:0.000774s ]
INFO: [ app_begin ] --START--
INFO: Run Behavior\ReadHtmlCacheBehavior [ RunTime:0.000698s ]
INFO: [ app_begin ] --END-- [ RunTime:0.000945s ]
NOTIC: [8] Undefined index: page E:\Demo\zuji\Application\Home\Controller\MainController.class.php 第 390 行.
SQL: select * from menu where menu_type = 'diet' and menu_content like '%嘿嘿%' order by menu_id asc [ RunTime:0.0005s ]

[ 2017-09-02T17:21:32+08:00 ] ::1 /zuji/index.php?c=main&a=searchmenu&type=building&keyword=%E5%98%BF%E5%98%BF
INFO: [ app_init ] --START--
INFO: Run Behavior\BuildLiteBehavior [ RunTime:0.000026s ]
INFO: [ app_init ] --END-- [ RunTime:0.000617s ]
INFO: [ app_begin ] --START--
INFO: Run Behavior\ReadHtmlCacheBehavior [ RunTime:0.000614s ]
INFO: [ app_begin ] --END-- [ RunTime:0.000755s ]
NOTIC: [8] Undefined index: page E:\Demo\zuji\Application\Home\Controller\MainController.class.php 第 390 行.
SQL: select * from menu where menu_type = 'building' and menu_content like '%嘿嘿%' order by menu_id asc [ RunTime:0.0003s ]

[ 2017-09-02T17:21:36+08:00 ] ::1 /zuji/index.php?c=main&a=searchmenu&type=humanities&keyword=
INFO: [ app_init ] --START--
INFO: Run Behavior\BuildLiteBehavior [ RunTime:0.000025s ]
INFO: [ app_init ] --END-- [ RunTime:0.000529s ]
INFO: [ app_begin ] --START--
INFO: Run Behavior\ReadHtmlCacheBehavior [ RunTime:0.000702s ]
INFO: [ app_begin ] --END-- [ RunTime:0.000831s ]
NOTIC: [8] Undefined index: page E:\Demo\zuji\Application\Home\Controller\MainController.class.php 第 390 行.
SQL: select * from menu where menu_type = 'custom' and menu_content like '%%' order by menu_id asc [ RunTime:0.0003s ]
SQL: select * from menu where menu_type = 'history' and menu_content like '%%' order by menu_id asc [ RunTime:0.0002s ]
SQL: select * from menu where menu_type = 'dress' and menu_content like '%%' order by menu_id asc [ RunTime:0.0002s ]
SQL: select * from menu where menu_type = 'artwork' and menu_content like '%%' order by menu_id asc [ RunTime:0.0002s ]

[ 2017-09-02T17:21:36+08:00 ] ::1 /zuji/index.php?c=main&a=searchmenu&type=diet&keyword=
INFO: [ app_init ] --START--
INFO: Run Behavior\BuildLiteBehavior [ RunTime:0.000024s ]
INFO: [ app_init ] --END-- [ RunTime:0.000570s ]
INFO: [ app_begin ] --START--
INFO: Run Behavior\ReadHtmlCacheBehavior [ RunTime:0.000529s ]
INFO: [ app_begin ] --END-- [ RunTime:0.000614s ]
NOTIC: [8] Undefined index: page E:\Demo\zuji\Application\Home\Controller\MainController.class.php 第 390 行.
SQL: select * from menu where menu_type = 'diet' and menu_content like '%%' order by menu_id asc [ RunTime:0.0004s ]

[ 2017-09-02T17:21:37+08:00 ] ::1 /zuji/index.php?c=main&a=searchmenu&type=humanities&keyword=
INFO: [ app_init ] --START--
INFO: Run Behavior\BuildLiteBehavior [ RunTime:0.000029s ]
INFO: [ app_init ] --END-- [ RunTime:0.000629s ]
INFO: [ app_begin ] --START--
INFO: Run Behavior\ReadHtmlCacheBehavior [ RunTime:0.000625s ]
INFO: [ app_begin ] --END-- [ RunTime:0.000730s ]
NOTIC: [8] Undefined index: page E:\Demo\zuji\Application\Home\Controller\MainController.class.php 第 390 行.
SQL: select * from menu where menu_type = 'custom' and menu_content like '%%' order by menu_id asc [ RunTime:0.0004s ]
SQL: select * from menu where menu_type = 'history' and menu_content like '%%' order by menu_id asc [ RunTime:0.0003s ]
SQL: select * from menu where menu_type = 'dress' and menu_content like '%%' order by menu_id asc [ RunTime:0.0002s ]
SQL: select * from menu where menu_type = 'artwork' and menu_content like '%%' order by menu_id asc [ RunTime:0.0003s ]

[ 2017-09-02T17:29:46+08:00 ] ::1 /zuji/index.php?c=main&a=searchmenu&type=humanities&keyword=
INFO: [ app_init ] --START--
INFO: Run Behavior\BuildLiteBehavior [ RunTime:0.000027s ]
INFO: [ app_init ] --END-- [ RunTime:0.000629s ]
INFO: [ app_begin ] --START--
INFO: Run Behavior\ReadHtmlCacheBehavior [ RunTime:0.000739s ]
INFO: [ app_begin ] --END-- [ RunTime:0.000846s ]
NOTIC: [8] Undefined index: page E:\Demo\zuji\Application\Home\Controller\MainController.class.php 第 390 行.
SQL: select * from menu where menu_type = 'custom' and menu_content like '%%' order by menu_id asc [ RunTime:0.0004s ]
SQL: select * from menu where menu_type = 'history' and menu_content like '%%' order by menu_id asc [ RunTime:0.0002s ]
SQL: select * from menu where menu_type = 'dress' and menu_content like '%%' order by menu_id asc [ RunTime:0.0002s ]
SQL: select * from menu where menu_type = 'artwork' and menu_content like '%%' order by menu_id asc [ RunTime:0.0002s ]

[ 2017-09-02T17:40:47+08:00 ] ::1 /zuji/index.php?c=main&a=searcharticle&keyword=
INFO: [ app_init ] --START--
INFO: Run Behavior\BuildLiteBehavior [ RunTime:0.000029s ]
INFO: [ app_init ] --END-- [ RunTime:0.000700s ]
INFO: [ app_begin ] --START--
INFO: Run Behavior\ReadHtmlCacheBehavior [ RunTime:0.000745s ]
INFO: [ app_begin ] --END-- [ RunTime:0.000848s ]
NOTIC: [8] Undefined index: page E:\Demo\zuji\Application\Home\Controller\MainController.class.php 第 445 行.
SQL: select article.*,user.u_name,user.u_id from article,user where article.a_content like '%%' [ RunTime:0.0006s ]

[ 2017-09-02T17:43:43+08:00 ] ::1 /zuji/index.php?c=main&a=searcharticle&keyword=
INFO: [ app_init ] --START--
INFO: Run Behavior\BuildLiteBehavior [ RunTime:0.000046s ]
INFO: [ app_init ] --END-- [ RunTime:0.000962s ]
INFO: [ app_begin ] --START--
INFO: Run Behavior\ReadHtmlCacheBehavior [ RunTime:0.001377s ]
INFO: [ app_begin ] --END-- [ RunTime:0.001591s ]
NOTIC: [8] Undefined index: page E:\Demo\zuji\Application\Home\Controller\MainController.class.php 第 445 行.
SQL: select article.*,user.u_name,user.u_id from article,user where article.a_content like '%%' [ RunTime:0.0006s ]

[ 2017-09-02T17:45:05+08:00 ] ::1 /zuji/index.php?c=main&a=searcharticle&keyword=&page=1
INFO: [ app_init ] --START--
INFO: Run Behavior\BuildLiteBehavior [ RunTime:0.000038s ]
INFO: [ app_init ] --END-- [ RunTime:0.000789s ]
INFO: [ app_begin ] --START--
INFO: Run Behavior\ReadHtmlCacheBehavior [ RunTime:0.001273s ]
INFO: [ app_begin ] --END-- [ RunTime:0.001466s ]
SQL: select article.*,user.u_name,user.u_id from article,user where article.a_content like '%%' [ RunTime:0.0006s ]

[ 2017-09-02T17:45:24+08:00 ] ::1 /zuji/index.php?c=main&a=searcharticle&page=2
INFO: [ app_init ] --START--
INFO: Run Behavior\BuildLiteBehavior [ RunTime:0.000028s ]
INFO: [ app_init ] --END-- [ RunTime:0.000550s ]
INFO: [ app_begin ] --START--
INFO: Run Behavior\ReadHtmlCacheBehavior [ RunTime:0.000573s ]
INFO: [ app_begin ] --END-- [ RunTime:0.000691s ]
NOTIC: [8] Undefined index: keyword E:\Demo\zuji\Application\Home\Controller\MainController.class.php 第 444 行.
SQL: select article.*,user.u_name,user.u_id from article,user where article.a_content like '%%' [ RunTime:0.0014s ]

[ 2017-09-02T17:45:25+08:00 ] ::1 /zuji/index.php?c=main&a=searcharticle&page=3
INFO: [ app_init ] --START--
INFO: Run Behavior\BuildLiteBehavior [ RunTime:0.000028s ]
INFO: [ app_init ] --END-- [ RunTime:0.000536s ]
INFO: [ app_begin ] --START--
INFO: Run Behavior\ReadHtmlCacheBehavior [ RunTime:0.000893s ]
INFO: [ app_begin ] --END-- [ RunTime:0.001086s ]
NOTIC: [8] Undefined index: keyword E:\Demo\zuji\Application\Home\Controller\MainController.class.php 第 444 行.
SQL: select article.*,user.u_name,user.u_id from article,user where article.a_content like '%%' [ RunTime:0.0008s ]

[ 2017-09-02T17:45:26+08:00 ] ::1 /zuji/index.php?c=main&a=searcharticle&page=4
INFO: [ app_init ] --START--
INFO: Run Behavior\BuildLiteBehavior [ RunTime:0.000041s ]
INFO: [ app_init ] --END-- [ RunTime:0.000803s ]
INFO: [ app_begin ] --START--
INFO: Run Behavior\ReadHtmlCacheBehavior [ RunTime:0.000787s ]
INFO: [ app_begin ] --END-- [ RunTime:0.000959s ]
NOTIC: [8] Undefined index: keyword E:\Demo\zuji\Application\Home\Controller\MainController.class.php 第 444 行.
SQL: select article.*,user.u_name,user.u_id from article,user where article.a_content like '%%' [ RunTime:0.0007s ]

[ 2017-09-02T17:45:27+08:00 ] ::1 /zuji/index.php?c=main&a=searcharticle&page=5
INFO: [ app_init ] --START--
INFO: Run Behavior\BuildLiteBehavior [ RunTime:0.000027s ]
INFO: [ app_init ] --END-- [ RunTime:0.000775s ]
INFO: [ app_begin ] --START--
INFO: Run Behavior\ReadHtmlCacheBehavior [ RunTime:0.000989s ]
INFO: [ app_begin ] --END-- [ RunTime:0.001183s ]
NOTIC: [8] Undefined index: keyword E:\Demo\zuji\Application\Home\Controller\MainController.class.php 第 444 行.
SQL: select article.*,user.u_name,user.u_id from article,user where article.a_content like '%%' [ RunTime:0.0007s ]

[ 2017-09-02T17:45:27+08:00 ] ::1 /zuji/index.php?c=main&a=searcharticle&page=9
INFO: [ app_init ] --START--
INFO: Run Behavior\BuildLiteBehavior [ RunTime:0.000024s ]
INFO: [ app_init ] --END-- [ RunTime:0.000476s ]
INFO: [ app_begin ] --START--
INFO: Run Behavior\ReadHtmlCacheBehavior [ RunTime:0.000537s ]
INFO: [ app_begin ] --END-- [ RunTime:0.000637s ]
NOTIC: [8] Undefined index: keyword E:\Demo\zuji\Application\Home\Controller\MainController.class.php 第 444 行.
SQL: select article.*,user.u_name,user.u_id from article,user where article.a_content like '%%' [ RunTime:0.0007s ]

[ 2017-09-02T17:45:32+08:00 ] ::1 /zuji/index.php?c=main&a=searchmenu&type=building&keyword=&page=1
INFO: [ app_init ] --START--
INFO: Run Behavior\BuildLiteBehavior [ RunTime:0.000088s ]
INFO: [ app_init ] --END-- [ RunTime:0.000787s ]
INFO: [ app_begin ] --START--
INFO: Run Behavior\ReadHtmlCacheBehavior [ RunTime:0.000840s ]
INFO: [ app_begin ] --END-- [ RunTime:0.000998s ]
SQL: select * from menu where menu_type = 'building' and menu_content like '%%' order by menu_id asc [ RunTime:0.0003s ]

[ 2017-09-02T17:45:33+08:00 ] ::1 /zuji/index.php?c=main&a=searcharticle&keyword=&page=1
INFO: [ app_init ] --START--
INFO: Run Behavior\BuildLiteBehavior [ RunTime:0.000032s ]
INFO: [ app_init ] --END-- [ RunTime:0.000688s ]
INFO: [ app_begin ] --START--
INFO: Run Behavior\ReadHtmlCacheBehavior [ RunTime:0.000853s ]
INFO: [ app_begin ] --END-- [ RunTime:0.001013s ]
SQL: select article.*,user.u_name,user.u_id from article,user where article.a_content like '%%' [ RunTime:0.0007s ]

[ 2017-09-02T17:45:48+08:00 ] ::1 /zuji/index.php?c=main&a=searcharticle&keyword=&page=1
INFO: [ app_init ] --START--
INFO: Run Behavior\BuildLiteBehavior [ RunTime:0.000031s ]
INFO: [ app_init ] --END-- [ RunTime:0.000892s ]
INFO: [ app_begin ] --START--
INFO: Run Behavior\ReadHtmlCacheBehavior [ RunTime:0.000807s ]
INFO: [ app_begin ] --END-- [ RunTime:0.000958s ]
SQL: select article.*,user.u_name,user.u_id from article,user where article.a_content like '%%' [ RunTime:0.0005s ]

[ 2017-09-02T17:45:53+08:00 ] ::1 /zuji/index.php?c=main&a=searcharticle&page=2
INFO: [ app_init ] --START--
INFO: Run Behavior\BuildLiteBehavior [ RunTime:0.000072s ]
INFO: [ app_init ] --END-- [ RunTime:0.000872s ]
INFO: [ app_begin ] --START--
INFO: Run Behavior\ReadHtmlCacheBehavior [ RunTime:0.000867s ]
INFO: [ app_begin ] --END-- [ RunTime:0.001037s ]
NOTIC: [8] Undefined index: keyword E:\Demo\zuji\Application\Home\Controller\MainController.class.php 第 444 行.
SQL: select article.*,user.u_name,user.u_id from article,user where article.a_content like '%%' [ RunTime:0.0006s ]

[ 2017-09-02T17:45:58+08:00 ] ::1 /zuji/index.php?c=main&a=searcharticle&page=1
INFO: [ app_init ] --START--
INFO: Run Behavior\BuildLiteBehavior [ RunTime:0.000029s ]
INFO: [ app_init ] --END-- [ RunTime:0.000585s ]
INFO: [ app_begin ] --START--
INFO: Run Behavior\ReadHtmlCacheBehavior [ RunTime:0.000652s ]
INFO: [ app_begin ] --END-- [ RunTime:0.000776s ]
NOTIC: [8] Undefined index: keyword E:\Demo\zuji\Application\Home\Controller\MainController.class.php 第 444 行.
SQL: select article.*,user.u_name,user.u_id from article,user where article.a_content like '%%' [ RunTime:0.0005s ]

[ 2017-09-02T17:46:03+08:00 ] ::1 /zuji/index.php?c=main&a=searcharticle&page=2
INFO: [ app_init ] --START--
INFO: Run Behavior\BuildLiteBehavior [ RunTime:0.000044s ]
INFO: [ app_init ] --END-- [ RunTime:0.000675s ]
INFO: [ app_begin ] --START--
INFO: Run Behavior\ReadHtmlCacheBehavior [ RunTime:0.000621s ]
INFO: [ app_begin ] --END-- [ RunTime:0.000777s ]
NOTIC: [8] Undefined index: keyword E:\Demo\zuji\Application\Home\Controller\MainController.class.php 第 444 行.
SQL: select article.*,user.u_name,user.u_id from article,user where article.a_content like '%%' [ RunTime:0.0007s ]

[ 2017-09-02T17:46:07+08:00 ] ::1 /zuji/index.php?c=main&a=searcharticle&page=3
INFO: [ app_init ] --START--
INFO: Run Behavior\BuildLiteBehavior [ RunTime:0.000033s ]
INFO: [ app_init ] --END-- [ RunTime:0.000601s ]
INFO: [ app_begin ] --START--
INFO: Run Behavior\ReadHtmlCacheBehavior [ RunTime:0.000624s ]
INFO: [ app_begin ] --END-- [ RunTime:0.000745s ]
NOTIC: [8] Undefined index: keyword E:\Demo\zuji\Application\Home\Controller\MainController.class.php 第 444 行.
SQL: select article.*,user.u_name,user.u_id from article,user where article.a_content like '%%' [ RunTime:0.0006s ]

[ 2017-09-02T17:46:08+08:00 ] ::1 /zuji/index.php?c=main&a=searcharticle&page=4
INFO: [ app_init ] --START--
INFO: Run Behavior\BuildLiteBehavior [ RunTime:0.000028s ]
INFO: [ app_init ] --END-- [ RunTime:0.000545s ]
INFO: [ app_begin ] --START--
INFO: Run Behavior\ReadHtmlCacheBehavior [ RunTime:0.000802s ]
INFO: [ app_begin ] --END-- [ RunTime:0.000927s ]
NOTIC: [8] Undefined index: keyword E:\Demo\zuji\Application\Home\Controller\MainController.class.php 第 444 行.
SQL: select article.*,user.u_name,user.u_id from article,user where article.a_content like '%%' [ RunTime:0.0008s ]

[ 2017-09-02T17:46:10+08:00 ] ::1 /zuji/index.php?c=main&a=searcharticle&page=5
INFO: [ app_init ] --START--
INFO: Run Behavior\BuildLiteBehavior [ RunTime:0.000043s ]
INFO: [ app_init ] --END-- [ RunTime:0.000947s ]
INFO: [ app_begin ] --START--
INFO: Run Behavior\ReadHtmlCacheBehavior [ RunTime:0.000679s ]
INFO: [ app_begin ] --END-- [ RunTime:0.000856s ]
NOTIC: [8] Undefined index: keyword E:\Demo\zuji\Application\Home\Controller\MainController.class.php 第 444 行.
SQL: select article.*,user.u_name,user.u_id from article,user where article.a_content like '%%' [ RunTime:0.0006s ]

[ 2017-09-02T17:46:11+08:00 ] ::1 /zuji/index.php?c=main&a=searcharticle&page=6
INFO: [ app_init ] --START--
INFO: Run Behavior\BuildLiteBehavior [ RunTime:0.000033s ]
INFO: [ app_init ] --END-- [ RunTime:0.000597s ]
INFO: [ app_begin ] --START--
INFO: Run Behavior\ReadHtmlCacheBehavior [ RunTime:0.000787s ]
INFO: [ app_begin ] --END-- [ RunTime:0.000971s ]
NOTIC: [8] Undefined index: keyword E:\Demo\zuji\Application\Home\Controller\MainController.class.php 第 444 行.
SQL: select article.*,user.u_name,user.u_id from article,user where article.a_content like '%%' [ RunTime:0.0007s ]

[ 2017-09-02T17:46:14+08:00 ] ::1 /zuji/index.php?c=main&a=searcharticle&page=7
INFO: [ app_init ] --START--
INFO: Run Behavior\BuildLiteBehavior [ RunTime:0.000028s ]
INFO: [ app_init ] --END-- [ RunTime:0.000554s ]
INFO: [ app_begin ] --START--
INFO: Run Behavior\ReadHtmlCacheBehavior [ RunTime:0.000962s ]
INFO: [ app_begin ] --END-- [ RunTime:0.001207s ]
NOTIC: [8] Undefined index: keyword E:\Demo\zuji\Application\Home\Controller\MainController.class.php 第 444 行.
SQL: select article.*,user.u_name,user.u_id from article,user where article.a_content like '%%' [ RunTime:0.0013s ]

[ 2017-09-02T17:46:18+08:00 ] ::1 /zuji/index.php?c=main&a=searcharticle&page=8
INFO: [ app_init ] --START--
INFO: Run Behavior\BuildLiteBehavior [ RunTime:0.000043s ]
INFO: [ app_init ] --END-- [ RunTime:0.000796s ]
INFO: [ app_begin ] --START--
INFO: Run Behavior\ReadHtmlCacheBehavior [ RunTime:0.001015s ]
INFO: [ app_begin ] --END-- [ RunTime:0.001201s ]
NOTIC: [8] Undefined index: keyword E:\Demo\zuji\Application\Home\Controller\MainController.class.php 第 444 行.
SQL: select article.*,user.u_name,user.u_id from article,user where article.a_content like '%%' [ RunTime:0.0006s ]

[ 2017-09-02T17:46:18+08:00 ] ::1 /zuji/index.php?c=main&a=searcharticle&page=9
INFO: [ app_init ] --START--
INFO: Run Behavior\BuildLiteBehavior [ RunTime:0.000034s ]
INFO: [ app_init ] --END-- [ RunTime:0.000687s ]
INFO: [ app_begin ] --START--
INFO: Run Behavior\ReadHtmlCacheBehavior [ RunTime:0.000929s ]
INFO: [ app_begin ] --END-- [ RunTime:0.001112s ]
NOTIC: [8] Undefined index: keyword E:\Demo\zuji\Application\Home\Controller\MainController.class.php 第 444 行.
SQL: select article.*,user.u_name,user.u_id from article,user where article.a_content like '%%' [ RunTime:0.0007s ]

[ 2017-09-02T17:47:32+08:00 ] ::1 /zuji/index.php?c=main&a=searcharticle&keyword=&page=1
INFO: [ app_init ] --START--
INFO: Run Behavior\BuildLiteBehavior [ RunTime:0.000046s ]
INFO: [ app_init ] --END-- [ RunTime:0.000728s ]
INFO: [ app_begin ] --START--
INFO: Run Behavior\ReadHtmlCacheBehavior [ RunTime:0.000970s ]
INFO: [ app_begin ] --END-- [ RunTime:0.001158s ]
SQL: select article.*,user.u_name,user.u_id from article,user where article.a_content like '%%' [ RunTime:0.0006s ]

[ 2017-09-02T17:48:20+08:00 ] ::1 /zuji/index.php?c=main&a=searcharticle&keyword=&page=1
INFO: [ app_init ] --START--
INFO: Run Behavior\BuildLiteBehavior [ RunTime:0.000049s ]
INFO: [ app_init ] --END-- [ RunTime:0.001017s ]
INFO: [ app_begin ] --START--
INFO: Run Behavior\ReadHtmlCacheBehavior [ RunTime:0.001143s ]
INFO: [ app_begin ] --END-- [ RunTime:0.001324s ]
SQL: select article.*,user.u_name,user.u_id from article,user where article.u_id = user.u_id and article.a_content like '%%' [ RunTime:0.0005s ]

[ 2017-09-02T17:48:31+08:00 ] ::1 /zuji/index.php?c=main&a=searcharticle&keyword=&page=1
INFO: [ app_init ] --START--
INFO: Run Behavior\BuildLiteBehavior [ RunTime:0.000041s ]
INFO: [ app_init ] --END-- [ RunTime:0.000930s ]
INFO: [ app_begin ] --START--
INFO: Run Behavior\ReadHtmlCacheBehavior [ RunTime:0.000969s ]
INFO: [ app_begin ] --END-- [ RunTime:0.001136s ]
SQL: select article.*,user.u_name,user.u_id from article,user where article.u_id = user.u_id and article.a_content like '%%' [ RunTime:0.0005s ]

