[ 2017-08-20T15:07:25+08:00 ] 127.0.0.1 /zuji/index.php?c=main&a=getw_gotouerist&page=1
INFO: [ app_init ] --START--
INFO: Run Behavior\BuildLiteBehavior [ RunTime:0.000033s ]
INFO: [ app_init ] --END-- [ RunTime:0.018642s ]
INFO: [ app_begin ] --START--
INFO: Run Behavior\ReadHtmlCacheBehavior [ RunTime:0.012355s ]
INFO: [ app_begin ] --END-- [ RunTime:0.012512s ]
SQL: SHOW COLUMNS FROM `user` [ RunTime:0.0110s ]
SQL: SHOW COLUMNS FROM `user` [ RunTime:0.0057s ]
ERR: 1064:Erreur de syntaxe près de 'where w_go = $u_id' à la ligne 1
 [ SQL语句 ] : select tourist.* from w_go,tourist where w_go.t_id = tourist.t_id where w_go = $u_id
ERR: 1064:Erreur de syntaxe près de 'where w_go = $u_id' à la ligne 1
 [ SQL语句 ] : select tourist.* from w_go,tourist where w_go.t_id = tourist.t_id where w_go = $u_id

[ 2017-08-20T15:07:50+08:00 ] 127.0.0.1 /zuji/index.php?c=main&a=getw_gotouerist&page=1
INFO: [ app_init ] --START--
INFO: Run Behavior\BuildLiteBehavior [ RunTime:0.000038s ]
INFO: [ app_init ] --END-- [ RunTime:0.000580s ]
INFO: [ app_begin ] --START--
INFO: Run Behavior\ReadHtmlCacheBehavior [ RunTime:0.000827s ]
INFO: [ app_begin ] --END-- [ RunTime:0.001026s ]
SQL: SHOW COLUMNS FROM `user` [ RunTime:0.0058s ]
SQL: SHOW COLUMNS FROM `user` [ RunTime:0.0060s ]
ERR: 1064:Erreur de syntaxe près de 'where w_go.u_id = $u_id' à la ligne 1
 [ SQL语句 ] : select tourist.* from w_go,tourist where w_go.t_id = tourist.t_id where w_go.u_id = $u_id
ERR: 1064:Erreur de syntaxe près de 'where w_go.u_id = $u_id' à la ligne 1
 [ SQL语句 ] : select tourist.* from w_go,tourist where w_go.t_id = tourist.t_id where w_go.u_id = $u_id

[ 2017-08-20T15:08:00+08:00 ] 127.0.0.1 /zuji/index.php?c=main&a=getw_gotouerist&page=1
INFO: [ app_init ] --START--
INFO: Run Behavior\BuildLiteBehavior [ RunTime:0.000040s ]
INFO: [ app_init ] --END-- [ RunTime:0.000716s ]
INFO: [ app_begin ] --START--
INFO: Run Behavior\ReadHtmlCacheBehavior [ RunTime:0.000754s ]
INFO: [ app_begin ] --END-- [ RunTime:0.000953s ]
SQL: SHOW COLUMNS FROM `user` [ RunTime:0.0069s ]
SQL: SHOW COLUMNS FROM `user` [ RunTime:0.0049s ]
ERR: 1064:Erreur de syntaxe près de 'where w_go.u_id = '$u_id'' à la ligne 1
 [ SQL语句 ] : select tourist.* from w_go,tourist where w_go.t_id = tourist.t_id where w_go.u_id = '$u_id'
ERR: 1064:Erreur de syntaxe près de 'where w_go.u_id = '$u_id'' à la ligne 1
 [ SQL语句 ] : select tourist.* from w_go,tourist where w_go.t_id = tourist.t_id where w_go.u_id = '$u_id'

[ 2017-08-20T15:08:48+08:00 ] 127.0.0.1 /zuji/index.php?c=main&a=getw_gotouerist&page=1
INFO: [ app_init ] --START--
INFO: Run Behavior\BuildLiteBehavior [ RunTime:0.000024s ]
INFO: [ app_init ] --END-- [ RunTime:0.000458s ]
INFO: [ app_begin ] --START--
INFO: Run Behavior\ReadHtmlCacheBehavior [ RunTime:0.000854s ]
INFO: [ app_begin ] --END-- [ RunTime:0.001058s ]
SQL: SHOW COLUMNS FROM `user` [ RunTime:0.0069s ]
SQL: SHOW COLUMNS FROM `user` [ RunTime:0.0046s ]
ERR: 1064:Erreur de syntaxe près de 'where w_go.u_id = '$u_id'' à la ligne 1
 [ SQL语句 ] : select tourist.* from w_go,tourist where w_go.t_id = tourist.t_id where w_go.u_id = '$u_id'
ERR: 1064:Erreur de syntaxe près de 'where w_go.u_id = '$u_id'' à la ligne 1
 [ SQL语句 ] : select tourist.* from w_go,tourist where w_go.t_id = tourist.t_id where w_go.u_id = '$u_id'

[ 2017-08-20T15:09:19+08:00 ] 127.0.0.1 /zuji/index.php?c=main&a=getw_gotouerist&page=1
INFO: [ app_init ] --START--
INFO: Run Behavior\BuildLiteBehavior [ RunTime:0.000041s ]
INFO: [ app_init ] --END-- [ RunTime:0.000762s ]
INFO: [ app_begin ] --START--
INFO: Run Behavior\ReadHtmlCacheBehavior [ RunTime:0.000915s ]
INFO: [ app_begin ] --END-- [ RunTime:0.001125s ]
SQL: SHOW COLUMNS FROM `user` [ RunTime:0.0077s ]
SQL: SHOW COLUMNS FROM `user` [ RunTime:0.0050s ]
ERR: 1064:Erreur de syntaxe près de 'where w_go.u_id = '$u_id'' à la ligne 1
 [ SQL语句 ] : select touristarea.* from w_go,touristarea where w_go.t_id = touristarea.t_id where w_go.u_id = '$u_id'
ERR: 1064:Erreur de syntaxe près de 'where w_go.u_id = '$u_id'' à la ligne 1
 [ SQL语句 ] : select touristarea.* from w_go,touristarea where w_go.t_id = touristarea.t_id where w_go.u_id = '$u_id'

[ 2017-08-20T15:09:42+08:00 ] 127.0.0.1 /zuji/index.php?c=main&a=getw_gotouerist&page=1
INFO: [ app_init ] --START--
INFO: Run Behavior\BuildLiteBehavior [ RunTime:0.000040s ]
INFO: [ app_init ] --END-- [ RunTime:0.000644s ]
INFO: [ app_begin ] --START--
INFO: Run Behavior\ReadHtmlCacheBehavior [ RunTime:0.000789s ]
INFO: [ app_begin ] --END-- [ RunTime:0.000925s ]
SQL: SHOW COLUMNS FROM `user` [ RunTime:0.0059s ]
SQL: SHOW COLUMNS FROM `user` [ RunTime:0.0054s ]
ERR: 1064:Erreur de syntaxe près de 'where w_go.u_id = $u_id' à la ligne 1
 [ SQL语句 ] : select touristarea.* from w_go,touristarea where w_go.t_id = touristarea.t_id where w_go.u_id = $u_id
ERR: 1064:Erreur de syntaxe près de 'where w_go.u_id = $u_id' à la ligne 1
 [ SQL语句 ] : select touristarea.* from w_go,touristarea where w_go.t_id = touristarea.t_id where w_go.u_id = $u_id

[ 2017-08-20T15:11:28+08:00 ] 127.0.0.1 /zuji/index.php?c=main&a=getw_gotouerist&page=1
INFO: [ app_init ] --START--
INFO: Run Behavior\BuildLiteBehavior [ RunTime:0.000042s ]
INFO: [ app_init ] --END-- [ RunTime:0.000783s ]
INFO: [ app_begin ] --START--
INFO: Run Behavior\ReadHtmlCacheBehavior [ RunTime:0.000778s ]
INFO: [ app_begin ] --END-- [ RunTime:0.000976s ]
SQL: SHOW COLUMNS FROM `user` [ RunTime:0.0051s ]
SQL: SHOW COLUMNS FROM `user` [ RunTime:0.0054s ]
ERR: 1064:Erreur de syntaxe près de 'where w_go.u_id = 1' à la ligne 1
 [ SQL语句 ] : select touristarea.* from w_go,touristarea where w_go.t_id = touristarea.t_id where w_go.u_id = 1
ERR: 1064:Erreur de syntaxe près de 'where w_go.u_id = 1' à la ligne 1
 [ SQL语句 ] : select touristarea.* from w_go,touristarea where w_go.t_id = touristarea.t_id where w_go.u_id = 1

[ 2017-08-20T15:12:04+08:00 ] 127.0.0.1 /zuji/index.php?c=main&a=getw_gotouerist&page=1
INFO: [ app_init ] --START--
INFO: Run Behavior\BuildLiteBehavior [ RunTime:0.000025s ]
INFO: [ app_init ] --END-- [ RunTime:0.000618s ]
INFO: [ app_begin ] --START--
INFO: Run Behavior\ReadHtmlCacheBehavior [ RunTime:0.000633s ]
INFO: [ app_begin ] --END-- [ RunTime:0.000756s ]
SQL: SHOW COLUMNS FROM `user` [ RunTime:0.0065s ]
SQL: SHOW COLUMNS FROM `user` [ RunTime:0.0044s ]
ERR: 1064:Erreur de syntaxe près de 'where w_go.u_id = '1'' à la ligne 1
 [ SQL语句 ] : select touristarea.* from w_go,touristarea where w_go.t_id = touristarea.t_id where w_go.u_id = '1'
ERR: 1064:Erreur de syntaxe près de 'where w_go.u_id = '1'' à la ligne 1
 [ SQL语句 ] : select touristarea.* from w_go,touristarea where w_go.t_id = touristarea.t_id where w_go.u_id = '1'

[ 2017-08-20T15:13:12+08:00 ] 127.0.0.1 /zuji/index.php?c=main&a=getw_gotouerist&page=1
INFO: [ app_init ] --START--
INFO: Run Behavior\BuildLiteBehavior [ RunTime:0.000035s ]
INFO: [ app_init ] --END-- [ RunTime:0.000513s ]
INFO: [ app_begin ] --START--
INFO: Run Behavior\ReadHtmlCacheBehavior [ RunTime:0.000787s ]
INFO: [ app_begin ] --END-- [ RunTime:0.000979s ]
SQL: SHOW COLUMNS FROM `user` [ RunTime:0.0074s ]
SQL: SHOW COLUMNS FROM `user` [ RunTime:0.0045s ]
SQL: select touristarea.* from w_go,touristarea where w_go.t_id = touristarea.t_id and w_go.u_id = 1 [ RunTime:0.0004s ]

[ 2017-08-20T15:14:29+08:00 ] 127.0.0.1 /zuji/index.php?c=main&a=getw_gotouerist&page=1
INFO: [ app_init ] --START--
INFO: Run Behavior\BuildLiteBehavior [ RunTime:0.000028s ]
INFO: [ app_init ] --END-- [ RunTime:0.000612s ]
INFO: [ app_begin ] --START--
INFO: Run Behavior\ReadHtmlCacheBehavior [ RunTime:0.000854s ]
INFO: [ app_begin ] --END-- [ RunTime:0.001039s ]
SQL: SHOW COLUMNS FROM `user` [ RunTime:0.0072s ]
SQL: SHOW COLUMNS FROM `user` [ RunTime:0.0048s ]
SQL: select touristarea.* from w_go,touristarea where w_go.t_id = touristarea.t_id and w_go.u_id = 1 [ RunTime:0.0004s ]

[ 2017-08-20T15:16:05+08:00 ] 127.0.0.1 /zuji/index.php?c=main&a=getw_gotouerist&page=1
INFO: [ app_init ] --START--
INFO: Run Behavior\BuildLiteBehavior [ RunTime:0.000033s ]
INFO: [ app_init ] --END-- [ RunTime:0.000525s ]
INFO: [ app_begin ] --START--
INFO: Run Behavior\ReadHtmlCacheBehavior [ RunTime:0.001667s ]
INFO: [ app_begin ] --END-- [ RunTime:0.002016s ]
SQL: SHOW COLUMNS FROM `user` [ RunTime:0.0085s ]
SQL: SHOW COLUMNS FROM `user` [ RunTime:0.0047s ]
SQL: select touristarea.* from w_go,touristarea where w_go.t_id = touristarea.t_id and w_go.u_id = 1 [ RunTime:0.0005s ]

[ 2017-08-20T15:25:27+08:00 ] 127.0.0.1 /zuji/index.php?c=main&a=geth_gotourist&page=1
INFO: [ app_init ] --START--
INFO: Run Behavior\BuildLiteBehavior [ RunTime:0.000027s ]
INFO: [ app_init ] --END-- [ RunTime:0.000544s ]
INFO: [ app_begin ] --START--
INFO: Run Behavior\ReadHtmlCacheBehavior [ RunTime:0.000605s ]
INFO: [ app_begin ] --END-- [ RunTime:0.000727s ]
SQL: SHOW COLUMNS FROM `user` [ RunTime:0.0060s ]
SQL: SHOW COLUMNS FROM `user` [ RunTime:0.0039s ]
SQL: select touristarea.* from h_go,touristarea where h_go.t_id = touristarea.t_id and h_go.u_id = 1 [ RunTime:0.0373s ]

[ 2017-08-20T15:26:10+08:00 ] 127.0.0.1 /zuji/index.php?c=main&a=geth_gotourist&page=1
INFO: [ app_init ] --START--
INFO: Run Behavior\BuildLiteBehavior [ RunTime:0.000025s ]
INFO: [ app_init ] --END-- [ RunTime:0.000608s ]
INFO: [ app_begin ] --START--
INFO: Run Behavior\ReadHtmlCacheBehavior [ RunTime:0.000649s ]
INFO: [ app_begin ] --END-- [ RunTime:0.000843s ]
SQL: SHOW COLUMNS FROM `user` [ RunTime:0.0053s ]
SQL: SHOW COLUMNS FROM `user` [ RunTime:0.0040s ]
SQL: select touristarea.* from h_go,touristarea where h_go.t_id = touristarea.t_id and h_go.u_id = 1 [ RunTime:0.0004s ]

[ 2017-08-20T15:33:34+08:00 ] 127.0.0.1 /zuji/index.php?c=main&a=removeh_gotourist&t_id=6
INFO: [ app_init ] --START--
INFO: Run Behavior\BuildLiteBehavior [ RunTime:0.000026s ]
INFO: [ app_init ] --END-- [ RunTime:0.000543s ]
INFO: [ app_begin ] --START--
INFO: Run Behavior\ReadHtmlCacheBehavior [ RunTime:0.000632s ]
INFO: [ app_begin ] --END-- [ RunTime:0.000758s ]
SQL: SHOW COLUMNS FROM `h_go` [ RunTime:0.0070s ]
NOTIC: [2] Illegal offset type in isset or empty E:\Demo\zuji\ThinkPHP\Library\Think\Model.class.php 第 511 行.
SQL: DELETE FROM `h_go` WHERE ( t_id=6 ) [ RunTime:0.0343s ]

[ 2017-08-20T15:34:11+08:00 ] 127.0.0.1 /zuji/index.php?c=main&a=removew_gotourist&t_id=6
INFO: [ app_init ] --START--
INFO: Run Behavior\BuildLiteBehavior [ RunTime:0.000026s ]
INFO: [ app_init ] --END-- [ RunTime:0.000527s ]
INFO: [ app_begin ] --START--
INFO: Run Behavior\ReadHtmlCacheBehavior [ RunTime:0.000695s ]
INFO: [ app_begin ] --END-- [ RunTime:0.000835s ]
SQL: SHOW COLUMNS FROM `w_go` [ RunTime:0.0074s ]
NOTIC: [2] Illegal offset type in isset or empty E:\Demo\zuji\ThinkPHP\Library\Think\Model.class.php 第 511 行.
SQL: DELETE FROM `w_go` WHERE ( t_id=6 ) [ RunTime:0.0471s ]

[ 2017-08-20T15:40:02+08:00 ] 127.0.0.1 /zuji/index.php?c=main&a=removearticle&a_id=38
INFO: [ app_init ] --START--
INFO: Run Behavior\BuildLiteBehavior [ RunTime:0.000047s ]
INFO: [ app_init ] --END-- [ RunTime:0.000923s ]
INFO: [ app_begin ] --START--
INFO: Run Behavior\ReadHtmlCacheBehavior [ RunTime:0.001249s ]
INFO: [ app_begin ] --END-- [ RunTime:0.001488s ]

[ 2017-08-20T15:40:38+08:00 ] 127.0.0.1 /zuji/index.php?c=main&a=removearticle&a_id=38
INFO: [ app_init ] --START--
INFO: Run Behavior\BuildLiteBehavior [ RunTime:0.000038s ]
INFO: [ app_init ] --END-- [ RunTime:0.000762s ]
INFO: [ app_begin ] --START--
INFO: Run Behavior\ReadHtmlCacheBehavior [ RunTime:0.000747s ]
INFO: [ app_begin ] --END-- [ RunTime:0.000949s ]
SQL: SHOW COLUMNS FROM `article` [ RunTime:0.0079s ]
SQL: DELETE FROM `article` WHERE ( a_id=38 ) [ RunTime:0.1043s ]

