[ 2017-08-25T14:05:50+08:00 ] ::1 /zuji/index.php?c=main&a=getarticlebyuid&page=1
INFO: [ app_init ] --START--
INFO: Run Behavior\BuildLiteBehavior [ RunTime:0.000042s ]
INFO: [ app_init ] --END-- [ RunTime:0.019728s ]
INFO: [ app_begin ] --START--
INFO: Run Behavior\ReadHtmlCacheBehavior [ RunTime:0.007317s ]
INFO: [ app_begin ] --END-- [ RunTime:0.007482s ]
SQL: SHOW COLUMNS FROM `article` [ RunTime:0.0402s ]
SQL: SHOW COLUMNS FROM `article` [ RunTime:0.0067s ]
SQL: SELECT * FROM `article` WHERE ( u_id=1 )  [ RunTime:0.0004s ]

[ 2017-08-25T14:05:50+08:00 ] ::1 /zuji/index.php?c=main&a=getuser
INFO: [ app_init ] --START--
INFO: Run Behavior\BuildLiteBehavior [ RunTime:0.000040s ]
INFO: [ app_init ] --END-- [ RunTime:0.019859s ]
INFO: [ app_begin ] --START--
INFO: Run Behavior\ReadHtmlCacheBehavior [ RunTime:0.011368s ]
INFO: [ app_begin ] --END-- [ RunTime:0.011533s ]
SQL: SHOW COLUMNS FROM `user` [ RunTime:0.0401s ]
SQL: SHOW COLUMNS FROM `user` [ RunTime:0.0059s ]
SQL: SELECT * FROM `user` WHERE ( u_id=1 ) LIMIT 1   [ RunTime:0.0318s ]

[ 2017-08-25T14:05:50+08:00 ] ::1 /zuji/index.php?c=main&a=getdraftbyuid&page=1
INFO: [ app_init ] --START--
INFO: Run Behavior\BuildLiteBehavior [ RunTime:0.000043s ]
INFO: [ app_init ] --END-- [ RunTime:0.019503s ]
INFO: [ app_begin ] --START--
INFO: Run Behavior\ReadHtmlCacheBehavior [ RunTime:0.012976s ]
INFO: [ app_begin ] --END-- [ RunTime:0.013146s ]
SQL: SHOW COLUMNS FROM `draft` [ RunTime:0.1298s ]
SQL: SELECT * FROM `draft` WHERE ( u_id=1 )  [ RunTime:0.0021s ]

[ 2017-08-25T14:05:50+08:00 ] ::1 /zuji/index.php?c=main&a=getcollectarticle&page=1
INFO: [ app_init ] --START--
INFO: Run Behavior\BuildLiteBehavior [ RunTime:0.000045s ]
INFO: [ app_init ] --END-- [ RunTime:0.021970s ]
INFO: [ app_begin ] --START--
INFO: Run Behavior\ReadHtmlCacheBehavior [ RunTime:0.012378s ]
INFO: [ app_begin ] --END-- [ RunTime:0.012574s ]
SQL: SHOW COLUMNS FROM `user` [ RunTime:0.0777s ]
SQL: SHOW COLUMNS FROM `user` [ RunTime:0.0043s ]
SQL: select article.*, user.u_name, user.u_avatar from article,collect,user where collect.a_id = article.a_id and user.u_id = article.u_id and collect.u_id = 1 [ RunTime:0.0828s ]

[ 2017-08-25T14:05:50+08:00 ] ::1 /zuji/index.php?c=main&a=getw_gotourist&page=1
INFO: [ app_init ] --START--
INFO: Run Behavior\BuildLiteBehavior [ RunTime:0.000041s ]
INFO: [ app_init ] --END-- [ RunTime:0.018253s ]
INFO: [ app_begin ] --START--
INFO: Run Behavior\ReadHtmlCacheBehavior [ RunTime:0.010147s ]
INFO: [ app_begin ] --END-- [ RunTime:0.010302s ]
SQL: SHOW COLUMNS FROM `user` [ RunTime:0.0188s ]
SQL: SHOW COLUMNS FROM `user` [ RunTime:0.0043s ]
SQL: select touristarea.* from w_go,touristarea where w_go.t_id = touristarea.t_id and w_go.u_id = 1 [ RunTime:0.1987s ]

[ 2017-08-25T14:05:50+08:00 ] ::1 /zuji/index.php?c=main&a=geth_gotourist&page=1
INFO: [ app_init ] --START--
INFO: Run Behavior\BuildLiteBehavior [ RunTime:0.000037s ]
INFO: [ app_init ] --END-- [ RunTime:0.016932s ]
INFO: [ app_begin ] --START--
INFO: Run Behavior\ReadHtmlCacheBehavior [ RunTime:0.008979s ]
INFO: [ app_begin ] --END-- [ RunTime:0.009149s ]
SQL: SHOW COLUMNS FROM `user` [ RunTime:0.0401s ]
SQL: SHOW COLUMNS FROM `user` [ RunTime:0.0061s ]
SQL: select touristarea.*,h_go.score from h_go,touristarea where h_go.t_id = touristarea.t_id and h_go.u_id = 1 [ RunTime:0.1755s ]

[ 2017-08-25T16:06:31+08:00 ] 127.0.0.1 /zuji/index.php?c=main&a=gettourmenu&t_id=1&type=humanities
INFO: [ app_init ] --START--
INFO: Run Behavior\BuildLiteBehavior [ RunTime:0.000059s ]
INFO: [ app_init ] --END-- [ RunTime:0.016788s ]
INFO: [ app_begin ] --START--
INFO: Run Behavior\ReadHtmlCacheBehavior [ RunTime:0.010398s ]
INFO: [ app_begin ] --END-- [ RunTime:0.010740s ]
NOTIC: [8] Undefined index: menu_type E:\Demo\zuji\Application\Home\Controller\MainController.class.php 第 124 行.
SQL: SHOW COLUMNS FROM `menu` [ RunTime:0.0143s ]
ERR: 1064:Erreur de syntaxe près de ')' à la ligne 1
 [ SQL语句 ] : SELECT * FROM `menu` WHERE ( t_id=1 and menu_type= ) 
ERR: 1064:Erreur de syntaxe près de ')' à la ligne 1
 [ SQL语句 ] : SELECT * FROM `menu` WHERE ( t_id=1 and menu_type= ) 

[ 2017-08-25T16:07:27+08:00 ] 127.0.0.1 /zuji/index.php?c=main&a=gettourmenu&t_id=1&type=humanities
INFO: [ app_init ] --START--
INFO: Run Behavior\BuildLiteBehavior [ RunTime:0.000042s ]
INFO: [ app_init ] --END-- [ RunTime:0.000729s ]
INFO: [ app_begin ] --START--
INFO: Run Behavior\ReadHtmlCacheBehavior [ RunTime:0.000832s ]
INFO: [ app_begin ] --END-- [ RunTime:0.001115s ]
SQL: SHOW COLUMNS FROM `menu` [ RunTime:0.0059s ]
ERR: 1054:Champ 'custom' inconnu dans where clause
 [ SQL语句 ] : SELECT * FROM `menu` WHERE ( t_id=1 and menu_type=custom ) 
ERR: 1054:Champ 'custom' inconnu dans where clause
 [ SQL语句 ] : SELECT * FROM `menu` WHERE ( t_id=1 and menu_type=custom ) 

[ 2017-08-25T16:09:18+08:00 ] 127.0.0.1 /zuji/index.php?c=main&a=gettourmenu&t_id=1&type=humanities
INFO: [ app_init ] --START--
INFO: Run Behavior\BuildLiteBehavior [ RunTime:0.000046s ]
INFO: [ app_init ] --END-- [ RunTime:0.000903s ]
INFO: [ app_begin ] --START--
INFO: Run Behavior\ReadHtmlCacheBehavior [ RunTime:0.001262s ]
INFO: [ app_begin ] --END-- [ RunTime:0.001501s ]

[ 2017-08-25T16:10:44+08:00 ] 127.0.0.1 /zuji/index.php?c=main&a=gettourmenu&t_id=1&type=humanities
INFO: [ app_init ] --START--
INFO: Run Behavior\BuildLiteBehavior [ RunTime:0.000041s ]
INFO: [ app_init ] --END-- [ RunTime:0.001428s ]
INFO: [ app_begin ] --START--
INFO: Run Behavior\ReadHtmlCacheBehavior [ RunTime:0.000562s ]
INFO: [ app_begin ] --END-- [ RunTime:0.000679s ]
SQL: SHOW COLUMNS FROM `menu` [ RunTime:0.0071s ]
ERR: 1064:Erreur de syntaxe près de 'likecustom )' à la ligne 1
 [ SQL语句 ] : SELECT * FROM `menu` WHERE ( t_id=1 and menu_type likecustom ) 
ERR: 1064:Erreur de syntaxe près de 'likecustom )' à la ligne 1
 [ SQL语句 ] : SELECT * FROM `menu` WHERE ( t_id=1 and menu_type likecustom ) 

[ 2017-08-25T16:10:57+08:00 ] 127.0.0.1 /zuji/index.php?c=main&a=gettourmenu&t_id=1&type=humanities
INFO: [ app_init ] --START--
INFO: Run Behavior\BuildLiteBehavior [ RunTime:0.000059s ]
INFO: [ app_init ] --END-- [ RunTime:0.000757s ]
INFO: [ app_begin ] --START--
INFO: Run Behavior\ReadHtmlCacheBehavior [ RunTime:0.000884s ]
INFO: [ app_begin ] --END-- [ RunTime:0.001092s ]
SQL: SHOW COLUMNS FROM `menu` [ RunTime:0.0089s ]
ERR: 1054:Champ 'custom' inconnu dans where clause
 [ SQL语句 ] : SELECT * FROM `menu` WHERE ( t_id=1 and menu_type like custom ) 
ERR: 1054:Champ 'custom' inconnu dans where clause
 [ SQL语句 ] : SELECT * FROM `menu` WHERE ( t_id=1 and menu_type like custom ) 

[ 2017-08-25T16:11:25+08:00 ] 127.0.0.1 /zuji/index.php?c=main&a=gettourmenu&t_id=1&type=humanities
INFO: [ app_init ] --START--
INFO: Run Behavior\BuildLiteBehavior [ RunTime:0.000026s ]
INFO: [ app_init ] --END-- [ RunTime:0.000712s ]
INFO: [ app_begin ] --START--
INFO: Run Behavior\ReadHtmlCacheBehavior [ RunTime:0.000581s ]
INFO: [ app_begin ] --END-- [ RunTime:0.000697s ]
SQL: SHOW COLUMNS FROM `menu` [ RunTime:0.0060s ]
ERR: 1054:Champ 'custom' inconnu dans where clause
 [ SQL语句 ] : SELECT * FROM `menu` WHERE ( t_id=1 and menu_type= custom ) 
ERR: 1054:Champ 'custom' inconnu dans where clause
 [ SQL语句 ] : SELECT * FROM `menu` WHERE ( t_id=1 and menu_type= custom ) 

[ 2017-08-25T16:11:55+08:00 ] 127.0.0.1 /zuji/index.php?c=main&a=gettourmenu&t_id=1&type=humanities
INFO: [ app_init ] --START--
INFO: Run Behavior\BuildLiteBehavior [ RunTime:0.000038s ]
INFO: [ app_init ] --END-- [ RunTime:0.000783s ]
INFO: [ app_begin ] --START--
INFO: Run Behavior\ReadHtmlCacheBehavior [ RunTime:0.000664s ]
INFO: [ app_begin ] --END-- [ RunTime:0.000837s ]
SQL: SHOW COLUMNS FROM `menu` [ RunTime:0.0086s ]
ERR: 1054:Champ 'custom' inconnu dans where clause
 [ SQL语句 ] : SELECT * FROM `menu` WHERE ( t_id=1 and menu_type= custom ) 
ERR: 1054:Champ 'custom' inconnu dans where clause
 [ SQL语句 ] : SELECT * FROM `menu` WHERE ( t_id=1 and menu_type= custom ) 

[ 2017-08-25T16:11:55+08:00 ] 127.0.0.1 /zuji/index.php?c=main&a=gettourmenu&t_id=1&type=humanities
INFO: [ app_init ] --START--
INFO: Run Behavior\BuildLiteBehavior [ RunTime:0.000039s ]
INFO: [ app_init ] --END-- [ RunTime:0.000756s ]
INFO: [ app_begin ] --START--
INFO: Run Behavior\ReadHtmlCacheBehavior [ RunTime:0.000692s ]
INFO: [ app_begin ] --END-- [ RunTime:0.000883s ]
SQL: SHOW COLUMNS FROM `menu` [ RunTime:0.0084s ]
ERR: 1054:Champ 'custom' inconnu dans where clause
 [ SQL语句 ] : SELECT * FROM `menu` WHERE ( t_id=1 and menu_type= custom ) 
ERR: 1054:Champ 'custom' inconnu dans where clause
 [ SQL语句 ] : SELECT * FROM `menu` WHERE ( t_id=1 and menu_type= custom ) 

[ 2017-08-25T16:11:56+08:00 ] 127.0.0.1 /zuji/index.php?c=main&a=gettourmenu&t_id=1&type=humanities
INFO: [ app_init ] --START--
INFO: Run Behavior\BuildLiteBehavior [ RunTime:0.000027s ]
INFO: [ app_init ] --END-- [ RunTime:0.000511s ]
INFO: [ app_begin ] --START--
INFO: Run Behavior\ReadHtmlCacheBehavior [ RunTime:0.000657s ]
INFO: [ app_begin ] --END-- [ RunTime:0.000823s ]
SQL: SHOW COLUMNS FROM `menu` [ RunTime:0.0073s ]
ERR: 1054:Champ 'custom' inconnu dans where clause
 [ SQL语句 ] : SELECT * FROM `menu` WHERE ( t_id=1 and menu_type= custom ) 
ERR: 1054:Champ 'custom' inconnu dans where clause
 [ SQL语句 ] : SELECT * FROM `menu` WHERE ( t_id=1 and menu_type= custom ) 

[ 2017-08-25T16:12:01+08:00 ] 127.0.0.1 /zuji/index.php?c=main&a=gettourmenu&t_id=1&type=humanities
INFO: [ app_init ] --START--
INFO: Run Behavior\BuildLiteBehavior [ RunTime:0.000040s ]
INFO: [ app_init ] --END-- [ RunTime:0.000745s ]
INFO: [ app_begin ] --START--
INFO: Run Behavior\ReadHtmlCacheBehavior [ RunTime:0.000759s ]
INFO: [ app_begin ] --END-- [ RunTime:0.000943s ]
SQL: SHOW COLUMNS FROM `menu` [ RunTime:0.0088s ]
ERR: 1054:Champ 'custom' inconnu dans where clause
 [ SQL语句 ] : SELECT * FROM `menu` WHERE ( t_id=1 and menu_type= custom ) 
ERR: 1054:Champ 'custom' inconnu dans where clause
 [ SQL语句 ] : SELECT * FROM `menu` WHERE ( t_id=1 and menu_type= custom ) 

[ 2017-08-25T16:12:28+08:00 ] 127.0.0.1 /zuji/index.php?c=main&a=gettourmenu&t_id=1&type=humanities
INFO: [ app_init ] --START--
INFO: Run Behavior\BuildLiteBehavior [ RunTime:0.000026s ]
INFO: [ app_init ] --END-- [ RunTime:0.000577s ]
INFO: [ app_begin ] --START--
INFO: Run Behavior\ReadHtmlCacheBehavior [ RunTime:0.000682s ]
INFO: [ app_begin ] --END-- [ RunTime:0.000868s ]
SQL: SHOW COLUMNS FROM `menu` [ RunTime:0.0075s ]
SQL: SELECT * FROM `menu` WHERE ( t_id=1 )  [ RunTime:0.0346s ]
NOTIC: [8] Undefined variable: temarr E:\Demo\zuji\Application\Home\Controller\MainController.class.php 第 131 行.
NOTIC: [2] array_merge(): Argument #2 is not an array E:\Demo\zuji\Application\Home\Controller\MainController.class.php 第 131 行.
SQL: SELECT * FROM `menu` WHERE ( t_id=1 )  [ RunTime:0.0004s ]
NOTIC: [8] Undefined variable: temarr E:\Demo\zuji\Application\Home\Controller\MainController.class.php 第 131 行.
NOTIC: [2] array_merge(): Argument #1 is not an array E:\Demo\zuji\Application\Home\Controller\MainController.class.php 第 131 行.
SQL: SELECT * FROM `menu` WHERE ( t_id=1 )  [ RunTime:0.0003s ]
NOTIC: [8] Undefined variable: temarr E:\Demo\zuji\Application\Home\Controller\MainController.class.php 第 131 行.
NOTIC: [2] array_merge(): Argument #1 is not an array E:\Demo\zuji\Application\Home\Controller\MainController.class.php 第 131 行.
SQL: SELECT * FROM `menu` WHERE ( t_id=1 )  [ RunTime:0.0003s ]
NOTIC: [8] Undefined variable: temarr E:\Demo\zuji\Application\Home\Controller\MainController.class.php 第 131 行.
NOTIC: [2] array_merge(): Argument #1 is not an array E:\Demo\zuji\Application\Home\Controller\MainController.class.php 第 131 行.

[ 2017-08-25T16:14:20+08:00 ] 127.0.0.1 /zuji/index.php?c=main&a=gettourmenu&t_id=1&type=humanities
INFO: [ app_init ] --START--
INFO: Run Behavior\BuildLiteBehavior [ RunTime:0.000038s ]
INFO: [ app_init ] --END-- [ RunTime:0.000965s ]
INFO: [ app_begin ] --START--
INFO: Run Behavior\ReadHtmlCacheBehavior [ RunTime:0.000634s ]
INFO: [ app_begin ] --END-- [ RunTime:0.000763s ]
SQL: SHOW COLUMNS FROM `menu` [ RunTime:0.0062s ]
SQL: SELECT * FROM `menu` WHERE ( t_id=1 )  [ RunTime:0.0006s ]
NOTIC: [8] Array to string conversion E:\Demo\zuji\Application\Home\Controller\MainController.class.php 第 131 行.
NOTIC: [8] Undefined variable: temarr E:\Demo\zuji\Application\Home\Controller\MainController.class.php 第 132 行.
NOTIC: [2] array_merge(): Argument #2 is not an array E:\Demo\zuji\Application\Home\Controller\MainController.class.php 第 132 行.
SQL: SELECT * FROM `menu` WHERE ( t_id=1 )  [ RunTime:0.0004s ]
NOTIC: [8] Array to string conversion E:\Demo\zuji\Application\Home\Controller\MainController.class.php 第 131 行.
NOTIC: [8] Undefined variable: temarr E:\Demo\zuji\Application\Home\Controller\MainController.class.php 第 132 行.
NOTIC: [2] array_merge(): Argument #1 is not an array E:\Demo\zuji\Application\Home\Controller\MainController.class.php 第 132 行.
SQL: SELECT * FROM `menu` WHERE ( t_id=1 )  [ RunTime:0.0004s ]
NOTIC: [8] Array to string conversion E:\Demo\zuji\Application\Home\Controller\MainController.class.php 第 131 行.
NOTIC: [8] Undefined variable: temarr E:\Demo\zuji\Application\Home\Controller\MainController.class.php 第 132 行.
NOTIC: [2] array_merge(): Argument #1 is not an array E:\Demo\zuji\Application\Home\Controller\MainController.class.php 第 132 行.
SQL: SELECT * FROM `menu` WHERE ( t_id=1 )  [ RunTime:0.0003s ]
NOTIC: [8] Array to string conversion E:\Demo\zuji\Application\Home\Controller\MainController.class.php 第 131 行.
NOTIC: [8] Undefined variable: temarr E:\Demo\zuji\Application\Home\Controller\MainController.class.php 第 132 行.
NOTIC: [2] array_merge(): Argument #1 is not an array E:\Demo\zuji\Application\Home\Controller\MainController.class.php 第 132 行.

[ 2017-08-25T16:14:43+08:00 ] 127.0.0.1 /zuji/index.php?c=main&a=gettourmenu&t_id=1&type=humanities
INFO: [ app_init ] --START--
INFO: Run Behavior\BuildLiteBehavior [ RunTime:0.000025s ]
INFO: [ app_init ] --END-- [ RunTime:0.000527s ]
INFO: [ app_begin ] --START--
INFO: Run Behavior\ReadHtmlCacheBehavior [ RunTime:0.000481s ]
INFO: [ app_begin ] --END-- [ RunTime:0.000593s ]
SQL: SHOW COLUMNS FROM `menu` [ RunTime:0.0080s ]
SQL: SELECT * FROM `menu` WHERE ( t_id=1 )  [ RunTime:0.0004s ]
NOTIC: [8] Undefined variable: temarr E:\Demo\zuji\Application\Home\Controller\MainController.class.php 第 132 行.
NOTIC: [2] array_merge(): Argument #2 is not an array E:\Demo\zuji\Application\Home\Controller\MainController.class.php 第 132 行.
SQL: SELECT * FROM `menu` WHERE ( t_id=1 )  [ RunTime:0.0005s ]
NOTIC: [8] Undefined variable: temarr E:\Demo\zuji\Application\Home\Controller\MainController.class.php 第 132 行.
NOTIC: [2] array_merge(): Argument #1 is not an array E:\Demo\zuji\Application\Home\Controller\MainController.class.php 第 132 行.
SQL: SELECT * FROM `menu` WHERE ( t_id=1 )  [ RunTime:0.0005s ]
NOTIC: [8] Undefined variable: temarr E:\Demo\zuji\Application\Home\Controller\MainController.class.php 第 132 行.
NOTIC: [2] array_merge(): Argument #1 is not an array E:\Demo\zuji\Application\Home\Controller\MainController.class.php 第 132 行.
SQL: SELECT * FROM `menu` WHERE ( t_id=1 )  [ RunTime:0.0006s ]
NOTIC: [8] Undefined variable: temarr E:\Demo\zuji\Application\Home\Controller\MainController.class.php 第 132 行.
NOTIC: [2] array_merge(): Argument #1 is not an array E:\Demo\zuji\Application\Home\Controller\MainController.class.php 第 132 行.

[ 2017-08-25T16:15:30+08:00 ] 127.0.0.1 /zuji/index.php?c=main&a=gettourmenu&t_id=1&type=humanities
INFO: [ app_init ] --START--
INFO: Run Behavior\BuildLiteBehavior [ RunTime:0.000039s ]
INFO: [ app_init ] --END-- [ RunTime:0.000730s ]
INFO: [ app_begin ] --START--
INFO: Run Behavior\ReadHtmlCacheBehavior [ RunTime:0.000758s ]
INFO: [ app_begin ] --END-- [ RunTime:0.000947s ]
SQL: SHOW COLUMNS FROM `menu` [ RunTime:0.0104s ]
SQL: SELECT * FROM `menu` WHERE ( t_id=1 )  [ RunTime:0.0006s ]
NOTIC: [8] Undefined variable: temarr E:\Demo\zuji\Application\Home\Controller\MainController.class.php 第 132 行.
NOTIC: [2] array_merge(): Argument #2 is not an array E:\Demo\zuji\Application\Home\Controller\MainController.class.php 第 132 行.
SQL: SELECT * FROM `menu` WHERE ( t_id=1 )  [ RunTime:0.0004s ]
NOTIC: [8] Undefined variable: temarr E:\Demo\zuji\Application\Home\Controller\MainController.class.php 第 132 行.
NOTIC: [2] array_merge(): Argument #1 is not an array E:\Demo\zuji\Application\Home\Controller\MainController.class.php 第 132 行.
SQL: SELECT * FROM `menu` WHERE ( t_id=1 )  [ RunTime:0.0004s ]
NOTIC: [8] Undefined variable: temarr E:\Demo\zuji\Application\Home\Controller\MainController.class.php 第 132 行.
NOTIC: [2] array_merge(): Argument #1 is not an array E:\Demo\zuji\Application\Home\Controller\MainController.class.php 第 132 行.
SQL: SELECT * FROM `menu` WHERE ( t_id=1 )  [ RunTime:0.0004s ]
NOTIC: [8] Undefined variable: temarr E:\Demo\zuji\Application\Home\Controller\MainController.class.php 第 132 行.
NOTIC: [2] array_merge(): Argument #1 is not an array E:\Demo\zuji\Application\Home\Controller\MainController.class.php 第 132 行.

[ 2017-08-25T16:16:03+08:00 ] 127.0.0.1 /zuji/index.php?c=main&a=gettourmenu&t_id=1&type=humanities
INFO: [ app_init ] --START--
INFO: Run Behavior\BuildLiteBehavior [ RunTime:0.000040s ]
INFO: [ app_init ] --END-- [ RunTime:0.000727s ]
INFO: [ app_begin ] --START--
INFO: Run Behavior\ReadHtmlCacheBehavior [ RunTime:0.000917s ]
INFO: [ app_begin ] --END-- [ RunTime:0.001111s ]
SQL: SHOW COLUMNS FROM `menu` [ RunTime:0.0102s ]
SQL: SELECT * FROM `menu` WHERE ( t_id=1 )  [ RunTime:0.0004s ]
NOTIC: [8] Undefined variable: temarr E:\Demo\zuji\Application\Home\Controller\MainController.class.php 第 132 行.
NOTIC: [2] array_merge(): Argument #2 is not an array E:\Demo\zuji\Application\Home\Controller\MainController.class.php 第 132 行.
SQL: SELECT * FROM `menu` WHERE ( t_id=1 )  [ RunTime:0.0004s ]
NOTIC: [8] Undefined variable: temarr E:\Demo\zuji\Application\Home\Controller\MainController.class.php 第 132 行.
NOTIC: [2] array_merge(): Argument #1 is not an array E:\Demo\zuji\Application\Home\Controller\MainController.class.php 第 132 行.
SQL: SELECT * FROM `menu` WHERE ( t_id=1 )  [ RunTime:0.0004s ]
NOTIC: [8] Undefined variable: temarr E:\Demo\zuji\Application\Home\Controller\MainController.class.php 第 132 行.
NOTIC: [2] array_merge(): Argument #1 is not an array E:\Demo\zuji\Application\Home\Controller\MainController.class.php 第 132 行.
SQL: SELECT * FROM `menu` WHERE ( t_id=1 )  [ RunTime:0.0003s ]
NOTIC: [8] Undefined variable: temarr E:\Demo\zuji\Application\Home\Controller\MainController.class.php 第 132 行.
NOTIC: [2] array_merge(): Argument #1 is not an array E:\Demo\zuji\Application\Home\Controller\MainController.class.php 第 132 行.

[ 2017-08-25T16:16:04+08:00 ] 127.0.0.1 /zuji/index.php?c=main&a=gettourmenu&t_id=1&type=humanities
INFO: [ app_init ] --START--
INFO: Run Behavior\BuildLiteBehavior [ RunTime:0.000040s ]
INFO: [ app_init ] --END-- [ RunTime:0.000776s ]
INFO: [ app_begin ] --START--
INFO: Run Behavior\ReadHtmlCacheBehavior [ RunTime:0.000693s ]
INFO: [ app_begin ] --END-- [ RunTime:0.000871s ]
SQL: SHOW COLUMNS FROM `menu` [ RunTime:0.0074s ]
SQL: SELECT * FROM `menu` WHERE ( t_id=1 )  [ RunTime:0.0005s ]
NOTIC: [8] Undefined variable: temarr E:\Demo\zuji\Application\Home\Controller\MainController.class.php 第 132 行.
NOTIC: [2] array_merge(): Argument #2 is not an array E:\Demo\zuji\Application\Home\Controller\MainController.class.php 第 132 行.
SQL: SELECT * FROM `menu` WHERE ( t_id=1 )  [ RunTime:0.0004s ]
NOTIC: [8] Undefined variable: temarr E:\Demo\zuji\Application\Home\Controller\MainController.class.php 第 132 行.
NOTIC: [2] array_merge(): Argument #1 is not an array E:\Demo\zuji\Application\Home\Controller\MainController.class.php 第 132 行.
SQL: SELECT * FROM `menu` WHERE ( t_id=1 )  [ RunTime:0.0004s ]
NOTIC: [8] Undefined variable: temarr E:\Demo\zuji\Application\Home\Controller\MainController.class.php 第 132 行.
NOTIC: [2] array_merge(): Argument #1 is not an array E:\Demo\zuji\Application\Home\Controller\MainController.class.php 第 132 行.
SQL: SELECT * FROM `menu` WHERE ( t_id=1 )  [ RunTime:0.0004s ]
NOTIC: [8] Undefined variable: temarr E:\Demo\zuji\Application\Home\Controller\MainController.class.php 第 132 行.
NOTIC: [2] array_merge(): Argument #1 is not an array E:\Demo\zuji\Application\Home\Controller\MainController.class.php 第 132 行.

[ 2017-08-25T16:16:57+08:00 ] 127.0.0.1 /zuji/index.php?c=main&a=gettourmenu&t_id=1&type=humanities
INFO: [ app_init ] --START--
INFO: Run Behavior\BuildLiteBehavior [ RunTime:0.000025s ]
INFO: [ app_init ] --END-- [ RunTime:0.000518s ]
INFO: [ app_begin ] --START--
INFO: Run Behavior\ReadHtmlCacheBehavior [ RunTime:0.000681s ]
INFO: [ app_begin ] --END-- [ RunTime:0.000822s ]
SQL: SHOW COLUMNS FROM `menu` [ RunTime:0.0069s ]
SQL: SELECT * FROM `menu` WHERE ( t_id=1 )  [ RunTime:0.0004s ]
NOTIC: [8] Undefined variable: temarr E:\Demo\zuji\Application\Home\Controller\MainController.class.php 第 132 行.
NOTIC: [2] array_merge(): Argument #2 is not an array E:\Demo\zuji\Application\Home\Controller\MainController.class.php 第 132 行.
SQL: SELECT * FROM `menu` WHERE ( t_id=1 )  [ RunTime:0.0003s ]
NOTIC: [8] Undefined variable: temarr E:\Demo\zuji\Application\Home\Controller\MainController.class.php 第 132 行.
NOTIC: [2] array_merge(): Argument #1 is not an array E:\Demo\zuji\Application\Home\Controller\MainController.class.php 第 132 行.
SQL: SELECT * FROM `menu` WHERE ( t_id=1 )  [ RunTime:0.0003s ]
NOTIC: [8] Undefined variable: temarr E:\Demo\zuji\Application\Home\Controller\MainController.class.php 第 132 行.
NOTIC: [2] array_merge(): Argument #1 is not an array E:\Demo\zuji\Application\Home\Controller\MainController.class.php 第 132 行.
SQL: SELECT * FROM `menu` WHERE ( t_id=1 )  [ RunTime:0.0002s ]
NOTIC: [8] Undefined variable: temarr E:\Demo\zuji\Application\Home\Controller\MainController.class.php 第 132 行.
NOTIC: [2] array_merge(): Argument #1 is not an array E:\Demo\zuji\Application\Home\Controller\MainController.class.php 第 132 行.

[ 2017-08-25T16:16:58+08:00 ] 127.0.0.1 /zuji/index.php?c=main&a=gettourmenu&t_id=1&type=humanities
INFO: [ app_init ] --START--
INFO: Run Behavior\BuildLiteBehavior [ RunTime:0.000024s ]
INFO: [ app_init ] --END-- [ RunTime:0.000463s ]
INFO: [ app_begin ] --START--
INFO: Run Behavior\ReadHtmlCacheBehavior [ RunTime:0.000746s ]
INFO: [ app_begin ] --END-- [ RunTime:0.000882s ]
SQL: SHOW COLUMNS FROM `menu` [ RunTime:0.0071s ]
SQL: SELECT * FROM `menu` WHERE ( t_id=1 )  [ RunTime:0.0003s ]
NOTIC: [8] Undefined variable: temarr E:\Demo\zuji\Application\Home\Controller\MainController.class.php 第 132 行.
NOTIC: [2] array_merge(): Argument #2 is not an array E:\Demo\zuji\Application\Home\Controller\MainController.class.php 第 132 行.
SQL: SELECT * FROM `menu` WHERE ( t_id=1 )  [ RunTime:0.0002s ]
NOTIC: [8] Undefined variable: temarr E:\Demo\zuji\Application\Home\Controller\MainController.class.php 第 132 行.
NOTIC: [2] array_merge(): Argument #1 is not an array E:\Demo\zuji\Application\Home\Controller\MainController.class.php 第 132 行.
SQL: SELECT * FROM `menu` WHERE ( t_id=1 )  [ RunTime:0.0002s ]
NOTIC: [8] Undefined variable: temarr E:\Demo\zuji\Application\Home\Controller\MainController.class.php 第 132 行.
NOTIC: [2] array_merge(): Argument #1 is not an array E:\Demo\zuji\Application\Home\Controller\MainController.class.php 第 132 行.
SQL: SELECT * FROM `menu` WHERE ( t_id=1 )  [ RunTime:0.0002s ]
NOTIC: [8] Undefined variable: temarr E:\Demo\zuji\Application\Home\Controller\MainController.class.php 第 132 行.
NOTIC: [2] array_merge(): Argument #1 is not an array E:\Demo\zuji\Application\Home\Controller\MainController.class.php 第 132 行.

[ 2017-08-25T16:16:59+08:00 ] 127.0.0.1 /zuji/index.php?c=main&a=gettourmenu&t_id=1&type=humanities
INFO: [ app_init ] --START--
INFO: Run Behavior\BuildLiteBehavior [ RunTime:0.000025s ]
INFO: [ app_init ] --END-- [ RunTime:0.000492s ]
INFO: [ app_begin ] --START--
INFO: Run Behavior\ReadHtmlCacheBehavior [ RunTime:0.000528s ]
INFO: [ app_begin ] --END-- [ RunTime:0.000649s ]
SQL: SHOW COLUMNS FROM `menu` [ RunTime:0.0086s ]
SQL: SELECT * FROM `menu` WHERE ( t_id=1 )  [ RunTime:0.0005s ]
NOTIC: [8] Undefined variable: temarr E:\Demo\zuji\Application\Home\Controller\MainController.class.php 第 132 行.
NOTIC: [2] array_merge(): Argument #2 is not an array E:\Demo\zuji\Application\Home\Controller\MainController.class.php 第 132 行.
SQL: SELECT * FROM `menu` WHERE ( t_id=1 )  [ RunTime:0.0004s ]
NOTIC: [8] Undefined variable: temarr E:\Demo\zuji\Application\Home\Controller\MainController.class.php 第 132 行.
NOTIC: [2] array_merge(): Argument #1 is not an array E:\Demo\zuji\Application\Home\Controller\MainController.class.php 第 132 行.
SQL: SELECT * FROM `menu` WHERE ( t_id=1 )  [ RunTime:0.0004s ]
NOTIC: [8] Undefined variable: temarr E:\Demo\zuji\Application\Home\Controller\MainController.class.php 第 132 行.
NOTIC: [2] array_merge(): Argument #1 is not an array E:\Demo\zuji\Application\Home\Controller\MainController.class.php 第 132 行.
SQL: SELECT * FROM `menu` WHERE ( t_id=1 )  [ RunTime:0.0005s ]
NOTIC: [8] Undefined variable: temarr E:\Demo\zuji\Application\Home\Controller\MainController.class.php 第 132 行.
NOTIC: [2] array_merge(): Argument #1 is not an array E:\Demo\zuji\Application\Home\Controller\MainController.class.php 第 132 行.

[ 2017-08-25T16:16:59+08:00 ] 127.0.0.1 /zuji/index.php?c=main&a=gettourmenu&t_id=1&type=humanities
INFO: [ app_init ] --START--
INFO: Run Behavior\BuildLiteBehavior [ RunTime:0.000043s ]
INFO: [ app_init ] --END-- [ RunTime:0.000636s ]
INFO: [ app_begin ] --START--
INFO: Run Behavior\ReadHtmlCacheBehavior [ RunTime:0.000512s ]
INFO: [ app_begin ] --END-- [ RunTime:0.000632s ]
SQL: SHOW COLUMNS FROM `menu` [ RunTime:0.0076s ]
SQL: SELECT * FROM `menu` WHERE ( t_id=1 )  [ RunTime:0.0004s ]
NOTIC: [8] Undefined variable: temarr E:\Demo\zuji\Application\Home\Controller\MainController.class.php 第 132 行.
NOTIC: [2] array_merge(): Argument #2 is not an array E:\Demo\zuji\Application\Home\Controller\MainController.class.php 第 132 行.
SQL: SELECT * FROM `menu` WHERE ( t_id=1 )  [ RunTime:0.0003s ]
NOTIC: [8] Undefined variable: temarr E:\Demo\zuji\Application\Home\Controller\MainController.class.php 第 132 行.
NOTIC: [2] array_merge(): Argument #1 is not an array E:\Demo\zuji\Application\Home\Controller\MainController.class.php 第 132 行.
SQL: SELECT * FROM `menu` WHERE ( t_id=1 )  [ RunTime:0.0003s ]
NOTIC: [8] Undefined variable: temarr E:\Demo\zuji\Application\Home\Controller\MainController.class.php 第 132 行.
NOTIC: [2] array_merge(): Argument #1 is not an array E:\Demo\zuji\Application\Home\Controller\MainController.class.php 第 132 行.
SQL: SELECT * FROM `menu` WHERE ( t_id=1 )  [ RunTime:0.0003s ]
NOTIC: [8] Undefined variable: temarr E:\Demo\zuji\Application\Home\Controller\MainController.class.php 第 132 行.
NOTIC: [2] array_merge(): Argument #1 is not an array E:\Demo\zuji\Application\Home\Controller\MainController.class.php 第 132 行.

[ 2017-08-25T16:16:59+08:00 ] 127.0.0.1 /zuji/index.php?c=main&a=gettourmenu&t_id=1&type=humanities
INFO: [ app_init ] --START--
INFO: Run Behavior\BuildLiteBehavior [ RunTime:0.000024s ]
INFO: [ app_init ] --END-- [ RunTime:0.000535s ]
INFO: [ app_begin ] --START--
INFO: Run Behavior\ReadHtmlCacheBehavior [ RunTime:0.000534s ]
INFO: [ app_begin ] --END-- [ RunTime:0.000649s ]
SQL: SHOW COLUMNS FROM `menu` [ RunTime:0.0078s ]
SQL: SELECT * FROM `menu` WHERE ( t_id=1 )  [ RunTime:0.0004s ]
NOTIC: [8] Undefined variable: temarr E:\Demo\zuji\Application\Home\Controller\MainController.class.php 第 132 行.
NOTIC: [2] array_merge(): Argument #2 is not an array E:\Demo\zuji\Application\Home\Controller\MainController.class.php 第 132 行.
SQL: SELECT * FROM `menu` WHERE ( t_id=1 )  [ RunTime:0.0003s ]
NOTIC: [8] Undefined variable: temarr E:\Demo\zuji\Application\Home\Controller\MainController.class.php 第 132 行.
NOTIC: [2] array_merge(): Argument #1 is not an array E:\Demo\zuji\Application\Home\Controller\MainController.class.php 第 132 行.
SQL: SELECT * FROM `menu` WHERE ( t_id=1 )  [ RunTime:0.0003s ]
NOTIC: [8] Undefined variable: temarr E:\Demo\zuji\Application\Home\Controller\MainController.class.php 第 132 行.
NOTIC: [2] array_merge(): Argument #1 is not an array E:\Demo\zuji\Application\Home\Controller\MainController.class.php 第 132 行.
SQL: SELECT * FROM `menu` WHERE ( t_id=1 )  [ RunTime:0.0003s ]
NOTIC: [8] Undefined variable: temarr E:\Demo\zuji\Application\Home\Controller\MainController.class.php 第 132 行.
NOTIC: [2] array_merge(): Argument #1 is not an array E:\Demo\zuji\Application\Home\Controller\MainController.class.php 第 132 行.

[ 2017-08-25T16:16:59+08:00 ] 127.0.0.1 /zuji/index.php?c=main&a=gettourmenu&t_id=1&type=humanities
INFO: [ app_init ] --START--
INFO: Run Behavior\BuildLiteBehavior [ RunTime:0.000024s ]
INFO: [ app_init ] --END-- [ RunTime:0.000483s ]
INFO: [ app_begin ] --START--
INFO: Run Behavior\ReadHtmlCacheBehavior [ RunTime:0.000618s ]
INFO: [ app_begin ] --END-- [ RunTime:0.000774s ]
SQL: SHOW COLUMNS FROM `menu` [ RunTime:0.0076s ]
SQL: SELECT * FROM `menu` WHERE ( t_id=1 )  [ RunTime:0.0004s ]
NOTIC: [8] Undefined variable: temarr E:\Demo\zuji\Application\Home\Controller\MainController.class.php 第 132 行.
NOTIC: [2] array_merge(): Argument #2 is not an array E:\Demo\zuji\Application\Home\Controller\MainController.class.php 第 132 行.
SQL: SELECT * FROM `menu` WHERE ( t_id=1 )  [ RunTime:0.0003s ]
NOTIC: [8] Undefined variable: temarr E:\Demo\zuji\Application\Home\Controller\MainController.class.php 第 132 行.
NOTIC: [2] array_merge(): Argument #1 is not an array E:\Demo\zuji\Application\Home\Controller\MainController.class.php 第 132 行.
SQL: SELECT * FROM `menu` WHERE ( t_id=1 )  [ RunTime:0.0003s ]
NOTIC: [8] Undefined variable: temarr E:\Demo\zuji\Application\Home\Controller\MainController.class.php 第 132 行.
NOTIC: [2] array_merge(): Argument #1 is not an array E:\Demo\zuji\Application\Home\Controller\MainController.class.php 第 132 行.
SQL: SELECT * FROM `menu` WHERE ( t_id=1 )  [ RunTime:0.0003s ]
NOTIC: [8] Undefined variable: temarr E:\Demo\zuji\Application\Home\Controller\MainController.class.php 第 132 行.
NOTIC: [2] array_merge(): Argument #1 is not an array E:\Demo\zuji\Application\Home\Controller\MainController.class.php 第 132 行.

[ 2017-08-25T16:18:04+08:00 ] 127.0.0.1 /zuji/index.php?c=main&a=gettourmenu&t_id=1&type=humanities
INFO: [ app_init ] --START--
INFO: Run Behavior\BuildLiteBehavior [ RunTime:0.000025s ]
INFO: [ app_init ] --END-- [ RunTime:0.000469s ]
INFO: [ app_begin ] --START--
INFO: Run Behavior\ReadHtmlCacheBehavior [ RunTime:0.000504s ]
INFO: [ app_begin ] --END-- [ RunTime:0.000618s ]
SQL: SHOW COLUMNS FROM `menu` [ RunTime:0.0080s ]
ERR: 1064:Erreur de syntaxe près de 'menu_type=custom )' à la ligne 1
 [ SQL语句 ] : SELECT * FROM `menu` WHERE ( t_id=1and menu_type=custom ) 
ERR: 1064:Erreur de syntaxe près de 'menu_type=custom )' à la ligne 1
 [ SQL语句 ] : SELECT * FROM `menu` WHERE ( t_id=1and menu_type=custom ) 

[ 2017-08-25T16:18:26+08:00 ] 127.0.0.1 /zuji/index.php?c=main&a=gettourmenu&t_id=1&type=humanities
INFO: [ app_init ] --START--
INFO: Run Behavior\BuildLiteBehavior [ RunTime:0.000039s ]
INFO: [ app_init ] --END-- [ RunTime:0.000750s ]
INFO: [ app_begin ] --START--
INFO: Run Behavior\ReadHtmlCacheBehavior [ RunTime:0.000732s ]
INFO: [ app_begin ] --END-- [ RunTime:0.000937s ]
SQL: SHOW COLUMNS FROM `menu` [ RunTime:0.0085s ]
ERR: 1064:Erreur de syntaxe près de 'menu_type like custom )' à la ligne 1
 [ SQL语句 ] : SELECT * FROM `menu` WHERE ( t_id=1and menu_type like custom ) 
ERR: 1064:Erreur de syntaxe près de 'menu_type like custom )' à la ligne 1
 [ SQL语句 ] : SELECT * FROM `menu` WHERE ( t_id=1and menu_type like custom ) 

[ 2017-08-25T16:18:30+08:00 ] 127.0.0.1 /zuji/index.php?c=main&a=gettourmenu&t_id=1&type=humanities
INFO: [ app_init ] --START--
INFO: Run Behavior\BuildLiteBehavior [ RunTime:0.000026s ]
INFO: [ app_init ] --END-- [ RunTime:0.000519s ]
INFO: [ app_begin ] --START--
INFO: Run Behavior\ReadHtmlCacheBehavior [ RunTime:0.000555s ]
INFO: [ app_begin ] --END-- [ RunTime:0.000677s ]
SQL: SHOW COLUMNS FROM `menu` [ RunTime:0.0074s ]
ERR: 1064:Erreur de syntaxe près de 'menu_type like custom )' à la ligne 1
 [ SQL语句 ] : SELECT * FROM `menu` WHERE ( t_id=1and menu_type like custom ) 
ERR: 1064:Erreur de syntaxe près de 'menu_type like custom )' à la ligne 1
 [ SQL语句 ] : SELECT * FROM `menu` WHERE ( t_id=1and menu_type like custom ) 

[ 2017-08-25T16:19:11+08:00 ] 127.0.0.1 /zuji/index.php?c=main&a=gettourmenu&t_id=1&type=humanities
INFO: [ app_init ] --START--
INFO: Run Behavior\BuildLiteBehavior [ RunTime:0.000042s ]
INFO: [ app_init ] --END-- [ RunTime:0.001719s ]
INFO: [ app_begin ] --START--
INFO: Run Behavior\ReadHtmlCacheBehavior [ RunTime:0.001250s ]
INFO: [ app_begin ] --END-- [ RunTime:0.001452s ]
SQL: SHOW COLUMNS FROM `menu` [ RunTime:0.0072s ]
ERR: 1064:Erreur de syntaxe près de 'menu_type like custom )' à la ligne 1
 [ SQL语句 ] : SELECT * FROM `menu` WHERE ( t_id=1and menu_type like custom ) 
ERR: 1064:Erreur de syntaxe près de 'menu_type like custom )' à la ligne 1
 [ SQL语句 ] : SELECT * FROM `menu` WHERE ( t_id=1and menu_type like custom ) 

[ 2017-08-25T16:19:12+08:00 ] 127.0.0.1 /zuji/index.php?c=main&a=gettourmenu&t_id=1&type=humanities
INFO: [ app_init ] --START--
INFO: Run Behavior\BuildLiteBehavior [ RunTime:0.000039s ]
INFO: [ app_init ] --END-- [ RunTime:0.000644s ]
INFO: [ app_begin ] --START--
INFO: Run Behavior\ReadHtmlCacheBehavior [ RunTime:0.000500s ]
INFO: [ app_begin ] --END-- [ RunTime:0.000610s ]
SQL: SHOW COLUMNS FROM `menu` [ RunTime:0.0078s ]
ERR: 1064:Erreur de syntaxe près de 'menu_type like custom )' à la ligne 1
 [ SQL语句 ] : SELECT * FROM `menu` WHERE ( t_id=1and menu_type like custom ) 
ERR: 1064:Erreur de syntaxe près de 'menu_type like custom )' à la ligne 1
 [ SQL语句 ] : SELECT * FROM `menu` WHERE ( t_id=1and menu_type like custom ) 

[ 2017-08-25T16:19:13+08:00 ] 127.0.0.1 /zuji/index.php?c=main&a=gettourmenu&t_id=1&type=humanities
INFO: [ app_init ] --START--
INFO: Run Behavior\BuildLiteBehavior [ RunTime:0.000038s ]
INFO: [ app_init ] --END-- [ RunTime:0.001105s ]
INFO: [ app_begin ] --START--
INFO: Run Behavior\ReadHtmlCacheBehavior [ RunTime:0.000504s ]
INFO: [ app_begin ] --END-- [ RunTime:0.000619s ]
SQL: SHOW COLUMNS FROM `menu` [ RunTime:0.0069s ]
ERR: 1064:Erreur de syntaxe près de 'menu_type like custom )' à la ligne 1
 [ SQL语句 ] : SELECT * FROM `menu` WHERE ( t_id=1and menu_type like custom ) 
ERR: 1064:Erreur de syntaxe près de 'menu_type like custom )' à la ligne 1
 [ SQL语句 ] : SELECT * FROM `menu` WHERE ( t_id=1and menu_type like custom ) 

[ 2017-08-25T16:19:54+08:00 ] 127.0.0.1 /zuji/index.php?c=main&a=gettourmenu&t_id=1&type=humanities
INFO: [ app_init ] --START--
INFO: Run Behavior\BuildLiteBehavior [ RunTime:0.000025s ]
INFO: [ app_init ] --END-- [ RunTime:0.000501s ]
INFO: [ app_begin ] --START--
INFO: Run Behavior\ReadHtmlCacheBehavior [ RunTime:0.000498s ]
INFO: [ app_begin ] --END-- [ RunTime:0.000624s ]
SQL: SHOW COLUMNS FROM `menu` [ RunTime:0.0071s ]
ERR: 1054:Champ 'custom' inconnu dans where clause
 [ SQL语句 ] : SELECT * FROM `menu` WHERE ( t_id=1 and menu_type like custom ) 
ERR: 1054:Champ 'custom' inconnu dans where clause
 [ SQL语句 ] : SELECT * FROM `menu` WHERE ( t_id=1 and menu_type like custom ) 

[ 2017-08-25T16:20:17+08:00 ] 127.0.0.1 /zuji/index.php?c=main&a=gettourmenu&t_id=1&type=humanities
INFO: [ app_init ] --START--
INFO: Run Behavior\BuildLiteBehavior [ RunTime:0.000039s ]
INFO: [ app_init ] --END-- [ RunTime:0.000686s ]
INFO: [ app_begin ] --START--
INFO: Run Behavior\ReadHtmlCacheBehavior [ RunTime:0.000772s ]
INFO: [ app_begin ] --END-- [ RunTime:0.000970s ]
SQL: SHOW COLUMNS FROM `menu` [ RunTime:0.0085s ]
ERR: 1064:Erreur de syntaxe près de '== custom )' à la ligne 1
 [ SQL语句 ] : SELECT * FROM `menu` WHERE ( t_id=1 and menu_type == custom ) 
ERR: 1064:Erreur de syntaxe près de '== custom )' à la ligne 1
 [ SQL语句 ] : SELECT * FROM `menu` WHERE ( t_id=1 and menu_type == custom ) 

[ 2017-08-25T16:20:18+08:00 ] 127.0.0.1 /zuji/index.php?c=main&a=gettourmenu&t_id=1&type=humanities
INFO: [ app_init ] --START--
INFO: Run Behavior\BuildLiteBehavior [ RunTime:0.000027s ]
INFO: [ app_init ] --END-- [ RunTime:0.000576s ]
INFO: [ app_begin ] --START--
INFO: Run Behavior\ReadHtmlCacheBehavior [ RunTime:0.000536s ]
INFO: [ app_begin ] --END-- [ RunTime:0.000742s ]
SQL: SHOW COLUMNS FROM `menu` [ RunTime:0.0073s ]
ERR: 1064:Erreur de syntaxe près de '== custom )' à la ligne 1
 [ SQL语句 ] : SELECT * FROM `menu` WHERE ( t_id=1 and menu_type == custom ) 
ERR: 1064:Erreur de syntaxe près de '== custom )' à la ligne 1
 [ SQL语句 ] : SELECT * FROM `menu` WHERE ( t_id=1 and menu_type == custom ) 

[ 2017-08-25T16:20:33+08:00 ] 127.0.0.1 /zuji/index.php?c=main&a=gettourmenu&t_id=1&type=humanities
INFO: [ app_init ] --START--
INFO: Run Behavior\BuildLiteBehavior [ RunTime:0.000025s ]
INFO: [ app_init ] --END-- [ RunTime:0.000489s ]
INFO: [ app_begin ] --START--
INFO: Run Behavior\ReadHtmlCacheBehavior [ RunTime:0.000482s ]
INFO: [ app_begin ] --END-- [ RunTime:0.000637s ]
SQL: SHOW COLUMNS FROM `menu` [ RunTime:0.0049s ]
ERR: 1064:Erreur de syntaxe près de 'custom )' à la ligne 1
 [ SQL语句 ] : SELECT * FROM `menu` WHERE ( t_id=1 and menu_type custom ) 
ERR: 1064:Erreur de syntaxe près de 'custom )' à la ligne 1
 [ SQL语句 ] : SELECT * FROM `menu` WHERE ( t_id=1 and menu_type custom ) 

[ 2017-08-25T16:21:31+08:00 ] 127.0.0.1 /zuji/index.php?c=main&a=gettourmenu&t_id=1&type=humanities
INFO: [ app_init ] --START--
INFO: Run Behavior\BuildLiteBehavior [ RunTime:0.000025s ]
INFO: [ app_init ] --END-- [ RunTime:0.000500s ]
INFO: [ app_begin ] --START--
INFO: Run Behavior\ReadHtmlCacheBehavior [ RunTime:0.000579s ]
INFO: [ app_begin ] --END-- [ RunTime:0.000691s ]
SQL: SHOW COLUMNS FROM `menu` [ RunTime:0.0055s ]
SQL: SELECT * FROM `menu` WHERE ( t_id=1 and menu_type = 'custom' )  [ RunTime:0.0004s ]
SQL: SELECT * FROM `menu` WHERE ( t_id=1 and menu_type = 'custom' )  [ RunTime:0.0003s ]
SQL: SELECT * FROM `menu` WHERE ( t_id=1 and menu_type = 'custom' )  [ RunTime:0.0003s ]
SQL: SELECT * FROM `menu` WHERE ( t_id=1 and menu_type = 'custom' )  [ RunTime:0.0003s ]

[ 2017-08-25T16:21:53+08:00 ] 127.0.0.1 /zuji/index.php?c=main&a=gettourmenu&t_id=1&type=humanities
INFO: [ app_init ] --START--
INFO: Run Behavior\BuildLiteBehavior [ RunTime:0.000024s ]
INFO: [ app_init ] --END-- [ RunTime:0.000466s ]
INFO: [ app_begin ] --START--
INFO: Run Behavior\ReadHtmlCacheBehavior [ RunTime:0.000725s ]
INFO: [ app_begin ] --END-- [ RunTime:0.000916s ]
SQL: SHOW COLUMNS FROM `menu` [ RunTime:0.0062s ]
NOTIC: [8] Undefined variable: custom E:\Demo\zuji\Application\Home\Controller\MainController.class.php 第 131 行.
ERR: 1064:Erreur de syntaxe près de ')' à la ligne 1
 [ SQL语句 ] : SELECT * FROM `menu` WHERE ( t_id=1 and menu_type =  ) 
ERR: 1064:Erreur de syntaxe près de ')' à la ligne 1
 [ SQL语句 ] : SELECT * FROM `menu` WHERE ( t_id=1 and menu_type =  ) 

[ 2017-08-25T16:22:46+08:00 ] 127.0.0.1 /zuji/index.php?c=main&a=gettourmenu&t_id=1&type=humanities
INFO: [ app_init ] --START--
INFO: Run Behavior\BuildLiteBehavior [ RunTime:0.000056s ]
INFO: [ app_init ] --END-- [ RunTime:0.000965s ]
INFO: [ app_begin ] --START--
INFO: Run Behavior\ReadHtmlCacheBehavior [ RunTime:0.000952s ]
INFO: [ app_begin ] --END-- [ RunTime:0.001167s ]
SQL: SHOW COLUMNS FROM `menu` [ RunTime:0.0057s ]
ERR: 1054:Champ 'custom' inconnu dans where clause
 [ SQL语句 ] : SELECT * FROM `menu` WHERE ( t_id=1 and menu_type = custom ) 
ERR: 1054:Champ 'custom' inconnu dans where clause
 [ SQL语句 ] : SELECT * FROM `menu` WHERE ( t_id=1 and menu_type = custom ) 

[ 2017-08-25T16:24:58+08:00 ] 127.0.0.1 /zuji/index.php?c=main&a=gettourmenu&t_id=1&type=humanities
INFO: [ app_init ] --START--
INFO: Run Behavior\BuildLiteBehavior [ RunTime:0.000040s ]
INFO: [ app_init ] --END-- [ RunTime:0.006215s ]
INFO: [ app_begin ] --START--
INFO: Run Behavior\ReadHtmlCacheBehavior [ RunTime:0.001136s ]
INFO: [ app_begin ] --END-- [ RunTime:0.001350s ]
SQL: SHOW COLUMNS FROM `menu` [ RunTime:0.0088s ]
ERR: 1054:Champ 'custom' inconnu dans where clause
 [ SQL语句 ] : SELECT * FROM `menu` WHERE ( t_id=1 and menu_type = custom ) 
ERR: 1054:Champ 'custom' inconnu dans where clause
 [ SQL语句 ] : SELECT * FROM `menu` WHERE ( t_id=1 and menu_type = custom ) 

[ 2017-08-25T16:24:59+08:00 ] 127.0.0.1 /zuji/index.php?c=main&a=gettourmenu&t_id=1&type=humanities
INFO: [ app_init ] --START--
INFO: Run Behavior\BuildLiteBehavior [ RunTime:0.000040s ]
INFO: [ app_init ] --END-- [ RunTime:0.000713s ]
INFO: [ app_begin ] --START--
INFO: Run Behavior\ReadHtmlCacheBehavior [ RunTime:0.000725s ]
INFO: [ app_begin ] --END-- [ RunTime:0.000913s ]
SQL: SHOW COLUMNS FROM `menu` [ RunTime:0.0075s ]
ERR: 1054:Champ 'custom' inconnu dans where clause
 [ SQL语句 ] : SELECT * FROM `menu` WHERE ( t_id=1 and menu_type = custom ) 
ERR: 1054:Champ 'custom' inconnu dans where clause
 [ SQL语句 ] : SELECT * FROM `menu` WHERE ( t_id=1 and menu_type = custom ) 

[ 2017-08-25T16:27:48+08:00 ] 127.0.0.1 /zuji/index.php?c=main&a=gettourmenu&t_id=1&type=humanities
INFO: [ app_init ] --START--
INFO: Run Behavior\BuildLiteBehavior [ RunTime:0.000038s ]
INFO: [ app_init ] --END-- [ RunTime:0.000740s ]
INFO: [ app_begin ] --START--
INFO: Run Behavior\ReadHtmlCacheBehavior [ RunTime:0.000597s ]
INFO: [ app_begin ] --END-- [ RunTime:0.000716s ]
SQL: SHOW COLUMNS FROM `menu` [ RunTime:0.0049s ]
ERR: 1054:Champ 'custom' inconnu dans where clause
 [ SQL语句 ] : SELECT * FROM `menu` WHERE ( t_id= 1 and menu_type = custom ) 
ERR: 1054:Champ 'custom' inconnu dans where clause
 [ SQL语句 ] : SELECT * FROM `menu` WHERE ( t_id= 1 and menu_type = custom ) 

[ 2017-08-25T16:27:54+08:00 ] 127.0.0.1 /zuji/index.php?c=main&a=gettourmenu&t_id=1&type=humanities
INFO: [ app_init ] --START--
INFO: Run Behavior\BuildLiteBehavior [ RunTime:0.000051s ]
INFO: [ app_init ] --END-- [ RunTime:0.000939s ]
INFO: [ app_begin ] --START--
INFO: Run Behavior\ReadHtmlCacheBehavior [ RunTime:0.000726s ]
INFO: [ app_begin ] --END-- [ RunTime:0.000884s ]
SQL: SHOW COLUMNS FROM `menu` [ RunTime:0.0067s ]
ERR: 1054:Champ 'custom' inconnu dans where clause
 [ SQL语句 ] : SELECT * FROM `menu` WHERE ( t_id= 1 and menu_type = custom ) 
ERR: 1054:Champ 'custom' inconnu dans where clause
 [ SQL语句 ] : SELECT * FROM `menu` WHERE ( t_id= 1 and menu_type = custom ) 

[ 2017-08-25T16:27:54+08:00 ] 127.0.0.1 /zuji/index.php?c=main&a=gettourmenu&t_id=1&type=humanities
INFO: [ app_init ] --START--
INFO: Run Behavior\BuildLiteBehavior [ RunTime:0.000025s ]
INFO: [ app_init ] --END-- [ RunTime:0.000485s ]
INFO: [ app_begin ] --START--
INFO: Run Behavior\ReadHtmlCacheBehavior [ RunTime:0.000476s ]
INFO: [ app_begin ] --END-- [ RunTime:0.000584s ]
SQL: SHOW COLUMNS FROM `menu` [ RunTime:0.0053s ]
ERR: 1054:Champ 'custom' inconnu dans where clause
 [ SQL语句 ] : SELECT * FROM `menu` WHERE ( t_id= 1 and menu_type = custom ) 
ERR: 1054:Champ 'custom' inconnu dans where clause
 [ SQL语句 ] : SELECT * FROM `menu` WHERE ( t_id= 1 and menu_type = custom ) 

[ 2017-08-25T16:27:55+08:00 ] 127.0.0.1 /zuji/index.php?c=main&a=gettourmenu&t_id=1&type=humanities
INFO: [ app_init ] --START--
INFO: Run Behavior\BuildLiteBehavior [ RunTime:0.000026s ]
INFO: [ app_init ] --END-- [ RunTime:0.000559s ]
INFO: [ app_begin ] --START--
INFO: Run Behavior\ReadHtmlCacheBehavior [ RunTime:0.000505s ]
INFO: [ app_begin ] --END-- [ RunTime:0.000618s ]
SQL: SHOW COLUMNS FROM `menu` [ RunTime:0.0067s ]
ERR: 1054:Champ 'custom' inconnu dans where clause
 [ SQL语句 ] : SELECT * FROM `menu` WHERE ( t_id= 1 and menu_type = custom ) 
ERR: 1054:Champ 'custom' inconnu dans where clause
 [ SQL语句 ] : SELECT * FROM `menu` WHERE ( t_id= 1 and menu_type = custom ) 

[ 2017-08-25T16:29:03+08:00 ] 127.0.0.1 /zuji/index.php?c=main&a=gettourmenu&t_id=1&type=humanities
INFO: [ app_init ] --START--
INFO: Run Behavior\BuildLiteBehavior [ RunTime:0.000024s ]
INFO: [ app_init ] --END-- [ RunTime:0.000491s ]
INFO: [ app_begin ] --START--
INFO: Run Behavior\ReadHtmlCacheBehavior [ RunTime:0.000612s ]
INFO: [ app_begin ] --END-- [ RunTime:0.000779s ]
SQL: SHOW COLUMNS FROM `menu` [ RunTime:0.0077s ]
SQL: SELECT * FROM `menu` WHERE ( t_id= 1 and menu_type = 'custom' )  [ RunTime:0.0003s ]
SQL: SELECT * FROM `menu` WHERE ( t_id= 1 and menu_type = 'history' )  [ RunTime:0.0003s ]
SQL: SELECT * FROM `menu` WHERE ( t_id= 1 and menu_type = 'dress' )  [ RunTime:0.0003s ]
SQL: SELECT * FROM `menu` WHERE ( t_id= 1 and menu_type = 'artwork' )  [ RunTime:0.0003s ]

[ 2017-08-25T16:29:49+08:00 ] 127.0.0.1 /zuji/index.php?c=main&a=gettourmenu&t_id=1&type=history
INFO: [ app_init ] --START--
INFO: Run Behavior\BuildLiteBehavior [ RunTime:0.000024s ]
INFO: [ app_init ] --END-- [ RunTime:0.000504s ]
INFO: [ app_begin ] --START--
INFO: Run Behavior\ReadHtmlCacheBehavior [ RunTime:0.000579s ]
INFO: [ app_begin ] --END-- [ RunTime:0.000695s ]
SQL: SHOW COLUMNS FROM `menu` [ RunTime:0.0077s ]
SQL: SELECT * FROM `menu` WHERE ( t_id= 1 and menu_type = 'history' )  [ RunTime:0.0003s ]

[ 2017-08-25T16:30:10+08:00 ] 127.0.0.1 /zuji/index.php?c=main&a=gettourmenu&t_id=1&type=humanities
INFO: [ app_init ] --START--
INFO: Run Behavior\BuildLiteBehavior [ RunTime:0.000025s ]
INFO: [ app_init ] --END-- [ RunTime:0.000470s ]
INFO: [ app_begin ] --START--
INFO: Run Behavior\ReadHtmlCacheBehavior [ RunTime:0.000501s ]
INFO: [ app_begin ] --END-- [ RunTime:0.000625s ]
SQL: SHOW COLUMNS FROM `menu` [ RunTime:0.0081s ]
SQL: SELECT * FROM `menu` WHERE ( t_id= 1 and menu_type = 'custom' )  [ RunTime:0.0003s ]
SQL: SELECT * FROM `menu` WHERE ( t_id= 1 and menu_type = 'history' )  [ RunTime:0.0003s ]
SQL: SELECT * FROM `menu` WHERE ( t_id= 1 and menu_type = 'dress' )  [ RunTime:0.0003s ]
SQL: SELECT * FROM `menu` WHERE ( t_id= 1 and menu_type = 'artwork' )  [ RunTime:0.0003s ]

[ 2017-08-25T16:31:03+08:00 ] 127.0.0.1 /zuji/index.php?c=main&a=gettourmenu&t_id=1&type=diet
INFO: [ app_init ] --START--
INFO: Run Behavior\BuildLiteBehavior [ RunTime:0.000040s ]
INFO: [ app_init ] --END-- [ RunTime:0.000678s ]
INFO: [ app_begin ] --START--
INFO: Run Behavior\ReadHtmlCacheBehavior [ RunTime:0.000697s ]
INFO: [ app_begin ] --END-- [ RunTime:0.000848s ]
SQL: SHOW COLUMNS FROM `menu` [ RunTime:0.0065s ]
SQL: SELECT * FROM `menu` WHERE ( t_id= 1 and menu_type = 'diet' )  [ RunTime:0.0004s ]

[ 2017-08-25T16:31:10+08:00 ] 127.0.0.1 /zuji/index.php?c=main&a=gettourmenu&t_id=1&type=diet
INFO: [ app_init ] --START--
INFO: Run Behavior\BuildLiteBehavior [ RunTime:0.000026s ]
INFO: [ app_init ] --END-- [ RunTime:0.000936s ]
INFO: [ app_begin ] --START--
INFO: Run Behavior\ReadHtmlCacheBehavior [ RunTime:0.000485s ]
INFO: [ app_begin ] --END-- [ RunTime:0.000598s ]
SQL: SHOW COLUMNS FROM `menu` [ RunTime:0.0088s ]
SQL: SELECT * FROM `menu` WHERE ( t_id= 1 and menu_type = 'diet' )  [ RunTime:0.0005s ]

[ 2017-08-25T16:32:05+08:00 ] 127.0.0.1 /zuji/index.php?c=main&a=gettourmenu&t_id=1&type=diet
INFO: [ app_init ] --START--
INFO: Run Behavior\BuildLiteBehavior [ RunTime:0.000025s ]
INFO: [ app_init ] --END-- [ RunTime:0.000624s ]
INFO: [ app_begin ] --START--
INFO: Run Behavior\ReadHtmlCacheBehavior [ RunTime:0.000734s ]
INFO: [ app_begin ] --END-- [ RunTime:0.000934s ]
SQL: SHOW COLUMNS FROM `menu` [ RunTime:0.0069s ]
SQL: SELECT * FROM `menu` WHERE ( t_id= 1 and menu_type = 'diet' )  [ RunTime:0.0004s ]

[ 2017-08-25T16:50:54+08:00 ] ::1 /zuji/index.php?c=main&a=gettourmenu&t_id=&type=
INFO: [ app_init ] --START--
INFO: Run Behavior\BuildLiteBehavior [ RunTime:0.000040s ]
INFO: [ app_init ] --END-- [ RunTime:0.000990s ]
INFO: [ app_begin ] --START--
INFO: Run Behavior\ReadHtmlCacheBehavior [ RunTime:0.001034s ]
INFO: [ app_begin ] --END-- [ RunTime:0.001205s ]
SQL: SHOW COLUMNS FROM `menu` [ RunTime:0.0088s ]
SQL: SELECT * FROM `menu` WHERE ( t_id= 0 and menu_type = '' )  [ RunTime:0.0007s ]

[ 2017-08-25T16:51:18+08:00 ] ::1 /zuji/index.php?c=main&a=gettourmenu&t_id=1&type=huma
INFO: [ app_init ] --START--
INFO: Run Behavior\BuildLiteBehavior [ RunTime:0.000039s ]
INFO: [ app_init ] --END-- [ RunTime:0.000777s ]
INFO: [ app_begin ] --START--
INFO: Run Behavior\ReadHtmlCacheBehavior [ RunTime:0.000660s ]
INFO: [ app_begin ] --END-- [ RunTime:0.000809s ]
SQL: SHOW COLUMNS FROM `menu` [ RunTime:0.0087s ]
SQL: SELECT * FROM `menu` WHERE ( t_id= 1 and menu_type = 'huma' )  [ RunTime:0.0005s ]

[ 2017-08-25T16:51:56+08:00 ] ::1 /zuji/index.php?c=main&a=gettourmenu&t_id=1&type=huma
INFO: [ app_init ] --START--
INFO: Run Behavior\BuildLiteBehavior [ RunTime:0.000037s ]
INFO: [ app_init ] --END-- [ RunTime:0.000719s ]
INFO: [ app_begin ] --START--
INFO: Run Behavior\ReadHtmlCacheBehavior [ RunTime:0.000882s ]
INFO: [ app_begin ] --END-- [ RunTime:0.001037s ]
SQL: SHOW COLUMNS FROM `menu` [ RunTime:0.0066s ]
SQL: SELECT * FROM `menu` WHERE ( t_id= 1 and menu_type = 'huma' )  [ RunTime:0.0004s ]

[ 2017-08-25T17:02:02+08:00 ] ::1 /zuji/index.php?c=main&a=gettourmenu&t_id=1&type=huma
INFO: [ app_init ] --START--
INFO: Run Behavior\BuildLiteBehavior [ RunTime:0.000026s ]
INFO: [ app_init ] --END-- [ RunTime:0.000663s ]
INFO: [ app_begin ] --START--
INFO: Run Behavior\ReadHtmlCacheBehavior [ RunTime:0.000925s ]
INFO: [ app_begin ] --END-- [ RunTime:0.001084s ]
SQL: SHOW COLUMNS FROM `menu` [ RunTime:0.0091s ]
SQL: SELECT * FROM `menu` WHERE ( t_id= 1 and menu_type = 'huma' )  [ RunTime:0.0005s ]

[ 2017-08-25T17:03:01+08:00 ] ::1 /zuji/index.php?c=main&a=gettourmenu&t_id=1&type=humanities
INFO: [ app_init ] --START--
INFO: Run Behavior\BuildLiteBehavior [ RunTime:0.000041s ]
INFO: [ app_init ] --END-- [ RunTime:0.000833s ]
INFO: [ app_begin ] --START--
INFO: Run Behavior\ReadHtmlCacheBehavior [ RunTime:0.001062s ]
INFO: [ app_begin ] --END-- [ RunTime:0.001235s ]
SQL: SHOW COLUMNS FROM `menu` [ RunTime:0.0085s ]
SQL: SELECT * FROM `menu` WHERE ( t_id= 1 and menu_type = 'custom' )  [ RunTime:0.0005s ]
SQL: SELECT * FROM `menu` WHERE ( t_id= 1 and menu_type = 'history' )  [ RunTime:0.0005s ]
SQL: SELECT * FROM `menu` WHERE ( t_id= 1 and menu_type = 'dress' )  [ RunTime:0.0004s ]
SQL: SELECT * FROM `menu` WHERE ( t_id= 1 and menu_type = 'artwork' )  [ RunTime:0.0004s ]

[ 2017-08-25T17:06:44+08:00 ] ::1 /zuji/index.php?c=main&a=gettourmenu&t_id=1&type=humanities
INFO: [ app_init ] --START--
INFO: Run Behavior\BuildLiteBehavior [ RunTime:0.000044s ]
INFO: [ app_init ] --END-- [ RunTime:0.000871s ]
INFO: [ app_begin ] --START--
INFO: Run Behavior\ReadHtmlCacheBehavior [ RunTime:0.000814s ]
INFO: [ app_begin ] --END-- [ RunTime:0.000998s ]
SQL: SHOW COLUMNS FROM `menu` [ RunTime:0.0064s ]
SQL: SELECT * FROM `menu` WHERE ( t_id= 1 and menu_type = 'custom' )  [ RunTime:0.0006s ]
SQL: SELECT * FROM `menu` WHERE ( t_id= 1 and menu_type = 'history' )  [ RunTime:0.0005s ]
SQL: SELECT * FROM `menu` WHERE ( t_id= 1 and menu_type = 'dress' )  [ RunTime:0.0003s ]
SQL: SELECT * FROM `menu` WHERE ( t_id= 1 and menu_type = 'artwork' )  [ RunTime:0.0003s ]

[ 2017-08-25T17:15:10+08:00 ] ::1 /zuji/index.php?c=main&a=gettourmenu&t_id=1&type=humanities
INFO: [ app_init ] --START--
INFO: Run Behavior\BuildLiteBehavior [ RunTime:0.000057s ]
INFO: [ app_init ] --END-- [ RunTime:0.001079s ]
INFO: [ app_begin ] --START--
INFO: Run Behavior\ReadHtmlCacheBehavior [ RunTime:0.000898s ]
INFO: [ app_begin ] --END-- [ RunTime:0.001061s ]
SQL: SHOW COLUMNS FROM `menu` [ RunTime:0.0065s ]
SQL: SELECT * FROM `menu` WHERE ( t_id= 1 and menu_type = 'custom' )  [ RunTime:0.0006s ]
SQL: SELECT * FROM `menu` WHERE ( t_id= 1 and menu_type = 'history' )  [ RunTime:0.0005s ]
SQL: SELECT * FROM `menu` WHERE ( t_id= 1 and menu_type = 'dress' )  [ RunTime:0.0005s ]
SQL: SELECT * FROM `menu` WHERE ( t_id= 1 and menu_type = 'artwork' )  [ RunTime:0.0005s ]

[ 2017-08-25T17:16:18+08:00 ] ::1 /zuji/index.php?c=main&a=gettourmenu&t_id=1&type=humanities
INFO: [ app_init ] --START--
INFO: Run Behavior\BuildLiteBehavior [ RunTime:0.000041s ]
INFO: [ app_init ] --END-- [ RunTime:0.000824s ]
INFO: [ app_begin ] --START--
INFO: Run Behavior\ReadHtmlCacheBehavior [ RunTime:0.001052s ]
INFO: [ app_begin ] --END-- [ RunTime:0.001235s ]
SQL: SHOW COLUMNS FROM `menu` [ RunTime:0.0075s ]
SQL: SELECT * FROM `menu` WHERE ( t_id= 1 and menu_type = 'custom' )  [ RunTime:0.0005s ]
SQL: SELECT * FROM `menu` WHERE ( t_id= 1 and menu_type = 'history' )  [ RunTime:0.0005s ]
SQL: SELECT * FROM `menu` WHERE ( t_id= 1 and menu_type = 'dress' )  [ RunTime:0.0004s ]
SQL: SELECT * FROM `menu` WHERE ( t_id= 1 and menu_type = 'artwork' )  [ RunTime:0.0003s ]

[ 2017-08-25T17:16:44+08:00 ] ::1 /zuji/index.php?c=main&a=gettourmenu&t_id=1&type=humanities
INFO: [ app_init ] --START--
INFO: Run Behavior\BuildLiteBehavior [ RunTime:0.000039s ]
INFO: [ app_init ] --END-- [ RunTime:0.000797s ]
INFO: [ app_begin ] --START--
INFO: Run Behavior\ReadHtmlCacheBehavior [ RunTime:0.000953s ]
INFO: [ app_begin ] --END-- [ RunTime:0.001127s ]
SQL: SHOW COLUMNS FROM `menu` [ RunTime:0.0069s ]
SQL: SELECT * FROM `menu` WHERE ( t_id= 1 and menu_type = 'custom' )  [ RunTime:0.0005s ]
SQL: SELECT * FROM `menu` WHERE ( t_id= 1 and menu_type = 'history' )  [ RunTime:0.0004s ]
SQL: SELECT * FROM `menu` WHERE ( t_id= 1 and menu_type = 'dress' )  [ RunTime:0.0004s ]
SQL: SELECT * FROM `menu` WHERE ( t_id= 1 and menu_type = 'artwork' )  [ RunTime:0.0004s ]

[ 2017-08-25T17:18:33+08:00 ] ::1 /zuji/index.php?c=main&a=gettourmenu&t_id=1&type=humanities
INFO: [ app_init ] --START--
INFO: Run Behavior\BuildLiteBehavior [ RunTime:0.000044s ]
INFO: [ app_init ] --END-- [ RunTime:0.000733s ]
INFO: [ app_begin ] --START--
INFO: Run Behavior\ReadHtmlCacheBehavior [ RunTime:0.000817s ]
INFO: [ app_begin ] --END-- [ RunTime:0.000988s ]
SQL: SHOW COLUMNS FROM `menu` [ RunTime:0.0096s ]
SQL: SELECT * FROM `menu` WHERE ( t_id= 1 and menu_type = 'custom' )  [ RunTime:0.0005s ]
SQL: SELECT * FROM `menu` WHERE ( t_id= 1 and menu_type = 'history' )  [ RunTime:0.0006s ]
SQL: SELECT * FROM `menu` WHERE ( t_id= 1 and menu_type = 'dress' )  [ RunTime:0.0005s ]
SQL: SELECT * FROM `menu` WHERE ( t_id= 1 and menu_type = 'artwork' )  [ RunTime:0.0004s ]

[ 2017-08-25T17:21:13+08:00 ] ::1 /zuji/index.php?c=main&a=gettourmenu&t_id=1&type=humanities
INFO: [ app_init ] --START--
INFO: Run Behavior\BuildLiteBehavior [ RunTime:0.000041s ]
INFO: [ app_init ] --END-- [ RunTime:0.000799s ]
INFO: [ app_begin ] --START--
INFO: Run Behavior\ReadHtmlCacheBehavior [ RunTime:0.000939s ]
INFO: [ app_begin ] --END-- [ RunTime:0.001109s ]
SQL: SHOW COLUMNS FROM `menu` [ RunTime:0.0075s ]
SQL: SELECT * FROM `menu` WHERE ( t_id= 1 and menu_type = 'custom' )  [ RunTime:0.0007s ]
SQL: SELECT * FROM `menu` WHERE ( t_id= 1 and menu_type = 'history' )  [ RunTime:0.0006s ]
SQL: SELECT * FROM `menu` WHERE ( t_id= 1 and menu_type = 'dress' )  [ RunTime:0.0006s ]
SQL: SELECT * FROM `menu` WHERE ( t_id= 1 and menu_type = 'artwork' )  [ RunTime:0.0006s ]

[ 2017-08-25T17:24:58+08:00 ] ::1 /zuji/index.php?c=main&a=gettourmenu&t_id=1&type=humanities
INFO: [ app_init ] --START--
INFO: Run Behavior\BuildLiteBehavior [ RunTime:0.000047s ]
INFO: [ app_init ] --END-- [ RunTime:0.000843s ]
INFO: [ app_begin ] --START--
INFO: Run Behavior\ReadHtmlCacheBehavior [ RunTime:0.000993s ]
INFO: [ app_begin ] --END-- [ RunTime:0.001172s ]
SQL: SHOW COLUMNS FROM `menu` [ RunTime:0.0068s ]
SQL: SELECT * FROM `menu` WHERE ( t_id= 1 and menu_type = 'custom' )  [ RunTime:0.0005s ]
SQL: SELECT * FROM `menu` WHERE ( t_id= 1 and menu_type = 'history' )  [ RunTime:0.0005s ]
SQL: SELECT * FROM `menu` WHERE ( t_id= 1 and menu_type = 'dress' )  [ RunTime:0.0004s ]
SQL: SELECT * FROM `menu` WHERE ( t_id= 1 and menu_type = 'artwork' )  [ RunTime:0.0004s ]

[ 2017-08-25T17:25:48+08:00 ] ::1 /zuji/index.php?c=main&a=gettourmenu&t_id=1&type=humanities
INFO: [ app_init ] --START--
INFO: Run Behavior\BuildLiteBehavior [ RunTime:0.000042s ]
INFO: [ app_init ] --END-- [ RunTime:0.000753s ]
INFO: [ app_begin ] --START--
INFO: Run Behavior\ReadHtmlCacheBehavior [ RunTime:0.000801s ]
INFO: [ app_begin ] --END-- [ RunTime:0.001006s ]
SQL: SHOW COLUMNS FROM `menu` [ RunTime:0.0070s ]
SQL: SELECT * FROM `menu` WHERE ( t_id= 1 and menu_type = 'custom' )  [ RunTime:0.0005s ]
SQL: SELECT * FROM `menu` WHERE ( t_id= 1 and menu_type = 'history' )  [ RunTime:0.0004s ]
SQL: SELECT * FROM `menu` WHERE ( t_id= 1 and menu_type = 'dress' )  [ RunTime:0.0005s ]
SQL: SELECT * FROM `menu` WHERE ( t_id= 1 and menu_type = 'artwork' )  [ RunTime:0.0004s ]

[ 2017-08-25T17:26:38+08:00 ] ::1 /zuji/index.php?c=main&a=gettourmenu&t_id=1&type=humanities
INFO: [ app_init ] --START--
INFO: Run Behavior\BuildLiteBehavior [ RunTime:0.000042s ]
INFO: [ app_init ] --END-- [ RunTime:0.000821s ]
INFO: [ app_begin ] --START--
INFO: Run Behavior\ReadHtmlCacheBehavior [ RunTime:0.000847s ]
INFO: [ app_begin ] --END-- [ RunTime:0.001015s ]
SQL: SHOW COLUMNS FROM `menu` [ RunTime:0.0070s ]
SQL: SELECT * FROM `menu` WHERE ( t_id= 1 and menu_type = 'custom' )  [ RunTime:0.0005s ]
SQL: SELECT * FROM `menu` WHERE ( t_id= 1 and menu_type = 'history' )  [ RunTime:0.0004s ]
SQL: SELECT * FROM `menu` WHERE ( t_id= 1 and menu_type = 'dress' )  [ RunTime:0.0004s ]
SQL: SELECT * FROM `menu` WHERE ( t_id= 1 and menu_type = 'artwork' )  [ RunTime:0.0003s ]

[ 2017-08-25T17:28:48+08:00 ] ::1 /zuji/index.php?c=main&a=gettourmenu&t_id=1&type=humanities
INFO: [ app_init ] --START--
INFO: Run Behavior\BuildLiteBehavior [ RunTime:0.000040s ]
INFO: [ app_init ] --END-- [ RunTime:0.000893s ]
INFO: [ app_begin ] --START--
INFO: Run Behavior\ReadHtmlCacheBehavior [ RunTime:0.001358s ]
INFO: [ app_begin ] --END-- [ RunTime:0.001556s ]
SQL: SHOW COLUMNS FROM `menu` [ RunTime:0.0066s ]
SQL: SELECT * FROM `menu` WHERE ( t_id= 1 and menu_type = 'custom' )  [ RunTime:0.0008s ]
SQL: SELECT * FROM `menu` WHERE ( t_id= 1 and menu_type = 'history' )  [ RunTime:0.0005s ]
SQL: SELECT * FROM `menu` WHERE ( t_id= 1 and menu_type = 'dress' )  [ RunTime:0.0005s ]
SQL: SELECT * FROM `menu` WHERE ( t_id= 1 and menu_type = 'artwork' )  [ RunTime:0.0005s ]

[ 2017-08-25T17:31:15+08:00 ] ::1 /zuji/index.php?c=main&a=gettourmenu&t_id=1&type=humanities
INFO: [ app_init ] --START--
INFO: Run Behavior\BuildLiteBehavior [ RunTime:0.000037s ]
INFO: [ app_init ] --END-- [ RunTime:0.000742s ]
INFO: [ app_begin ] --START--
INFO: Run Behavior\ReadHtmlCacheBehavior [ RunTime:0.000990s ]
INFO: [ app_begin ] --END-- [ RunTime:0.001154s ]
SQL: SHOW COLUMNS FROM `menu` [ RunTime:0.0067s ]
SQL: SELECT * FROM `menu` WHERE ( t_id= 1 and menu_type = 'custom' )  [ RunTime:0.0006s ]
SQL: SELECT * FROM `menu` WHERE ( t_id= 1 and menu_type = 'history' )  [ RunTime:0.0005s ]
SQL: SELECT * FROM `menu` WHERE ( t_id= 1 and menu_type = 'dress' )  [ RunTime:0.0005s ]
SQL: SELECT * FROM `menu` WHERE ( t_id= 1 and menu_type = 'artwork' )  [ RunTime:0.0005s ]

[ 2017-08-25T17:40:21+08:00 ] 127.0.0.1 /zuji/index.php?c=main&a=gettouristareabyid&t_id=1
INFO: [ app_init ] --START--
INFO: Run Behavior\BuildLiteBehavior [ RunTime:0.000026s ]
INFO: [ app_init ] --END-- [ RunTime:0.000607s ]
INFO: [ app_begin ] --START--
INFO: Run Behavior\ReadHtmlCacheBehavior [ RunTime:0.000965s ]
INFO: [ app_begin ] --END-- [ RunTime:0.001166s ]
SQL: select touristarea.*, nation.n_name, province.p_name from touristarea,nation,province where touristarea.n_id = nation.n_id and province.p_id = nation.n_id and touristarea.t_id = '{t_id}' [ RunTime:0.0005s ]

[ 2017-08-25T17:41:19+08:00 ] 127.0.0.1 /zuji/index.php?c=main&a=gettouristareabyid&t_id=1
INFO: [ app_init ] --START--
INFO: Run Behavior\BuildLiteBehavior [ RunTime:0.000024s ]
INFO: [ app_init ] --END-- [ RunTime:0.000510s ]
INFO: [ app_begin ] --START--
INFO: Run Behavior\ReadHtmlCacheBehavior [ RunTime:0.001298s ]
INFO: [ app_begin ] --END-- [ RunTime:0.001522s ]
SQL: select touristarea.*, nation.n_name, province.p_name from touristarea,nation,province where touristarea.n_id = nation.n_id and province.p_id = nation.p_id and touristarea.t_id = '{t_id}' [ RunTime:0.0005s ]

[ 2017-08-25T17:41:20+08:00 ] 127.0.0.1 /zuji/index.php?c=main&a=gettouristareabyid&t_id=1
INFO: [ app_init ] --START--
INFO: Run Behavior\BuildLiteBehavior [ RunTime:0.000038s ]
INFO: [ app_init ] --END-- [ RunTime:0.000669s ]
INFO: [ app_begin ] --START--
INFO: Run Behavior\ReadHtmlCacheBehavior [ RunTime:0.000724s ]
INFO: [ app_begin ] --END-- [ RunTime:0.000912s ]
SQL: select touristarea.*, nation.n_name, province.p_name from touristarea,nation,province where touristarea.n_id = nation.n_id and province.p_id = nation.p_id and touristarea.t_id = '{t_id}' [ RunTime:0.0004s ]

[ 2017-08-25T17:41:21+08:00 ] 127.0.0.1 /zuji/index.php?c=main&a=gettouristareabyid&t_id=1
INFO: [ app_init ] --START--
INFO: Run Behavior\BuildLiteBehavior [ RunTime:0.000025s ]
INFO: [ app_init ] --END-- [ RunTime:0.000484s ]
INFO: [ app_begin ] --START--
INFO: Run Behavior\ReadHtmlCacheBehavior [ RunTime:0.000613s ]
INFO: [ app_begin ] --END-- [ RunTime:0.000760s ]
SQL: select touristarea.*, nation.n_name, province.p_name from touristarea,nation,province where touristarea.n_id = nation.n_id and province.p_id = nation.p_id and touristarea.t_id = '{t_id}' [ RunTime:0.0003s ]

[ 2017-08-25T17:41:40+08:00 ] 127.0.0.1 /zuji/index.php?c=main&a=gettouristareabyid&t_id=1
INFO: [ app_init ] --START--
INFO: Run Behavior\BuildLiteBehavior [ RunTime:0.000024s ]
INFO: [ app_init ] --END-- [ RunTime:0.000458s ]
INFO: [ app_begin ] --START--
INFO: Run Behavior\ReadHtmlCacheBehavior [ RunTime:0.000514s ]
INFO: [ app_begin ] --END-- [ RunTime:0.000647s ]
SQL: select touristarea.*, nation.n_name, province.p_name from touristarea,nation,province where touristarea.n_id = nation.n_id and province.p_id = nation.p_id and touristarea.t_id = '1' [ RunTime:0.0469s ]

[ 2017-08-25T17:44:40+08:00 ] 127.0.0.1 /zuji/index.php?c=main&a=gettouristareabyid&t_id=1
INFO: [ app_init ] --START--
INFO: Run Behavior\BuildLiteBehavior [ RunTime:0.000041s ]
INFO: [ app_init ] --END-- [ RunTime:0.000803s ]
INFO: [ app_begin ] --START--
INFO: Run Behavior\ReadHtmlCacheBehavior [ RunTime:0.000975s ]
INFO: [ app_begin ] --END-- [ RunTime:0.001177s ]
ERR: 1064:Erreur de syntaxe près de '.n_name, province.p_name from touristarea,nation,province where touristarea.n_id' à la ligne 1
 [ SQL语句 ] : select touristarea.t_id,touristarea.t_name,touristarea.t_renwen,touristarea.t_yinshi,touristarea.t_jianzhu,touristarea.t_cardimg nation.n_name, province.p_name from touristarea,nation,province where touristarea.n_id = nation.n_id and province.p_id = nation.p_id and touristarea.t_id = '1'
ERR: 1064:Erreur de syntaxe près de '.n_name, province.p_name from touristarea,nation,province where touristarea.n_id' à la ligne 1
 [ SQL语句 ] : select touristarea.t_id,touristarea.t_name,touristarea.t_renwen,touristarea.t_yinshi,touristarea.t_jianzhu,touristarea.t_cardimg nation.n_name, province.p_name from touristarea,nation,province where touristarea.n_id = nation.n_id and province.p_id = nation.p_id and touristarea.t_id = '1'

[ 2017-08-25T17:44:52+08:00 ] 127.0.0.1 /zuji/index.php?c=main&a=gettouristareabyid&t_id=1
INFO: [ app_init ] --START--
INFO: Run Behavior\BuildLiteBehavior [ RunTime:0.000039s ]
INFO: [ app_init ] --END-- [ RunTime:0.000749s ]
INFO: [ app_begin ] --START--
INFO: Run Behavior\ReadHtmlCacheBehavior [ RunTime:0.000821s ]
INFO: [ app_begin ] --END-- [ RunTime:0.001012s ]
SQL: select touristarea.t_id,touristarea.t_name,touristarea.t_renwen,touristarea.t_yinshi,touristarea.t_jianzhu,touristarea.t_cardimg, nation.n_name, province.p_name from touristarea,nation,province where touristarea.n_id = nation.n_id and province.p_id = nation.p_id and touristarea.t_id = '1' [ RunTime:0.0005s ]

[ 2017-08-25T17:52:14+08:00 ] ::1 /zuji/index.php?c=main&a=gettouristareabyid&t_id=1
INFO: [ app_init ] --START--
INFO: Run Behavior\BuildLiteBehavior [ RunTime:0.000044s ]
INFO: [ app_init ] --END-- [ RunTime:0.000973s ]
INFO: [ app_begin ] --START--
INFO: Run Behavior\ReadHtmlCacheBehavior [ RunTime:0.000880s ]
INFO: [ app_begin ] --END-- [ RunTime:0.001078s ]
SQL: select touristarea.t_id,touristarea.t_name,touristarea.t_renwen,touristarea.t_yinshi,touristarea.t_jianzhu,touristarea.t_cardimg, nation.n_name, province.p_name from touristarea,nation,province where touristarea.n_id = nation.n_id and province.p_id = nation.p_id and touristarea.t_id = '1' [ RunTime:0.0025s ]

[ 2017-08-25T17:52:14+08:00 ] ::1 /zuji/index.php?c=main&a=gettourmenu&t_id=1&type=humanities
INFO: [ app_init ] --START--
INFO: Run Behavior\BuildLiteBehavior [ RunTime:0.000037s ]
INFO: [ app_init ] --END-- [ RunTime:0.000960s ]
INFO: [ app_begin ] --START--
INFO: Run Behavior\ReadHtmlCacheBehavior [ RunTime:0.000891s ]
INFO: [ app_begin ] --END-- [ RunTime:0.001058s ]
SQL: SHOW COLUMNS FROM `menu` [ RunTime:0.0077s ]
SQL: SELECT * FROM `menu` WHERE ( t_id= 1 and menu_type = 'custom' )  [ RunTime:0.0006s ]
SQL: SELECT * FROM `menu` WHERE ( t_id= 1 and menu_type = 'history' )  [ RunTime:0.0005s ]
SQL: SELECT * FROM `menu` WHERE ( t_id= 1 and menu_type = 'dress' )  [ RunTime:0.0004s ]
SQL: SELECT * FROM `menu` WHERE ( t_id= 1 and menu_type = 'artwork' )  [ RunTime:0.0004s ]

[ 2017-08-25T17:52:54+08:00 ] 127.0.0.1 /zuji/index.php?c=main&a=gettouristareabyid&t_id=1
INFO: [ app_init ] --START--
INFO: Run Behavior\BuildLiteBehavior [ RunTime:0.000037s ]
INFO: [ app_init ] --END-- [ RunTime:0.000671s ]
INFO: [ app_begin ] --START--
INFO: Run Behavior\ReadHtmlCacheBehavior [ RunTime:0.000682s ]
INFO: [ app_begin ] --END-- [ RunTime:0.000870s ]
SQL: select touristarea.t_id,touristarea.t_name,touristarea.t_renwen,touristarea.t_yinshi,touristarea.t_jianzhu,touristarea.t_cardimg, nation.n_name, province.p_name from touristarea,nation,province where touristarea.n_id = nation.n_id and province.p_id = nation.p_id and touristarea.t_id = '1' [ RunTime:0.0004s ]

[ 2017-08-25T17:52:58+08:00 ] ::1 /zuji/index.php?c=main&a=gettouristareabyid&t_id=1
INFO: [ app_init ] --START--
INFO: Run Behavior\BuildLiteBehavior [ RunTime:0.000042s ]
INFO: [ app_init ] --END-- [ RunTime:0.000857s ]
INFO: [ app_begin ] --START--
INFO: Run Behavior\ReadHtmlCacheBehavior [ RunTime:0.001305s ]
INFO: [ app_begin ] --END-- [ RunTime:0.001480s ]
SQL: select touristarea.t_id,touristarea.t_name,touristarea.t_renwen,touristarea.t_yinshi,touristarea.t_jianzhu,touristarea.t_cardimg, nation.n_name, province.p_name from touristarea,nation,province where touristarea.n_id = nation.n_id and province.p_id = nation.p_id and touristarea.t_id = '1' [ RunTime:0.0004s ]

[ 2017-08-25T17:52:58+08:00 ] ::1 /zuji/index.php?c=main&a=gettourmenu&t_id=1&type=humanities
INFO: [ app_init ] --START--
INFO: Run Behavior\BuildLiteBehavior [ RunTime:0.000041s ]
INFO: [ app_init ] --END-- [ RunTime:0.000885s ]
INFO: [ app_begin ] --START--
INFO: Run Behavior\ReadHtmlCacheBehavior [ RunTime:0.000967s ]
INFO: [ app_begin ] --END-- [ RunTime:0.001134s ]
SQL: SHOW COLUMNS FROM `menu` [ RunTime:0.0079s ]
SQL: SELECT * FROM `menu` WHERE ( t_id= 1 and menu_type = 'custom' )  [ RunTime:0.0005s ]
SQL: SELECT * FROM `menu` WHERE ( t_id= 1 and menu_type = 'history' )  [ RunTime:0.0007s ]
SQL: SELECT * FROM `menu` WHERE ( t_id= 1 and menu_type = 'dress' )  [ RunTime:0.0007s ]
SQL: SELECT * FROM `menu` WHERE ( t_id= 1 and menu_type = 'artwork' )  [ RunTime:0.0011s ]

[ 2017-08-25T17:53:14+08:00 ] ::1 /zuji/index.php?c=main&a=gettouristareabyid&t_id=1
INFO: [ app_init ] --START--
INFO: Run Behavior\BuildLiteBehavior [ RunTime:0.000041s ]
INFO: [ app_init ] --END-- [ RunTime:0.000716s ]
INFO: [ app_begin ] --START--
INFO: Run Behavior\ReadHtmlCacheBehavior [ RunTime:0.000652s ]
INFO: [ app_begin ] --END-- [ RunTime:0.000802s ]
SQL: select touristarea.t_id,touristarea.t_name,touristarea.t_renwen,touristarea.t_yinshi,touristarea.t_jianzhu,touristarea.t_cardimg, nation.n_name, province.p_name from touristarea,nation,province where touristarea.n_id = nation.n_id and province.p_id = nation.p_id and touristarea.t_id = '1' [ RunTime:0.0005s ]

[ 2017-08-25T17:53:14+08:00 ] ::1 /zuji/index.php?c=main&a=gettourmenu&t_id=1&type=humanities
INFO: [ app_init ] --START--
INFO: Run Behavior\BuildLiteBehavior [ RunTime:0.000041s ]
INFO: [ app_init ] --END-- [ RunTime:0.000752s ]
INFO: [ app_begin ] --START--
INFO: Run Behavior\ReadHtmlCacheBehavior [ RunTime:0.000904s ]
INFO: [ app_begin ] --END-- [ RunTime:0.001075s ]
SQL: SHOW COLUMNS FROM `menu` [ RunTime:0.0079s ]
SQL: SELECT * FROM `menu` WHERE ( t_id= 1 and menu_type = 'custom' )  [ RunTime:0.0006s ]
SQL: SELECT * FROM `menu` WHERE ( t_id= 1 and menu_type = 'history' )  [ RunTime:0.0004s ]
SQL: SELECT * FROM `menu` WHERE ( t_id= 1 and menu_type = 'dress' )  [ RunTime:0.0004s ]
SQL: SELECT * FROM `menu` WHERE ( t_id= 1 and menu_type = 'artwork' )  [ RunTime:0.0004s ]

[ 2017-08-25T17:54:25+08:00 ] ::1 /zuji/index.php?c=main&a=gettouristareabyid&t_id=1
INFO: [ app_init ] --START--
INFO: Run Behavior\BuildLiteBehavior [ RunTime:0.000041s ]
INFO: [ app_init ] --END-- [ RunTime:0.000782s ]
INFO: [ app_begin ] --START--
INFO: Run Behavior\ReadHtmlCacheBehavior [ RunTime:0.000771s ]
INFO: [ app_begin ] --END-- [ RunTime:0.000941s ]
SQL: select touristarea.t_id,touristarea.t_name,touristarea.t_renwen,touristarea.t_yinshi,touristarea.t_jianzhu,touristarea.t_cardimg, nation.n_name, province.p_name from touristarea,nation,province where touristarea.n_id = nation.n_id and province.p_id = nation.p_id and touristarea.t_id = '1' [ RunTime:0.0004s ]

[ 2017-08-25T17:54:25+08:00 ] ::1 /zuji/index.php?c=main&a=gettourmenu&t_id=1&type=humanities
INFO: [ app_init ] --START--
INFO: Run Behavior\BuildLiteBehavior [ RunTime:0.000039s ]
INFO: [ app_init ] --END-- [ RunTime:0.000782s ]
INFO: [ app_begin ] --START--
INFO: Run Behavior\ReadHtmlCacheBehavior [ RunTime:0.000906s ]
INFO: [ app_begin ] --END-- [ RunTime:0.001074s ]
SQL: SHOW COLUMNS FROM `menu` [ RunTime:0.0092s ]
SQL: SELECT * FROM `menu` WHERE ( t_id= 1 and menu_type = 'custom' )  [ RunTime:0.0007s ]
SQL: SELECT * FROM `menu` WHERE ( t_id= 1 and menu_type = 'history' )  [ RunTime:0.0005s ]
SQL: SELECT * FROM `menu` WHERE ( t_id= 1 and menu_type = 'dress' )  [ RunTime:0.0004s ]
SQL: SELECT * FROM `menu` WHERE ( t_id= 1 and menu_type = 'artwork' )  [ RunTime:0.0004s ]

[ 2017-08-25T17:54:36+08:00 ] 127.0.0.1 /zuji/index.php?c=main&a=gettouristareabyid&t_id=1
INFO: [ app_init ] --START--
INFO: Run Behavior\BuildLiteBehavior [ RunTime:0.000066s ]
INFO: [ app_init ] --END-- [ RunTime:0.001158s ]
INFO: [ app_begin ] --START--
INFO: Run Behavior\ReadHtmlCacheBehavior [ RunTime:0.000768s ]
INFO: [ app_begin ] --END-- [ RunTime:0.000964s ]
SQL: select touristarea.t_id,touristarea.t_name,touristarea.t_renwen,touristarea.t_yinshi,touristarea.t_jianzhu,touristarea.t_cardimg, nation.n_name, province.p_name from touristarea,nation,province where touristarea.n_id = nation.n_id and province.p_id = nation.p_id and touristarea.t_id = '1' [ RunTime:0.0004s ]

[ 2017-08-25T17:54:48+08:00 ] ::1 /zuji/index.php?c=main&a=gettouristareabyid&t_id=1
INFO: [ app_init ] --START--
INFO: Run Behavior\BuildLiteBehavior [ RunTime:0.000042s ]
INFO: [ app_init ] --END-- [ RunTime:0.000793s ]
INFO: [ app_begin ] --START--
INFO: Run Behavior\ReadHtmlCacheBehavior [ RunTime:0.000831s ]
INFO: [ app_begin ] --END-- [ RunTime:0.001000s ]
SQL: select touristarea.t_id,touristarea.t_name,touristarea.t_renwen,touristarea.t_yinshi,touristarea.t_jianzhu,touristarea.t_cardimg, nation.n_name, province.p_name from touristarea,nation,province where touristarea.n_id = nation.n_id and province.p_id = nation.p_id and touristarea.t_id = '1' [ RunTime:0.0005s ]

[ 2017-08-25T17:54:48+08:00 ] ::1 /zuji/index.php?c=main&a=gettourmenu&t_id=1&type=humanities
INFO: [ app_init ] --START--
INFO: Run Behavior\BuildLiteBehavior [ RunTime:0.000043s ]
INFO: [ app_init ] --END-- [ RunTime:0.000792s ]
INFO: [ app_begin ] --START--
INFO: Run Behavior\ReadHtmlCacheBehavior [ RunTime:0.000833s ]
INFO: [ app_begin ] --END-- [ RunTime:0.001001s ]
SQL: SHOW COLUMNS FROM `menu` [ RunTime:0.0084s ]
SQL: SELECT * FROM `menu` WHERE ( t_id= 1 and menu_type = 'custom' )  [ RunTime:0.0005s ]
SQL: SELECT * FROM `menu` WHERE ( t_id= 1 and menu_type = 'history' )  [ RunTime:0.0004s ]
SQL: SELECT * FROM `menu` WHERE ( t_id= 1 and menu_type = 'dress' )  [ RunTime:0.0009s ]
SQL: SELECT * FROM `menu` WHERE ( t_id= 1 and menu_type = 'artwork' )  [ RunTime:0.0004s ]

[ 2017-08-25T17:55:39+08:00 ] ::1 /zuji/index.php?c=main&a=gettouristareabyid&t_id=1
INFO: [ app_init ] --START--
INFO: Run Behavior\BuildLiteBehavior [ RunTime:0.000047s ]
INFO: [ app_init ] --END-- [ RunTime:0.000739s ]
INFO: [ app_begin ] --START--
INFO: Run Behavior\ReadHtmlCacheBehavior [ RunTime:0.000832s ]
INFO: [ app_begin ] --END-- [ RunTime:0.000990s ]
SQL: select touristarea.t_id,touristarea.t_name,touristarea.t_renwen,touristarea.t_yinshi,touristarea.t_jianzhu,touristarea.t_cardimg, nation.n_name, province.p_name from touristarea,nation,province where touristarea.n_id = nation.n_id and province.p_id = nation.p_id and touristarea.t_id = '1' [ RunTime:0.0004s ]

[ 2017-08-25T17:55:40+08:00 ] ::1 /zuji/index.php?c=main&a=gettourmenu&t_id=1&type=humanities
INFO: [ app_init ] --START--
INFO: Run Behavior\BuildLiteBehavior [ RunTime:0.000038s ]
INFO: [ app_init ] --END-- [ RunTime:0.000672s ]
INFO: [ app_begin ] --START--
INFO: Run Behavior\ReadHtmlCacheBehavior [ RunTime:0.000873s ]
INFO: [ app_begin ] --END-- [ RunTime:0.001051s ]
SQL: SHOW COLUMNS FROM `menu` [ RunTime:0.0079s ]
SQL: SELECT * FROM `menu` WHERE ( t_id= 1 and menu_type = 'custom' )  [ RunTime:0.0005s ]
SQL: SELECT * FROM `menu` WHERE ( t_id= 1 and menu_type = 'history' )  [ RunTime:0.0005s ]
SQL: SELECT * FROM `menu` WHERE ( t_id= 1 and menu_type = 'dress' )  [ RunTime:0.0004s ]
SQL: SELECT * FROM `menu` WHERE ( t_id= 1 and menu_type = 'artwork' )  [ RunTime:0.0004s ]

[ 2017-08-25T17:55:42+08:00 ] ::1 /zuji/index.php?c=main&a=gettourmenu&t_id=1&type=humanities
INFO: [ app_init ] --START--
INFO: Run Behavior\BuildLiteBehavior [ RunTime:0.000040s ]
INFO: [ app_init ] --END-- [ RunTime:0.000879s ]
INFO: [ app_begin ] --START--
INFO: Run Behavior\ReadHtmlCacheBehavior [ RunTime:0.000999s ]
INFO: [ app_begin ] --END-- [ RunTime:0.001228s ]
SQL: SHOW COLUMNS FROM `menu` [ RunTime:0.0083s ]
SQL: SELECT * FROM `menu` WHERE ( t_id= 1 and menu_type = 'custom' )  [ RunTime:0.0007s ]
SQL: SELECT * FROM `menu` WHERE ( t_id= 1 and menu_type = 'history' )  [ RunTime:0.0015s ]
SQL: SELECT * FROM `menu` WHERE ( t_id= 1 and menu_type = 'dress' )  [ RunTime:0.0005s ]
SQL: SELECT * FROM `menu` WHERE ( t_id= 1 and menu_type = 'artwork' )  [ RunTime:0.0010s ]

[ 2017-08-25T17:55:42+08:00 ] ::1 /zuji/index.php?c=main&a=gettouristareabyid&t_id=1
INFO: [ app_init ] --START--
INFO: Run Behavior\BuildLiteBehavior [ RunTime:0.000040s ]
INFO: [ app_init ] --END-- [ RunTime:0.000831s ]
INFO: [ app_begin ] --START--
INFO: Run Behavior\ReadHtmlCacheBehavior [ RunTime:0.001032s ]
INFO: [ app_begin ] --END-- [ RunTime:0.001214s ]
SQL: select touristarea.t_id,touristarea.t_name,touristarea.t_renwen,touristarea.t_yinshi,touristarea.t_jianzhu,touristarea.t_cardimg, nation.n_name, province.p_name from touristarea,nation,province where touristarea.n_id = nation.n_id and province.p_id = nation.p_id and touristarea.t_id = '1' [ RunTime:0.0005s ]

[ 2017-08-25T17:56:21+08:00 ] ::1 /zuji/index.php?c=main&a=gettourmenu&t_id=1&type=humanities
INFO: [ app_init ] --START--
INFO: Run Behavior\BuildLiteBehavior [ RunTime:0.000038s ]
INFO: [ app_init ] --END-- [ RunTime:0.000707s ]
INFO: [ app_begin ] --START--
INFO: Run Behavior\ReadHtmlCacheBehavior [ RunTime:0.000697s ]
INFO: [ app_begin ] --END-- [ RunTime:0.000846s ]
SQL: SHOW COLUMNS FROM `menu` [ RunTime:0.0067s ]
SQL: SELECT * FROM `menu` WHERE ( t_id= 1 and menu_type = 'custom' )  [ RunTime:0.0005s ]
SQL: SELECT * FROM `menu` WHERE ( t_id= 1 and menu_type = 'history' )  [ RunTime:0.0005s ]
SQL: SELECT * FROM `menu` WHERE ( t_id= 1 and menu_type = 'dress' )  [ RunTime:0.0003s ]
SQL: SELECT * FROM `menu` WHERE ( t_id= 1 and menu_type = 'artwork' )  [ RunTime:0.0003s ]

[ 2017-08-25T17:56:21+08:00 ] ::1 /zuji/index.php?c=main&a=gettouristareabyid&t_id=1
INFO: [ app_init ] --START--
INFO: Run Behavior\BuildLiteBehavior [ RunTime:0.000038s ]
INFO: [ app_init ] --END-- [ RunTime:0.000702s ]
INFO: [ app_begin ] --START--
INFO: Run Behavior\ReadHtmlCacheBehavior [ RunTime:0.000749s ]
INFO: [ app_begin ] --END-- [ RunTime:0.000907s ]
SQL: select touristarea.t_id,touristarea.t_name,touristarea.t_renwen,touristarea.t_yinshi,touristarea.t_jianzhu,touristarea.t_cardimg, nation.n_name, province.p_name from touristarea,nation,province where touristarea.n_id = nation.n_id and province.p_id = nation.p_id and touristarea.t_id = '1' [ RunTime:0.0004s ]

[ 2017-08-25T18:04:51+08:00 ] ::1 /zuji/index.php?c=main&a=gettouristareabyid&t_id=1
INFO: [ app_init ] --START--
INFO: Run Behavior\BuildLiteBehavior [ RunTime:0.000038s ]
INFO: [ app_init ] --END-- [ RunTime:0.000808s ]
INFO: [ app_begin ] --START--
INFO: Run Behavior\ReadHtmlCacheBehavior [ RunTime:0.000847s ]
INFO: [ app_begin ] --END-- [ RunTime:0.001019s ]
SQL: select touristarea.t_id,touristarea.t_name,touristarea.t_renwen,touristarea.t_yinshi,touristarea.t_jianzhu,touristarea.t_cardimg, nation.n_name, province.p_name from touristarea,nation,province where touristarea.n_id = nation.n_id and province.p_id = nation.p_id and touristarea.t_id = '1' [ RunTime:0.0005s ]

[ 2017-08-25T18:04:51+08:00 ] ::1 /zuji/index.php?c=main&a=gettourmenu&t_id=1&type=humanities
INFO: [ app_init ] --START--
INFO: Run Behavior\BuildLiteBehavior [ RunTime:0.000035s ]
INFO: [ app_init ] --END-- [ RunTime:0.000995s ]
INFO: [ app_begin ] --START--
INFO: Run Behavior\ReadHtmlCacheBehavior [ RunTime:0.000818s ]
INFO: [ app_begin ] --END-- [ RunTime:0.000971s ]
SQL: SHOW COLUMNS FROM `menu` [ RunTime:0.0067s ]
SQL: SELECT * FROM `menu` WHERE ( t_id= 1 and menu_type = 'custom' )  [ RunTime:0.0006s ]
SQL: SELECT * FROM `menu` WHERE ( t_id= 1 and menu_type = 'history' )  [ RunTime:0.0004s ]
SQL: SELECT * FROM `menu` WHERE ( t_id= 1 and menu_type = 'dress' )  [ RunTime:0.0004s ]
SQL: SELECT * FROM `menu` WHERE ( t_id= 1 and menu_type = 'artwork' )  [ RunTime:0.0004s ]

[ 2017-08-25T18:05:14+08:00 ] 127.0.0.1 /zuji/index.php?c=main&a=gettouristareabyid&t_id=1
INFO: [ app_init ] --START--
INFO: Run Behavior\BuildLiteBehavior [ RunTime:0.000040s ]
INFO: [ app_init ] --END-- [ RunTime:0.000650s ]
INFO: [ app_begin ] --START--
INFO: Run Behavior\ReadHtmlCacheBehavior [ RunTime:0.000545s ]
INFO: [ app_begin ] --END-- [ RunTime:0.000676s ]
SQL: select touristarea.t_id,touristarea.t_name,touristarea.t_renwen,touristarea.t_yinshi,touristarea.t_jianzhu,touristarea.t_cardimg, nation.n_name, province.p_name from touristarea,nation,province where touristarea.n_id = nation.n_id and province.p_id = nation.p_id and touristarea.t_id = '1' [ RunTime:0.0004s ]

[ 2017-08-25T18:05:40+08:00 ] ::1 /zuji/index.php?c=main&a=gettouristareabyid&t_id=1
INFO: [ app_init ] --START--
INFO: Run Behavior\BuildLiteBehavior [ RunTime:0.000040s ]
INFO: [ app_init ] --END-- [ RunTime:0.000669s ]
INFO: [ app_begin ] --START--
INFO: Run Behavior\ReadHtmlCacheBehavior [ RunTime:0.000753s ]
INFO: [ app_begin ] --END-- [ RunTime:0.000900s ]
SQL: select touristarea.t_id,touristarea.t_name,touristarea.t_renwen,touristarea.t_yinshi,touristarea.t_jianzhu,touristarea.t_cardimg, nation.n_name, province.p_name from touristarea,nation,province where touristarea.n_id = nation.n_id and province.p_id = nation.p_id and touristarea.t_id = '1' [ RunTime:0.0005s ]

[ 2017-08-25T18:05:40+08:00 ] ::1 /zuji/index.php?c=main&a=gettourmenu&t_id=1&type=humanities
INFO: [ app_init ] --START--
INFO: Run Behavior\BuildLiteBehavior [ RunTime:0.000037s ]
INFO: [ app_init ] --END-- [ RunTime:0.000638s ]
INFO: [ app_begin ] --START--
INFO: Run Behavior\ReadHtmlCacheBehavior [ RunTime:0.000654s ]
INFO: [ app_begin ] --END-- [ RunTime:0.000811s ]
SQL: SHOW COLUMNS FROM `menu` [ RunTime:0.0064s ]
SQL: SELECT * FROM `menu` WHERE ( t_id= 1 and menu_type = 'custom' )  [ RunTime:0.0005s ]
SQL: SELECT * FROM `menu` WHERE ( t_id= 1 and menu_type = 'history' )  [ RunTime:0.0005s ]
SQL: SELECT * FROM `menu` WHERE ( t_id= 1 and menu_type = 'dress' )  [ RunTime:0.0004s ]
SQL: SELECT * FROM `menu` WHERE ( t_id= 1 and menu_type = 'artwork' )  [ RunTime:0.0004s ]

[ 2017-08-25T18:07:17+08:00 ] ::1 /zuji/index.php?c=main&a=gettouristareabyid&t_id=1
INFO: [ app_init ] --START--
INFO: Run Behavior\BuildLiteBehavior [ RunTime:0.000040s ]
INFO: [ app_init ] --END-- [ RunTime:0.000814s ]
INFO: [ app_begin ] --START--
INFO: Run Behavior\ReadHtmlCacheBehavior [ RunTime:0.000914s ]
INFO: [ app_begin ] --END-- [ RunTime:0.001074s ]
SQL: select touristarea.t_id,touristarea.t_name,touristarea.t_renwen,touristarea.t_yinshi,touristarea.t_jianzhu,touristarea.t_cardimg, nation.n_name, province.p_name from touristarea,nation,province where touristarea.n_id = nation.n_id and province.p_id = nation.p_id and touristarea.t_id = '1' [ RunTime:0.0006s ]

[ 2017-08-25T18:07:17+08:00 ] ::1 /zuji/index.php?c=main&a=gettourmenu&t_id=1&type=humanities
INFO: [ app_init ] --START--
INFO: Run Behavior\BuildLiteBehavior [ RunTime:0.000041s ]
INFO: [ app_init ] --END-- [ RunTime:0.000882s ]
INFO: [ app_begin ] --START--
INFO: Run Behavior\ReadHtmlCacheBehavior [ RunTime:0.000896s ]
INFO: [ app_begin ] --END-- [ RunTime:0.001055s ]
SQL: SHOW COLUMNS FROM `menu` [ RunTime:0.0098s ]
SQL: SELECT * FROM `menu` WHERE ( t_id= 1 and menu_type = 'custom' )  [ RunTime:0.0006s ]
SQL: SELECT * FROM `menu` WHERE ( t_id= 1 and menu_type = 'history' )  [ RunTime:0.0004s ]
SQL: SELECT * FROM `menu` WHERE ( t_id= 1 and menu_type = 'dress' )  [ RunTime:0.0004s ]
SQL: SELECT * FROM `menu` WHERE ( t_id= 1 and menu_type = 'artwork' )  [ RunTime:0.0003s ]

[ 2017-08-25T18:07:33+08:00 ] ::1 /zuji/index.php?c=main&a=gettouristareabyid&t_id=1
INFO: [ app_init ] --START--
INFO: Run Behavior\BuildLiteBehavior [ RunTime:0.000045s ]
INFO: [ app_init ] --END-- [ RunTime:0.000819s ]
INFO: [ app_begin ] --START--
INFO: Run Behavior\ReadHtmlCacheBehavior [ RunTime:0.001009s ]
INFO: [ app_begin ] --END-- [ RunTime:0.001191s ]
SQL: select touristarea.t_id,touristarea.t_name,touristarea.t_renwen,touristarea.t_yinshi,touristarea.t_jianzhu,touristarea.t_cardimg, nation.n_name, province.p_name from touristarea,nation,province where touristarea.n_id = nation.n_id and province.p_id = nation.p_id and touristarea.t_id = '1' [ RunTime:0.0005s ]

[ 2017-08-25T18:07:33+08:00 ] ::1 /zuji/index.php?c=main&a=gettourmenu&t_id=1&type=humanities
INFO: [ app_init ] --START--
INFO: Run Behavior\BuildLiteBehavior [ RunTime:0.000045s ]
INFO: [ app_init ] --END-- [ RunTime:0.000812s ]
INFO: [ app_begin ] --START--
INFO: Run Behavior\ReadHtmlCacheBehavior [ RunTime:0.001014s ]
INFO: [ app_begin ] --END-- [ RunTime:0.001207s ]
SQL: SHOW COLUMNS FROM `menu` [ RunTime:0.0088s ]
SQL: SELECT * FROM `menu` WHERE ( t_id= 1 and menu_type = 'custom' )  [ RunTime:0.0005s ]
SQL: SELECT * FROM `menu` WHERE ( t_id= 1 and menu_type = 'history' )  [ RunTime:0.0005s ]
SQL: SELECT * FROM `menu` WHERE ( t_id= 1 and menu_type = 'dress' )  [ RunTime:0.0004s ]
SQL: SELECT * FROM `menu` WHERE ( t_id= 1 and menu_type = 'artwork' )  [ RunTime:0.0004s ]

