[ 2017-08-17T15:45:49+08:00 ] 127.0.0.1 /zuji/index.php?c=main&a=getmeanu&page=1&keyword=%E5%90%83%E9%A5%AD&type=humanities
INFO: [ app_init ] --START--
INFO: Run Behavior\BuildLiteBehavior [ RunTime:0.000075s ]
INFO: [ app_init ] --END-- [ RunTime:0.019062s ]
INFO: [ app_begin ] --START--
INFO: Run Behavior\ReadHtmlCacheBehavior [ RunTime:0.011465s ]
INFO: [ app_begin ] --END-- [ RunTime:0.011903s ]

[ 2017-08-17T15:46:26+08:00 ] 127.0.0.1 /zuji/index.php?c=main&a=getmeanu&page=1&keyword=%E5%90%83%E9%A5%AD&type=humanities
INFO: [ app_init ] --START--
INFO: Run Behavior\BuildLiteBehavior [ RunTime:0.000027s ]
INFO: [ app_init ] --END-- [ RunTime:0.000482s ]
INFO: [ app_begin ] --START--
INFO: Run Behavior\ReadHtmlCacheBehavior [ RunTime:0.000579s ]
INFO: [ app_begin ] --END-- [ RunTime:0.000728s ]
ERR: 1064:Erreur de syntaxe près de '%吃饭%' à la ligne 1
 [ SQL语句 ] : select * from meanu where menu_type = custom and menu_content like %吃饭%
ERR: 1064:Erreur de syntaxe près de '%吃饭%' à la ligne 1
 [ SQL语句 ] : select * from meanu where menu_type = custom and menu_content like %吃饭%

[ 2017-08-17T15:47:48+08:00 ] 127.0.0.1 /zuji/index.php?c=main&a=getmeanu&page=1&keyword=%E5%90%83%E9%A5%AD&type=humanities
INFO: [ app_init ] --START--
INFO: Run Behavior\BuildLiteBehavior [ RunTime:0.000026s ]
INFO: [ app_init ] --END-- [ RunTime:0.000470s ]
INFO: [ app_begin ] --START--
INFO: Run Behavior\ReadHtmlCacheBehavior [ RunTime:0.000537s ]
INFO: [ app_begin ] --END-- [ RunTime:0.000662s ]
ERR: 1064:Erreur de syntaxe près de '%%吃饭%%' à la ligne 1
 [ SQL语句 ] : select * from meanu where menu_type = custom and menu_content like %%吃饭%%
ERR: 1064:Erreur de syntaxe près de '%%吃饭%%' à la ligne 1
 [ SQL语句 ] : select * from meanu where menu_type = custom and menu_content like %%吃饭%%

[ 2017-08-17T15:47:50+08:00 ] 127.0.0.1 /zuji/index.php?c=main&a=getmeanu&page=1&keyword=%E5%90%83%E9%A5%AD&type=humanities
INFO: [ app_init ] --START--
INFO: Run Behavior\BuildLiteBehavior [ RunTime:0.000028s ]
INFO: [ app_init ] --END-- [ RunTime:0.000652s ]
INFO: [ app_begin ] --START--
INFO: Run Behavior\ReadHtmlCacheBehavior [ RunTime:0.000597s ]
INFO: [ app_begin ] --END-- [ RunTime:0.000718s ]
ERR: 1064:Erreur de syntaxe près de '%%吃饭%%' à la ligne 1
 [ SQL语句 ] : select * from meanu where menu_type = custom and menu_content like %%吃饭%%
ERR: 1064:Erreur de syntaxe près de '%%吃饭%%' à la ligne 1
 [ SQL语句 ] : select * from meanu where menu_type = custom and menu_content like %%吃饭%%

[ 2017-08-17T15:48:15+08:00 ] 127.0.0.1 /zuji/index.php?c=main&a=getmeanu&page=1&keyword=%E5%90%83%E9%A5%AD&type=humanities
INFO: [ app_init ] --START--
INFO: Run Behavior\BuildLiteBehavior [ RunTime:0.000042s ]
INFO: [ app_init ] --END-- [ RunTime:0.000766s ]
INFO: [ app_begin ] --START--
INFO: Run Behavior\ReadHtmlCacheBehavior [ RunTime:0.000796s ]
INFO: [ app_begin ] --END-- [ RunTime:0.000962s ]
ERR: 1064:Erreur de syntaxe près de '%吃饭%' à la ligne 1
 [ SQL语句 ] : select * from meanu where menu_type = custom and menu_content like %吃饭%
ERR: 1064:Erreur de syntaxe près de '%吃饭%' à la ligne 1
 [ SQL语句 ] : select * from meanu where menu_type = custom and menu_content like %吃饭%

[ 2017-08-17T15:48:16+08:00 ] 127.0.0.1 /zuji/index.php?c=main&a=getmeanu&page=1&keyword=%E5%90%83%E9%A5%AD&type=humanities
INFO: [ app_init ] --START--
INFO: Run Behavior\BuildLiteBehavior [ RunTime:0.000032s ]
INFO: [ app_init ] --END-- [ RunTime:0.000608s ]
INFO: [ app_begin ] --START--
INFO: Run Behavior\ReadHtmlCacheBehavior [ RunTime:0.000567s ]
INFO: [ app_begin ] --END-- [ RunTime:0.000709s ]
ERR: 1064:Erreur de syntaxe près de '%吃饭%' à la ligne 1
 [ SQL语句 ] : select * from meanu where menu_type = custom and menu_content like %吃饭%
ERR: 1064:Erreur de syntaxe près de '%吃饭%' à la ligne 1
 [ SQL语句 ] : select * from meanu where menu_type = custom and menu_content like %吃饭%

[ 2017-08-17T15:50:00+08:00 ] 127.0.0.1 /zuji/index.php?c=main&a=getmenu&page=1&keyword=%E5%90%83%E9%A5%AD&type=humanities
INFO: [ app_init ] --START--
INFO: Run Behavior\BuildLiteBehavior [ RunTime:0.000029s ]
INFO: [ app_init ] --END-- [ RunTime:0.000663s ]
INFO: [ app_begin ] --START--
INFO: Run Behavior\ReadHtmlCacheBehavior [ RunTime:0.000763s ]
INFO: [ app_begin ] --END-- [ RunTime:0.000933s ]
ERR: 1064:Erreur de syntaxe près de '%吃饭%' à la ligne 1
 [ SQL语句 ] : select * from menu where menu_type = custom and menu_content like %吃饭%
ERR: 1064:Erreur de syntaxe près de '%吃饭%' à la ligne 1
 [ SQL语句 ] : select * from menu where menu_type = custom and menu_content like %吃饭%

[ 2017-08-17T15:50:01+08:00 ] 127.0.0.1 /zuji/index.php?c=main&a=getmenu&page=1&keyword=%E5%90%83%E9%A5%AD&type=humanities
INFO: [ app_init ] --START--
INFO: Run Behavior\BuildLiteBehavior [ RunTime:0.000027s ]
INFO: [ app_init ] --END-- [ RunTime:0.000482s ]
INFO: [ app_begin ] --START--
INFO: Run Behavior\ReadHtmlCacheBehavior [ RunTime:0.000628s ]
INFO: [ app_begin ] --END-- [ RunTime:0.000785s ]
ERR: 1064:Erreur de syntaxe près de '%吃饭%' à la ligne 1
 [ SQL语句 ] : select * from menu where menu_type = custom and menu_content like %吃饭%
ERR: 1064:Erreur de syntaxe près de '%吃饭%' à la ligne 1
 [ SQL语句 ] : select * from menu where menu_type = custom and menu_content like %吃饭%

[ 2017-08-17T15:50:02+08:00 ] 127.0.0.1 /zuji/index.php?c=main&a=getmenu&page=1&keyword=%E5%90%83%E9%A5%AD&type=humanities
INFO: [ app_init ] --START--
INFO: Run Behavior\BuildLiteBehavior [ RunTime:0.000027s ]
INFO: [ app_init ] --END-- [ RunTime:0.000476s ]
INFO: [ app_begin ] --START--
INFO: Run Behavior\ReadHtmlCacheBehavior [ RunTime:0.000486s ]
INFO: [ app_begin ] --END-- [ RunTime:0.000602s ]
ERR: 1064:Erreur de syntaxe près de '%吃饭%' à la ligne 1
 [ SQL语句 ] : select * from menu where menu_type = custom and menu_content like %吃饭%
ERR: 1064:Erreur de syntaxe près de '%吃饭%' à la ligne 1
 [ SQL语句 ] : select * from menu where menu_type = custom and menu_content like %吃饭%

[ 2017-08-17T15:50:04+08:00 ] 127.0.0.1 /zuji/index.php?c=main&a=getmenu&page=1&keyword=%E5%90%83%E9%A5%AD&type=humanities
INFO: [ app_init ] --START--
INFO: Run Behavior\BuildLiteBehavior [ RunTime:0.000047s ]
INFO: [ app_init ] --END-- [ RunTime:0.000809s ]
INFO: [ app_begin ] --START--
INFO: Run Behavior\ReadHtmlCacheBehavior [ RunTime:0.000609s ]
INFO: [ app_begin ] --END-- [ RunTime:0.000750s ]
ERR: 1064:Erreur de syntaxe près de '%吃饭%' à la ligne 1
 [ SQL语句 ] : select * from menu where menu_type = custom and menu_content like %吃饭%
ERR: 1064:Erreur de syntaxe près de '%吃饭%' à la ligne 1
 [ SQL语句 ] : select * from menu where menu_type = custom and menu_content like %吃饭%

[ 2017-08-17T15:50:24+08:00 ] 127.0.0.1 /zuji/index.php?c=main&a=getmenu&page=1&keyword=%E5%90%83%E9%A5%AD&type=humanities
INFO: [ app_init ] --START--
INFO: Run Behavior\BuildLiteBehavior [ RunTime:0.000027s ]
INFO: [ app_init ] --END-- [ RunTime:0.000469s ]
INFO: [ app_begin ] --START--
INFO: Run Behavior\ReadHtmlCacheBehavior [ RunTime:0.000548s ]
INFO: [ app_begin ] --END-- [ RunTime:0.000702s ]
ERR: 1064:Erreur de syntaxe près de '%吃饭%' à la ligne 1
 [ SQL语句 ] : select * from menu where menu_type = custom and menu_content like %吃饭%
ERR: 1064:Erreur de syntaxe près de '%吃饭%' à la ligne 1
 [ SQL语句 ] : select * from menu where menu_type = custom and menu_content like %吃饭%

[ 2017-08-17T15:50:25+08:00 ] 127.0.0.1 /zuji/index.php?c=main&a=getmenu&page=1&keyword=%E5%90%83%E9%A5%AD&type=humanities
INFO: [ app_init ] --START--
INFO: Run Behavior\BuildLiteBehavior [ RunTime:0.000029s ]
INFO: [ app_init ] --END-- [ RunTime:0.000503s ]
INFO: [ app_begin ] --START--
INFO: Run Behavior\ReadHtmlCacheBehavior [ RunTime:0.000558s ]
INFO: [ app_begin ] --END-- [ RunTime:0.000682s ]
ERR: 1064:Erreur de syntaxe près de '%吃饭%' à la ligne 1
 [ SQL语句 ] : select * from menu where menu_type = custom and menu_content like %吃饭%
ERR: 1064:Erreur de syntaxe près de '%吃饭%' à la ligne 1
 [ SQL语句 ] : select * from menu where menu_type = custom and menu_content like %吃饭%

[ 2017-08-17T15:52:49+08:00 ] 127.0.0.1 /zuji/index.php?c=main&a=getmenu&page=1&keyword=%E5%90%83%E9%A5%AD&type=humanities
INFO: [ app_init ] --START--
INFO: Run Behavior\BuildLiteBehavior [ RunTime:0.000060s ]
INFO: [ app_init ] --END-- [ RunTime:0.001380s ]
INFO: [ app_begin ] --START--
INFO: Run Behavior\ReadHtmlCacheBehavior [ RunTime:0.000743s ]
INFO: [ app_begin ] --END-- [ RunTime:0.000919s ]
ERR: 1054:Champ 'custom' inconnu dans where clause
 [ SQL语句 ] : select * from menu where menu_type = custom and menu_content like '%吃饭%'
ERR: 1054:Champ 'custom' inconnu dans where clause
 [ SQL语句 ] : select * from menu where menu_type = custom and menu_content like '%吃饭%'

[ 2017-08-17T15:53:19+08:00 ] 127.0.0.1 /zuji/index.php?c=main&a=getmenu&page=1&keyword=%E5%90%83%E9%A5%AD&type=humanities
INFO: [ app_init ] --START--
INFO: Run Behavior\BuildLiteBehavior [ RunTime:0.000045s ]
INFO: [ app_init ] --END-- [ RunTime:0.000552s ]
INFO: [ app_begin ] --START--
INFO: Run Behavior\ReadHtmlCacheBehavior [ RunTime:0.001387s ]
INFO: [ app_begin ] --END-- [ RunTime:0.001612s ]
SQL: select * from menu where menu_type = 'custom' and menu_content like '%吃饭%' [ RunTime:0.0004s ]
SQL: select * from menu where menu_type = 'history' and menu_content like '%吃饭%' [ RunTime:0.0002s ]
SQL: select * from menu where menu_type = 'dress' and menu_content like '%吃饭%' [ RunTime:0.0002s ]
SQL: select * from menu where menu_type = 'artwork' and menu_content like '%吃饭%' [ RunTime:0.0002s ]
INFO: [ app_end ] --START--
INFO: Run Behavior\ShowPageTraceBehavior [ RunTime:0.051504s ]
INFO: [ app_end ] --END-- [ RunTime:0.051642s ]

[ 2017-08-17T15:53:37+08:00 ] 127.0.0.1 /zuji/index.php?c=main&a=getmenu&page=1&keyword=%E5%90%83%E9%A5%AD&type=humanities
INFO: [ app_init ] --START--
INFO: Run Behavior\BuildLiteBehavior [ RunTime:0.000027s ]
INFO: [ app_init ] --END-- [ RunTime:0.000499s ]
INFO: [ app_begin ] --START--
INFO: Run Behavior\ReadHtmlCacheBehavior [ RunTime:0.000636s ]
INFO: [ app_begin ] --END-- [ RunTime:0.000797s ]
SQL: select * from menu where menu_type = 'custom' and menu_content like '%吃饭%' [ RunTime:0.0003s ]
SQL: select * from menu where menu_type = 'history' and menu_content like '%吃饭%' [ RunTime:0.0002s ]
SQL: select * from menu where menu_type = 'dress' and menu_content like '%吃饭%' [ RunTime:0.0002s ]
SQL: select * from menu where menu_type = 'artwork' and menu_content like '%吃饭%' [ RunTime:0.0002s ]
INFO: [ app_end ] --START--
INFO: Run Behavior\ShowPageTraceBehavior [ RunTime:0.000605s ]
INFO: [ app_end ] --END-- [ RunTime:0.000707s ]

[ 2017-08-17T15:54:49+08:00 ] 127.0.0.1 /zuji/index.php?c=main&a=getmenu&page=1&keyword=%E5%90%83%E9%A5%AD&type=humanities
INFO: [ app_init ] --START--
INFO: Run Behavior\BuildLiteBehavior [ RunTime:0.000064s ]
INFO: [ app_init ] --END-- [ RunTime:0.001550s ]
INFO: [ app_begin ] --START--
INFO: Run Behavior\ReadHtmlCacheBehavior [ RunTime:0.000507s ]
INFO: [ app_begin ] --END-- [ RunTime:0.000632s ]
SQL: select * from menu where menu_type = 'custom' and menu_content like '%吃饭%' [ RunTime:0.0003s ]
SQL: select * from menu where menu_type = 'history' and menu_content like '%吃饭%' [ RunTime:0.0002s ]
SQL: select * from menu where menu_type = 'dress' and menu_content like '%吃饭%' [ RunTime:0.0002s ]
SQL: select * from menu where menu_type = 'artwork' and menu_content like '%吃饭%' [ RunTime:0.0002s ]
INFO: [ app_end ] --START--
INFO: Run Behavior\ShowPageTraceBehavior [ RunTime:0.000605s ]
INFO: [ app_end ] --END-- [ RunTime:0.000708s ]

[ 2017-08-17T16:00:05+08:00 ] 127.0.0.1 /zuji/index.php?c=main&a=getmenu&page=1&keyword=%E5%90%83%E9%A5%AD&type=diet
INFO: [ app_init ] --START--
INFO: Run Behavior\BuildLiteBehavior [ RunTime:0.000028s ]
INFO: [ app_init ] --END-- [ RunTime:0.000522s ]
INFO: [ app_begin ] --START--
INFO: Run Behavior\ReadHtmlCacheBehavior [ RunTime:0.000613s ]
INFO: [ app_begin ] --END-- [ RunTime:0.000772s ]
ERR: 1054:Champ 'memu_type' inconnu dans where clause
 [ SQL语句 ] : select * from menu where memu_type = 'diet' and menu_content like '{%keyword}'
ERR: 1054:Champ 'memu_type' inconnu dans where clause
 [ SQL语句 ] : select * from menu where memu_type = 'diet' and menu_content like '{%keyword}'

[ 2017-08-17T16:00:26+08:00 ] 127.0.0.1 /zuji/index.php?c=main&a=getmenu&page=1&keyword=%E5%90%83%E9%A5%AD&type=diet
INFO: [ app_init ] --START--
INFO: Run Behavior\BuildLiteBehavior [ RunTime:0.000028s ]
INFO: [ app_init ] --END-- [ RunTime:0.000601s ]
INFO: [ app_begin ] --START--
INFO: Run Behavior\ReadHtmlCacheBehavior [ RunTime:0.000483s ]
INFO: [ app_begin ] --END-- [ RunTime:0.000597s ]
ERR: 1054:Champ 'memu_type' inconnu dans where clause
 [ SQL语句 ] : select * from menu where memu_type = 'diet' and menu_content like '%吃饭%'
ERR: 1054:Champ 'memu_type' inconnu dans where clause
 [ SQL语句 ] : select * from menu where memu_type = 'diet' and menu_content like '%吃饭%'

[ 2017-08-17T16:00:27+08:00 ] 127.0.0.1 /zuji/index.php?c=main&a=getmenu&page=1&keyword=%E5%90%83%E9%A5%AD&type=diet
INFO: [ app_init ] --START--
INFO: Run Behavior\BuildLiteBehavior [ RunTime:0.000027s ]
INFO: [ app_init ] --END-- [ RunTime:0.000489s ]
INFO: [ app_begin ] --START--
INFO: Run Behavior\ReadHtmlCacheBehavior [ RunTime:0.000523s ]
INFO: [ app_begin ] --END-- [ RunTime:0.000679s ]
ERR: 1054:Champ 'memu_type' inconnu dans where clause
 [ SQL语句 ] : select * from menu where memu_type = 'diet' and menu_content like '%吃饭%'
ERR: 1054:Champ 'memu_type' inconnu dans where clause
 [ SQL语句 ] : select * from menu where memu_type = 'diet' and menu_content like '%吃饭%'

[ 2017-08-17T16:01:01+08:00 ] 127.0.0.1 /zuji/index.php?c=main&a=getmenu&page=1&keyword=%E5%90%83%E9%A5%AD&type=diet
INFO: [ app_init ] --START--
INFO: Run Behavior\BuildLiteBehavior [ RunTime:0.000046s ]
INFO: [ app_init ] --END-- [ RunTime:0.000873s ]
INFO: [ app_begin ] --START--
INFO: Run Behavior\ReadHtmlCacheBehavior [ RunTime:0.000825s ]
INFO: [ app_begin ] --END-- [ RunTime:0.001047s ]
SQL: select * from menu where menu_type = 'diet' and menu_content like '%吃饭%' [ RunTime:0.0003s ]
INFO: [ app_end ] --START--
INFO: Run Behavior\ShowPageTraceBehavior [ RunTime:0.000666s ]
INFO: [ app_end ] --END-- [ RunTime:0.000773s ]

[ 2017-08-17T16:01:03+08:00 ] 127.0.0.1 /zuji/index.php?c=main&a=getmenu&page=1&keyword=%E5%90%83%E9%A5%AD&type=diet
INFO: [ app_init ] --START--
INFO: Run Behavior\BuildLiteBehavior [ RunTime:0.000027s ]
INFO: [ app_init ] --END-- [ RunTime:0.000504s ]
INFO: [ app_begin ] --START--
INFO: Run Behavior\ReadHtmlCacheBehavior [ RunTime:0.000699s ]
INFO: [ app_begin ] --END-- [ RunTime:0.000896s ]
SQL: select * from menu where menu_type = 'diet' and menu_content like '%吃饭%' [ RunTime:0.0003s ]
INFO: [ app_end ] --START--
INFO: Run Behavior\ShowPageTraceBehavior [ RunTime:0.000567s ]
INFO: [ app_end ] --END-- [ RunTime:0.000668s ]

[ 2017-08-17T16:01:09+08:00 ] 127.0.0.1 /zuji/index.php?c=main&a=getmenu&page=1&keyword=%E5%90%83%E9%A5%AD&type=diet
INFO: [ app_init ] --START--
INFO: Run Behavior\BuildLiteBehavior [ RunTime:0.000028s ]
INFO: [ app_init ] --END-- [ RunTime:0.000507s ]
INFO: [ app_begin ] --START--
INFO: Run Behavior\ReadHtmlCacheBehavior [ RunTime:0.000544s ]
INFO: [ app_begin ] --END-- [ RunTime:0.000663s ]
SQL: select * from menu where menu_type = 'diet' and menu_content like '%吃饭%' [ RunTime:0.0003s ]
INFO: [ app_end ] --START--
INFO: Run Behavior\ShowPageTraceBehavior [ RunTime:0.000589s ]
INFO: [ app_end ] --END-- [ RunTime:0.000693s ]

[ 2017-08-17T16:01:47+08:00 ] 127.0.0.1 /zuji/index.php?c=main&a=getmenu&page=1&keyword=%E5%90%83%E9%A5%AD&type=diet
INFO: [ app_init ] --START--
INFO: Run Behavior\BuildLiteBehavior [ RunTime:0.000027s ]
INFO: [ app_init ] --END-- [ RunTime:0.000486s ]
INFO: [ app_begin ] --START--
INFO: Run Behavior\ReadHtmlCacheBehavior [ RunTime:0.000702s ]
INFO: [ app_begin ] --END-- [ RunTime:0.000867s ]

[ 2017-08-17T16:01:49+08:00 ] 127.0.0.1 /zuji/index.php?c=main&a=getmenu&page=1&keyword=%E5%90%83%E9%A5%AD&type=diet
INFO: [ app_init ] --START--
INFO: Run Behavior\BuildLiteBehavior [ RunTime:0.000027s ]
INFO: [ app_init ] --END-- [ RunTime:0.000481s ]
INFO: [ app_begin ] --START--
INFO: Run Behavior\ReadHtmlCacheBehavior [ RunTime:0.000480s ]
INFO: [ app_begin ] --END-- [ RunTime:0.000597s ]

[ 2017-08-17T16:01:57+08:00 ] 127.0.0.1 /zuji/index.php?c=main&a=getmenu&page=1&keyword=%E5%90%83%E9%A5%AD&type=diet
INFO: [ app_init ] --START--
INFO: Run Behavior\BuildLiteBehavior [ RunTime:0.000040s ]
INFO: [ app_init ] --END-- [ RunTime:0.000525s ]
INFO: [ app_begin ] --START--
INFO: Run Behavior\ReadHtmlCacheBehavior [ RunTime:0.000643s ]
INFO: [ app_begin ] --END-- [ RunTime:0.000788s ]
SQL: select * from menu where menu_type = 'diet' and menu_content like '%吃饭%' [ RunTime:0.0003s ]
INFO: [ app_end ] --START--
INFO: Run Behavior\ShowPageTraceBehavior [ RunTime:0.000719s ]
INFO: [ app_end ] --END-- [ RunTime:0.000873s ]

[ 2017-08-17T16:08:12+08:00 ] 127.0.0.1 /zuji/index.php?c=main&a=getmenu&page=1&keyword=%E5%90%83%E9%A5%AD&type=diet
INFO: [ app_init ] --START--
INFO: Run Behavior\BuildLiteBehavior [ RunTime:0.000043s ]
INFO: [ app_init ] --END-- [ RunTime:0.000780s ]
INFO: [ app_begin ] --START--
INFO: Run Behavior\ReadHtmlCacheBehavior [ RunTime:0.000644s ]
INFO: [ app_begin ] --END-- [ RunTime:0.000770s ]
SQL: select * from menu where menu_type = 'diet' and menu_content like '%吃饭%' [ RunTime:0.0003s ]
NOTIC: [8] Undefined variable: menu E:\Demo\zuji\Application\Home\Controller\MainController.class.php 第 35 行.

[ 2017-08-17T16:09:31+08:00 ] 127.0.0.1 /zuji/index.php?c=main&a=getmenu&page=1&keyword=%E5%90%83%E9%A5%AD&type=diet
INFO: [ app_init ] --START--
INFO: Run Behavior\BuildLiteBehavior [ RunTime:0.000025s ]
INFO: [ app_init ] --END-- [ RunTime:0.000743s ]
INFO: [ app_begin ] --START--
INFO: Run Behavior\ReadHtmlCacheBehavior [ RunTime:0.000701s ]
INFO: [ app_begin ] --END-- [ RunTime:0.000818s ]
SQL: select * from menu where menu_type = 'diet' and menu_content like '%吃饭%' [ RunTime:0.0003s ]

[ 2017-08-17T16:09:33+08:00 ] 127.0.0.1 /zuji/index.php?c=main&a=getmenu&page=1&keyword=%E5%90%83%E9%A5%AD&type=diet
INFO: [ app_init ] --START--
INFO: Run Behavior\BuildLiteBehavior [ RunTime:0.000041s ]
INFO: [ app_init ] --END-- [ RunTime:0.000718s ]
INFO: [ app_begin ] --START--
INFO: Run Behavior\ReadHtmlCacheBehavior [ RunTime:0.000715s ]
INFO: [ app_begin ] --END-- [ RunTime:0.000895s ]
SQL: select * from menu where menu_type = 'diet' and menu_content like '%吃饭%' [ RunTime:0.0003s ]

[ 2017-08-17T16:09:34+08:00 ] 127.0.0.1 /zuji/index.php?c=main&a=getmenu&page=1&keyword=%E5%90%83%E9%A5%AD&type=diet
INFO: [ app_init ] --START--
INFO: Run Behavior\BuildLiteBehavior [ RunTime:0.000038s ]
INFO: [ app_init ] --END-- [ RunTime:0.000673s ]
INFO: [ app_begin ] --START--
INFO: Run Behavior\ReadHtmlCacheBehavior [ RunTime:0.001045s ]
INFO: [ app_begin ] --END-- [ RunTime:0.001252s ]
SQL: select * from menu where menu_type = 'diet' and menu_content like '%吃饭%' [ RunTime:0.0003s ]

[ 2017-08-17T16:09:38+08:00 ] 127.0.0.1 /zuji/index.php?c=main&a=getmenu&page=1&keyword=%E5%90%83%E9%A5%AD&type=diet
INFO: [ app_init ] --START--
INFO: Run Behavior\BuildLiteBehavior [ RunTime:0.000024s ]
INFO: [ app_init ] --END-- [ RunTime:0.000458s ]
INFO: [ app_begin ] --START--
INFO: Run Behavior\ReadHtmlCacheBehavior [ RunTime:0.000629s ]
INFO: [ app_begin ] --END-- [ RunTime:0.000785s ]
SQL: select * from menu where menu_type = 'diet' and menu_content like '%吃饭%' [ RunTime:0.0004s ]

[ 2017-08-17T16:09:49+08:00 ] 127.0.0.1 /zuji/index.php?c=main&a=getmenu&page=1&keyword=%E5%90%83%E9%A5%AD&type=diet
INFO: [ app_init ] --START--
INFO: Run Behavior\BuildLiteBehavior [ RunTime:0.000026s ]
INFO: [ app_init ] --END-- [ RunTime:0.000541s ]
INFO: [ app_begin ] --START--
INFO: Run Behavior\ReadHtmlCacheBehavior [ RunTime:0.000685s ]
INFO: [ app_begin ] --END-- [ RunTime:0.000833s ]
SQL: select * from menu where menu_type = 'diet' and menu_content like '%吃饭%' [ RunTime:0.0003s ]

[ 2017-08-17T16:10:05+08:00 ] 127.0.0.1 /zuji/index.php?c=main&a=getmenu&page=1&keyword=%E5%90%83%E9%A5%AD&type=diet
INFO: [ app_init ] --START--
INFO: Run Behavior\BuildLiteBehavior [ RunTime:0.000039s ]
INFO: [ app_init ] --END-- [ RunTime:0.000695s ]
INFO: [ app_begin ] --START--
INFO: Run Behavior\ReadHtmlCacheBehavior [ RunTime:0.000711s ]
INFO: [ app_begin ] --END-- [ RunTime:0.000906s ]
SQL: select * from menu where menu_type = 'diet' and menu_content like '%吃饭%' [ RunTime:0.0004s ]

[ 2017-08-17T16:12:07+08:00 ] 127.0.0.1 /zuji/index.php?c=main&a=getmenu&page=1&keyword=%E5%90%83%E9%A5%AD&type=diet
INFO: [ app_init ] --START--
INFO: Run Behavior\BuildLiteBehavior [ RunTime:0.000025s ]
INFO: [ app_init ] --END-- [ RunTime:0.000525s ]
INFO: [ app_begin ] --START--
INFO: Run Behavior\ReadHtmlCacheBehavior [ RunTime:0.000693s ]
INFO: [ app_begin ] --END-- [ RunTime:0.000857s ]
SQL: select * from menu where menu_type = 'diet' and menu_content like '%吃饭%' [ RunTime:0.0004s ]

[ 2017-08-17T16:12:41+08:00 ] 127.0.0.1 /zuji/index.php?c=main&a=getmenu&page=1&keyword=%E5%90%83%E9%A5%AD&type=diet
INFO: [ app_init ] --START--
INFO: Run Behavior\BuildLiteBehavior [ RunTime:0.000026s ]
INFO: [ app_init ] --END-- [ RunTime:0.000501s ]
INFO: [ app_begin ] --START--
INFO: Run Behavior\ReadHtmlCacheBehavior [ RunTime:0.000891s ]
INFO: [ app_begin ] --END-- [ RunTime:0.001089s ]
SQL: select * from menu where menu_type = 'diet' and menu_content like '%吃饭%' [ RunTime:0.0003s ]

[ 2017-08-17T16:12:52+08:00 ] 127.0.0.1 /zuji/index.php?c=main&a=getmenu&page=1&keyword=%E5%90%83%E9%A5%AD&type=humanities
INFO: [ app_init ] --START--
INFO: Run Behavior\BuildLiteBehavior [ RunTime:0.000029s ]
INFO: [ app_init ] --END-- [ RunTime:0.000551s ]
INFO: [ app_begin ] --START--
INFO: Run Behavior\ReadHtmlCacheBehavior [ RunTime:0.000606s ]
INFO: [ app_begin ] --END-- [ RunTime:0.000811s ]
SQL: select * from menu where menu_type = 'custom' and menu_content like '%吃饭%' [ RunTime:0.0004s ]
SQL: select * from menu where menu_type = 'history' and menu_content like '%吃饭%' [ RunTime:0.0004s ]
SQL: select * from menu where menu_type = 'dress' and menu_content like '%吃饭%' [ RunTime:0.0003s ]
SQL: select * from menu where menu_type = 'artwork' and menu_content like '%吃饭%' [ RunTime:0.0004s ]

[ 2017-08-17T16:13:53+08:00 ] 127.0.0.1 /zuji/index.php?c=main&a=getmenu&page=1&keyword=%E5%90%83%E9%A5%AD&type=humanities
INFO: [ app_init ] --START--
INFO: Run Behavior\BuildLiteBehavior [ RunTime:0.000036s ]
INFO: [ app_init ] --END-- [ RunTime:0.000502s ]
INFO: [ app_begin ] --START--
INFO: Run Behavior\ReadHtmlCacheBehavior [ RunTime:0.000528s ]
INFO: [ app_begin ] --END-- [ RunTime:0.000676s ]
SQL: select * from menu where menu_type = 'custom' and menu_content like '%吃饭%' order by menu_id asc [ RunTime:0.0004s ]
SQL: select * from menu where menu_type = 'history' and menu_content like '%吃饭%' order by menu_id asc [ RunTime:0.0003s ]
SQL: select * from menu where menu_type = 'dress' and menu_content like '%吃饭%' order by menu_id asc [ RunTime:0.0002s ]
SQL: select * from menu where menu_type = 'artwork' and menu_content like '%吃饭%' order by menu_id asc [ RunTime:0.0002s ]

[ 2017-08-17T16:13:54+08:00 ] 127.0.0.1 /zuji/index.php?c=main&a=getmenu&page=1&keyword=%E5%90%83%E9%A5%AD&type=humanities
INFO: [ app_init ] --START--
INFO: Run Behavior\BuildLiteBehavior [ RunTime:0.000037s ]
INFO: [ app_init ] --END-- [ RunTime:0.000702s ]
INFO: [ app_begin ] --START--
INFO: Run Behavior\ReadHtmlCacheBehavior [ RunTime:0.000827s ]
INFO: [ app_begin ] --END-- [ RunTime:0.001016s ]
SQL: select * from menu where menu_type = 'custom' and menu_content like '%吃饭%' order by menu_id asc [ RunTime:0.0005s ]
SQL: select * from menu where menu_type = 'history' and menu_content like '%吃饭%' order by menu_id asc [ RunTime:0.0004s ]
SQL: select * from menu where menu_type = 'dress' and menu_content like '%吃饭%' order by menu_id asc [ RunTime:0.0003s ]
SQL: select * from menu where menu_type = 'artwork' and menu_content like '%吃饭%' order by menu_id asc [ RunTime:0.0003s ]

[ 2017-08-17T16:13:56+08:00 ] 127.0.0.1 /zuji/index.php?c=main&a=getmenu&page=1&keyword=%E5%90%83%E9%A5%AD&type=humanities
INFO: [ app_init ] --START--
INFO: Run Behavior\BuildLiteBehavior [ RunTime:0.000035s ]
INFO: [ app_init ] --END-- [ RunTime:0.000536s ]
INFO: [ app_begin ] --START--
INFO: Run Behavior\ReadHtmlCacheBehavior [ RunTime:0.000482s ]
INFO: [ app_begin ] --END-- [ RunTime:0.000594s ]
SQL: select * from menu where menu_type = 'custom' and menu_content like '%吃饭%' order by menu_id asc [ RunTime:0.0004s ]
SQL: select * from menu where menu_type = 'history' and menu_content like '%吃饭%' order by menu_id asc [ RunTime:0.0002s ]
SQL: select * from menu where menu_type = 'dress' and menu_content like '%吃饭%' order by menu_id asc [ RunTime:0.0003s ]
SQL: select * from menu where menu_type = 'artwork' and menu_content like '%吃饭%' order by menu_id asc [ RunTime:0.0003s ]

[ 2017-08-17T16:14:09+08:00 ] 127.0.0.1 /zuji/index.php?c=main&a=getmenu&page=1&keyword=%E5%90%83%E9%A5%AD&type=humanities
INFO: [ app_init ] --START--
INFO: Run Behavior\BuildLiteBehavior [ RunTime:0.000039s ]
INFO: [ app_init ] --END-- [ RunTime:0.000625s ]
INFO: [ app_begin ] --START--
INFO: Run Behavior\ReadHtmlCacheBehavior [ RunTime:0.000722s ]
INFO: [ app_begin ] --END-- [ RunTime:0.000874s ]
SQL: select * from menu where menu_type = 'custom' and menu_content like '%吃饭%' order by menu_id asc [ RunTime:0.0004s ]
SQL: select * from menu where menu_type = 'history' and menu_content like '%吃饭%' order by menu_id asc [ RunTime:0.0003s ]
SQL: select * from menu where menu_type = 'dress' and menu_content like '%吃饭%' order by menu_id asc [ RunTime:0.0002s ]
SQL: select * from menu where menu_type = 'artwork' and menu_content like '%吃饭%' order by menu_id asc [ RunTime:0.0002s ]

[ 2017-08-17T16:14:10+08:00 ] 127.0.0.1 /zuji/index.php?c=main&a=getmenu&page=1&keyword=%E5%90%83%E9%A5%AD&type=humanities
INFO: [ app_init ] --START--
INFO: Run Behavior\BuildLiteBehavior [ RunTime:0.000067s ]
INFO: [ app_init ] --END-- [ RunTime:0.001249s ]
INFO: [ app_begin ] --START--
INFO: Run Behavior\ReadHtmlCacheBehavior [ RunTime:0.000760s ]
INFO: [ app_begin ] --END-- [ RunTime:0.000917s ]
SQL: select * from menu where menu_type = 'custom' and menu_content like '%吃饭%' order by menu_id asc [ RunTime:0.0004s ]
SQL: select * from menu where menu_type = 'history' and menu_content like '%吃饭%' order by menu_id asc [ RunTime:0.0003s ]
SQL: select * from menu where menu_type = 'dress' and menu_content like '%吃饭%' order by menu_id asc [ RunTime:0.0003s ]
SQL: select * from menu where menu_type = 'artwork' and menu_content like '%吃饭%' order by menu_id asc [ RunTime:0.0002s ]

[ 2017-08-17T16:14:43+08:00 ] 127.0.0.1 /zuji/index.php?c=main&a=getmenu&page=1&keyword=%E5%90%83%E9%A5%AD&type=humanities
INFO: [ app_init ] --START--
INFO: Run Behavior\BuildLiteBehavior [ RunTime:0.000040s ]
INFO: [ app_init ] --END-- [ RunTime:0.000722s ]
INFO: [ app_begin ] --START--
INFO: Run Behavior\ReadHtmlCacheBehavior [ RunTime:0.000504s ]
INFO: [ app_begin ] --END-- [ RunTime:0.000618s ]
SQL: select * from menu where menu_type = 'custom' and menu_content like '%吃饭%' order by menu_id desc [ RunTime:0.0003s ]
SQL: select * from menu where menu_type = 'history' and menu_content like '%吃饭%' order by menu_id desc [ RunTime:0.0002s ]
SQL: select * from menu where menu_type = 'dress' and menu_content like '%吃饭%' order by menu_id desc [ RunTime:0.0002s ]
SQL: select * from menu where menu_type = 'artwork' and menu_content like '%吃饭%' order by menu_id desc [ RunTime:0.0002s ]

[ 2017-08-17T16:14:44+08:00 ] 127.0.0.1 /zuji/index.php?c=main&a=getmenu&page=1&keyword=%E5%90%83%E9%A5%AD&type=humanities
INFO: [ app_init ] --START--
INFO: Run Behavior\BuildLiteBehavior [ RunTime:0.000028s ]
INFO: [ app_init ] --END-- [ RunTime:0.000542s ]
INFO: [ app_begin ] --START--
INFO: Run Behavior\ReadHtmlCacheBehavior [ RunTime:0.001289s ]
INFO: [ app_begin ] --END-- [ RunTime:0.001508s ]
SQL: select * from menu where menu_type = 'custom' and menu_content like '%吃饭%' order by menu_id desc [ RunTime:0.0003s ]
SQL: select * from menu where menu_type = 'history' and menu_content like '%吃饭%' order by menu_id desc [ RunTime:0.0002s ]
SQL: select * from menu where menu_type = 'dress' and menu_content like '%吃饭%' order by menu_id desc [ RunTime:0.0002s ]
SQL: select * from menu where menu_type = 'artwork' and menu_content like '%吃饭%' order by menu_id desc [ RunTime:0.0002s ]

[ 2017-08-17T16:15:17+08:00 ] 127.0.0.1 /zuji/index.php?c=main&a=getmenu&page=1&keyword=%E5%90%83%E9%A5%AD&type=humanities
INFO: [ app_init ] --START--
INFO: Run Behavior\BuildLiteBehavior [ RunTime:0.000025s ]
INFO: [ app_init ] --END-- [ RunTime:0.000463s ]
INFO: [ app_begin ] --START--
INFO: Run Behavior\ReadHtmlCacheBehavior [ RunTime:0.000492s ]
INFO: [ app_begin ] --END-- [ RunTime:0.000603s ]
SQL: select * from menu where menu_type = 'custom' and menu_content like '%吃饭%' order by menu_id asc [ RunTime:0.0004s ]
SQL: select * from menu where menu_type = 'history' and menu_content like '%吃饭%' order by menu_id asc [ RunTime:0.0004s ]
SQL: select * from menu where menu_type = 'dress' and menu_content like '%吃饭%' order by menu_id asc [ RunTime:0.0002s ]
SQL: select * from menu where menu_type = 'artwork' and menu_content like '%吃饭%' order by menu_id asc [ RunTime:0.0002s ]

[ 2017-08-17T16:18:46+08:00 ] 127.0.0.1 /zuji/index.php?c=main&a=searchmenu&page=1&keyword=%E5%90%83%E9%A5%AD&type=humanities
INFO: [ app_init ] --START--
INFO: Run Behavior\BuildLiteBehavior [ RunTime:0.000064s ]
INFO: [ app_init ] --END-- [ RunTime:0.000885s ]
INFO: [ app_begin ] --START--
INFO: Run Behavior\ReadHtmlCacheBehavior [ RunTime:0.000721s ]
INFO: [ app_begin ] --END-- [ RunTime:0.000845s ]

[ 2017-08-17T16:18:47+08:00 ] 127.0.0.1 /zuji/index.php?c=main&a=searchmenu&page=1&keyword=%E5%90%83%E9%A5%AD&type=humanities
INFO: [ app_init ] --START--
INFO: Run Behavior\BuildLiteBehavior [ RunTime:0.000024s ]
INFO: [ app_init ] --END-- [ RunTime:0.000451s ]
INFO: [ app_begin ] --START--
INFO: Run Behavior\ReadHtmlCacheBehavior [ RunTime:0.000677s ]
INFO: [ app_begin ] --END-- [ RunTime:0.000819s ]

[ 2017-08-17T16:18:47+08:00 ] 127.0.0.1 /zuji/index.php?c=main&a=searchmenu&page=1&keyword=%E5%90%83%E9%A5%AD&type=humanities
INFO: [ app_init ] --START--
INFO: Run Behavior\BuildLiteBehavior [ RunTime:0.000039s ]
INFO: [ app_init ] --END-- [ RunTime:0.000680s ]
INFO: [ app_begin ] --START--
INFO: Run Behavior\ReadHtmlCacheBehavior [ RunTime:0.000726s ]
INFO: [ app_begin ] --END-- [ RunTime:0.000902s ]

[ 2017-08-17T16:18:48+08:00 ] 127.0.0.1 /zuji/index.php?c=main&a=searchmenu&page=1&keyword=%E5%90%83%E9%A5%AD&type=humanities
INFO: [ app_init ] --START--
INFO: Run Behavior\BuildLiteBehavior [ RunTime:0.000024s ]
INFO: [ app_init ] --END-- [ RunTime:0.000508s ]
INFO: [ app_begin ] --START--
INFO: Run Behavior\ReadHtmlCacheBehavior [ RunTime:0.000503s ]
INFO: [ app_begin ] --END-- [ RunTime:0.000623s ]

[ 2017-08-17T16:18:48+08:00 ] 127.0.0.1 /zuji/index.php?c=main&a=searchmenu&page=1&keyword=%E5%90%83%E9%A5%AD&type=humanities
INFO: [ app_init ] --START--
INFO: Run Behavior\BuildLiteBehavior [ RunTime:0.000025s ]
INFO: [ app_init ] --END-- [ RunTime:0.000474s ]
INFO: [ app_begin ] --START--
INFO: Run Behavior\ReadHtmlCacheBehavior [ RunTime:0.000548s ]
INFO: [ app_begin ] --END-- [ RunTime:0.000672s ]

[ 2017-08-17T16:18:48+08:00 ] 127.0.0.1 /zuji/index.php?c=main&a=searchmenu&page=1&keyword=%E5%90%83%E9%A5%AD&type=humanities
INFO: [ app_init ] --START--
INFO: Run Behavior\BuildLiteBehavior [ RunTime:0.000024s ]
INFO: [ app_init ] --END-- [ RunTime:0.000475s ]
INFO: [ app_begin ] --START--
INFO: Run Behavior\ReadHtmlCacheBehavior [ RunTime:0.000469s ]
INFO: [ app_begin ] --END-- [ RunTime:0.000581s ]

[ 2017-08-17T16:19:14+08:00 ] 127.0.0.1 /zuji/index.php?c=main&a=searchmenu&page=1&keyword=%E5%90%83%E9%A5%AD&type=humanities
INFO: [ app_init ] --START--
INFO: Run Behavior\BuildLiteBehavior [ RunTime:0.000025s ]
INFO: [ app_init ] --END-- [ RunTime:0.000516s ]
INFO: [ app_begin ] --START--
INFO: Run Behavior\ReadHtmlCacheBehavior [ RunTime:0.000481s ]
INFO: [ app_begin ] --END-- [ RunTime:0.000593s ]
SQL: select * from menu where menu_type = 'custom' and menu_content like '%吃饭%' order by menu_id asc [ RunTime:0.0005s ]
SQL: select * from menu where menu_type = 'history' and menu_content like '%吃饭%' order by menu_id asc [ RunTime:0.0004s ]
SQL: select * from menu where menu_type = 'dress' and menu_content like '%吃饭%' order by menu_id asc [ RunTime:0.0004s ]
SQL: select * from menu where menu_type = 'artwork' and menu_content like '%吃饭%' order by menu_id asc [ RunTime:0.0004s ]

[ 2017-08-17T16:21:25+08:00 ] 127.0.0.1 /zuji/index.php?c=main&a=searchmenu&page=2&keyword=%E5%90%83%E9%A5%AD&type=humanities
INFO: [ app_init ] --START--
INFO: Run Behavior\BuildLiteBehavior [ RunTime:0.000024s ]
INFO: [ app_init ] --END-- [ RunTime:0.000505s ]
INFO: [ app_begin ] --START--
INFO: Run Behavior\ReadHtmlCacheBehavior [ RunTime:0.000753s ]
INFO: [ app_begin ] --END-- [ RunTime:0.000903s ]
SQL: select * from menu where menu_type = 'custom' and menu_content like '%吃饭%' order by menu_id asc [ RunTime:0.0004s ]
SQL: select * from menu where menu_type = 'history' and menu_content like '%吃饭%' order by menu_id asc [ RunTime:0.0002s ]
SQL: select * from menu where menu_type = 'dress' and menu_content like '%吃饭%' order by menu_id asc [ RunTime:0.0002s ]
SQL: select * from menu where menu_type = 'artwork' and menu_content like '%吃饭%' order by menu_id asc [ RunTime:0.0003s ]

[ 2017-08-17T16:28:20+08:00 ] 127.0.0.1 /zuji/index.php?c=main&a=searchtouristarea&page=1&nationname=%E8%8B%97%E6%97%8F
INFO: [ app_init ] --START--
INFO: Run Behavior\BuildLiteBehavior [ RunTime:0.000041s ]
INFO: [ app_init ] --END-- [ RunTime:0.000718s ]
INFO: [ app_begin ] --START--
INFO: Run Behavior\ReadHtmlCacheBehavior [ RunTime:0.000829s ]
INFO: [ app_begin ] --END-- [ RunTime:0.000973s ]
ERR: 1054:Champ 'nationname' inconnu dans where clause
 [ SQL语句 ] : select touristarea.* from touristarea,nation where nation.n_id = touristarea.n_id and nationname = '苗族'
ERR: 1054:Champ 'nationname' inconnu dans where clause
 [ SQL语句 ] : select touristarea.* from touristarea,nation where nation.n_id = touristarea.n_id and nationname = '苗族'

[ 2017-08-17T16:28:58+08:00 ] 127.0.0.1 /zuji/index.php?c=main&a=searchtouristarea&page=1&nationname=%E8%8B%97%E6%97%8F
INFO: [ app_init ] --START--
INFO: Run Behavior\BuildLiteBehavior [ RunTime:0.000041s ]
INFO: [ app_init ] --END-- [ RunTime:0.000725s ]
INFO: [ app_begin ] --START--
INFO: Run Behavior\ReadHtmlCacheBehavior [ RunTime:0.000632s ]
INFO: [ app_begin ] --END-- [ RunTime:0.000776s ]
SQL: select touristarea.* from touristarea,nation where nation.n_id = touristarea.n_id and n_name = '苗族' [ RunTime:0.0005s ]

[ 2017-08-17T16:38:28+08:00 ] 127.0.0.1 /zuji/index.php?c=main&a=searcharticle&page=1&keyword=a
INFO: [ app_init ] --START--
INFO: Run Behavior\BuildLiteBehavior [ RunTime:0.000047s ]
INFO: [ app_init ] --END-- [ RunTime:0.000845s ]
INFO: [ app_begin ] --START--
INFO: Run Behavior\ReadHtmlCacheBehavior [ RunTime:0.000602s ]
INFO: [ app_begin ] --END-- [ RunTime:0.000715s ]
ERR: 非法操作:searcharticle

[ 2017-08-17T16:38:42+08:00 ] 127.0.0.1 /zuji/index.php?c=main&a=searcharticle&page=1&keyword=a
INFO: [ app_init ] --START--
INFO: Run Behavior\BuildLiteBehavior [ RunTime:0.000041s ]
INFO: [ app_init ] --END-- [ RunTime:0.000726s ]
INFO: [ app_begin ] --START--
INFO: Run Behavior\ReadHtmlCacheBehavior [ RunTime:0.000596s ]
INFO: [ app_begin ] --END-- [ RunTime:0.000778s ]
SQL: select * from article where a_content like '%a%' [ RunTime:0.0003s ]

