[ 2017-08-24T16:22:48+08:00 ] 127.0.0.1 /zuji/index.php?c=main&a=gettourmenu
INFO: [ app_init ] --START--
INFO: Run Behavior\BuildLiteBehavior [ RunTime:0.000147s ]
INFO: [ app_init ] --END-- [ RunTime:0.034113s ]
INFO: [ app_begin ] --START--
INFO: Run Behavior\ReadHtmlCacheBehavior [ RunTime:0.009477s ]
INFO: [ app_begin ] --END-- [ RunTime:0.010001s ]
NOTIC: [8] Undefined index: t_id E:\Demo\zuji\Application\Home\Controller\MainController.class.php 第 87 行.
NOTIC: [8] Undefined index: menu_type E:\Demo\zuji\Application\Home\Controller\MainController.class.php 第 88 行.
SQL: SHOW COLUMNS FROM `menu` [ RunTime:0.0166s ]
ERR: 1064:Erreur de syntaxe près de 'and menu_type= )' à la ligne 1
 [ SQL语句 ] : SELECT * FROM `menu` WHERE ( t_id= and menu_type= ) 
ERR: 1064:Erreur de syntaxe près de 'and menu_type= )' à la ligne 1
 [ SQL语句 ] : SELECT * FROM `menu` WHERE ( t_id= and menu_type= ) 

[ 2017-08-24T16:23:25+08:00 ] 127.0.0.1 /zuji/index.php?c=main&a=gettourmenu&t_id=1&menu_type=custom
INFO: [ app_init ] --START--
INFO: Run Behavior\BuildLiteBehavior [ RunTime:0.000027s ]
INFO: [ app_init ] --END-- [ RunTime:0.000545s ]
INFO: [ app_begin ] --START--
INFO: Run Behavior\ReadHtmlCacheBehavior [ RunTime:0.000516s ]
INFO: [ app_begin ] --END-- [ RunTime:0.000677s ]
SQL: SHOW COLUMNS FROM `menu` [ RunTime:0.0083s ]
ERR: 1054:Champ 'custom' inconnu dans where clause
 [ SQL语句 ] : SELECT * FROM `menu` WHERE ( t_id=1 and menu_type=custom ) 
ERR: 1054:Champ 'custom' inconnu dans where clause
 [ SQL语句 ] : SELECT * FROM `menu` WHERE ( t_id=1 and menu_type=custom ) 

[ 2017-08-24T16:23:28+08:00 ] 127.0.0.1 /zuji/index.php?c=main&a=gettourmenu&t_id=1&menu_type=custom
INFO: [ app_init ] --START--
INFO: Run Behavior\BuildLiteBehavior [ RunTime:0.000040s ]
INFO: [ app_init ] --END-- [ RunTime:0.000699s ]
INFO: [ app_begin ] --START--
INFO: Run Behavior\ReadHtmlCacheBehavior [ RunTime:0.000790s ]
INFO: [ app_begin ] --END-- [ RunTime:0.000995s ]
SQL: SHOW COLUMNS FROM `menu` [ RunTime:0.0053s ]
ERR: 1054:Champ 'custom' inconnu dans where clause
 [ SQL语句 ] : SELECT * FROM `menu` WHERE ( t_id=1 and menu_type=custom ) 
ERR: 1054:Champ 'custom' inconnu dans where clause
 [ SQL语句 ] : SELECT * FROM `menu` WHERE ( t_id=1 and menu_type=custom ) 

[ 2017-08-24T16:23:46+08:00 ] 127.0.0.1 /zuji/index.php?c=main&a=gettourmenu&t_id=1&menu_type=%27custom%27
INFO: [ app_init ] --START--
INFO: Run Behavior\BuildLiteBehavior [ RunTime:0.000030s ]
INFO: [ app_init ] --END-- [ RunTime:0.000522s ]
INFO: [ app_begin ] --START--
INFO: Run Behavior\ReadHtmlCacheBehavior [ RunTime:0.000627s ]
INFO: [ app_begin ] --END-- [ RunTime:0.000786s ]
SQL: SHOW COLUMNS FROM `menu` [ RunTime:0.0080s ]
SQL: SELECT * FROM `menu` WHERE ( t_id=1 and menu_type='custom' )  [ RunTime:0.0007s ]

